{"C:\\Users\\Hype G12\\Downloads\\SKRIPSI\\Assets\\ARSkripsi\\public\\AR\\Pages\\ar-core.js": {"path":"C:\\Users\\Hype G12\\Downloads\\SKRIPSI\\Assets\\ARSkripsi\\public\\AR\\Pages\\ar-core.js","statementMap":{"0":{"start":{"line":3,"column":10},"end":{"line":3,"column":22}},"1":{"start":{"line":5,"column":11},"end":{"line":5,"column":22}},"2":{"start":{"line":6,"column":17},"end":{"line":6,"column":22}},"3":{"start":{"line":7,"column":18},"end":{"line":7,"column":23}},"4":{"start":{"line":8,"column":19},"end":{"line":8,"column":20}},"5":{"start":{"line":9,"column":18},"end":{"line":9,"column":19}},"6":{"start":{"line":10,"column":20},"end":{"line":10,"column":24}},"7":{"start":{"line":11,"column":17},"end":{"line":11,"column":21}},"8":{"start":{"line":12,"column":17},"end":{"line":12,"column":21}},"9":{"start":{"line":13,"column":18},"end":{"line":13,"column":22}},"10":{"start":{"line":14,"column":20},"end":{"line":14,"column":24}},"11":{"start":{"line":15,"column":15},"end":{"line":15,"column":16}},"12":{"start":{"line":15,"column":29},"end":{"line":15,"column":30}},"13":{"start":{"line":15,"column":43},"end":{"line":15,"column":44}},"14":{"start":{"line":16,"column":24},"end":{"line":16,"column":26}},"15":{"start":{"line":18,"column":14},"end":{"line":18,"column":46}},"16":{"start":{"line":19,"column":19},"end":{"line":19,"column":57}},"17":{"start":{"line":20,"column":18},"end":{"line":20,"column":52}},"18":{"start":{"line":21,"column":13},"end":{"line":21,"column":45}},"19":{"start":{"line":22,"column":16},"end":{"line":22,"column":50}},"20":{"start":{"line":23,"column":22},"end":{"line":23,"column":63}},"21":{"start":{"line":24,"column":19},"end":{"line":24,"column":57}},"22":{"start":{"line":25,"column":18},"end":{"line":25,"column":55}},"23":{"start":{"line":26,"column":18},"end":{"line":26,"column":55}},"24":{"start":{"line":27,"column":18},"end":{"line":27,"column":55}},"25":{"start":{"line":28,"column":17},"end":{"line":28,"column":53}},"26":{"start":{"line":29,"column":20},"end":{"line":29,"column":59}},"27":{"start":{"line":30,"column":19},"end":{"line":30,"column":57}},"28":{"start":{"line":31,"column":18},"end":{"line":31,"column":60}},"29":{"start":{"line":32,"column":19},"end":{"line":32,"column":62}},"30":{"start":{"line":35,"column":20},"end":{"line":35,"column":29}},"31":{"start":{"line":38,"column":16},"end":{"line":38,"column":37}},"32":{"start":{"line":39,"column":15},"end":{"line":39,"column":42}},"33":{"start":{"line":40,"column":2},"end":{"line":40,"column":21}},"34":{"start":{"line":40,"column":14},"end":{"line":40,"column":21}},"35":{"start":{"line":41,"column":2},"end":{"line":43,"column":5}},"36":{"start":{"line":42,"column":4},"end":{"line":42,"column":62}},"37":{"start":{"line":42,"column":22},"end":{"line":42,"column":62}},"38":{"start":{"line":46,"column":0},"end":{"line":48,"column":3}},"39":{"start":{"line":47,"column":2},"end":{"line":47,"column":63}},"40":{"start":{"line":47,"column":44},"end":{"line":47,"column":61}},"41":{"start":{"line":50,"column":0},"end":{"line":52,"column":3}},"42":{"start":{"line":51,"column":2},"end":{"line":51,"column":24}},"43":{"start":{"line":53,"column":0},"end":{"line":53,"column":75}},"44":{"start":{"line":55,"column":16},"end":{"line":55,"column":54}},"45":{"start":{"line":56,"column":19},"end":{"line":56,"column":59}},"46":{"start":{"line":57,"column":19},"end":{"line":57,"column":61}},"47":{"start":{"line":59,"column":2},"end":{"line":59,"column":33}},"48":{"start":{"line":60,"column":2},"end":{"line":60,"column":35}},"49":{"start":{"line":62,"column":2},"end":{"line":67,"column":4}},"50":{"start":{"line":63,"column":4},"end":{"line":63,"column":34}},"51":{"start":{"line":64,"column":4},"end":{"line":66,"column":5}},"52":{"start":{"line":65,"column":6},"end":{"line":65,"column":28}},"53":{"start":{"line":71,"column":4},"end":{"line":74,"column":3}},"54":{"start":{"line":72,"column":4},"end":{"line":72,"column":117}},"55":{"start":{"line":73,"column":4},"end":{"line":73,"column":11}},"56":{"start":{"line":77,"column":16},"end":{"line":77,"column":54}},"57":{"start":{"line":78,"column":19},"end":{"line":78,"column":59}},"58":{"start":{"line":79,"column":19},"end":{"line":79,"column":61}},"59":{"start":{"line":81,"column":2},"end":{"line":81,"column":33}},"60":{"start":{"line":82,"column":2},"end":{"line":82,"column":35}},"61":{"start":{"line":84,"column":2},"end":{"line":89,"column":4}},"62":{"start":{"line":85,"column":4},"end":{"line":85,"column":34}},"63":{"start":{"line":86,"column":4},"end":{"line":88,"column":5}},"64":{"start":{"line":87,"column":6},"end":{"line":87,"column":28}},"65":{"start":{"line":91,"column":13},"end":{"line":93,"column":23}},"66":{"start":{"line":93,"column":17},"end":{"line":93,"column":22}},"67":{"start":{"line":95,"column":4},"end":{"line":98,"column":4}},"68":{"start":{"line":96,"column":4},"end":{"line":96,"column":93}},"69":{"start":{"line":97,"column":4},"end":{"line":97,"column":11}},"70":{"start":{"line":100,"column":15},"end":{"line":104,"column":3}},"71":{"start":{"line":107,"column":2},"end":{"line":128,"column":3}},"72":{"start":{"line":110,"column":20},"end":{"line":110,"column":75}},"73":{"start":{"line":111,"column":28},"end":{"line":111,"column":57}},"74":{"start":{"line":113,"column":4},"end":{"line":118,"column":5}},"75":{"start":{"line":114,"column":6},"end":{"line":114,"column":144}},"76":{"start":{"line":115,"column":6},"end":{"line":115,"column":20}},"77":{"start":{"line":116,"column":6},"end":{"line":116,"column":28}},"78":{"start":{"line":117,"column":6},"end":{"line":117,"column":13}},"79":{"start":{"line":119,"column":4},"end":{"line":119,"column":28}},"80":{"start":{"line":120,"column":4},"end":{"line":120,"column":50}},"81":{"start":{"line":121,"column":4},"end":{"line":121,"column":37}},"82":{"start":{"line":122,"column":4},"end":{"line":122,"column":48}},"83":{"start":{"line":123,"column":4},"end":{"line":123,"column":27}},"84":{"start":{"line":125,"column":4},"end":{"line":125,"column":142}},"85":{"start":{"line":126,"column":4},"end":{"line":126,"column":26}},"86":{"start":{"line":127,"column":4},"end":{"line":127,"column":11}},"87":{"start":{"line":133,"column":2},"end":{"line":133,"column":13}},"88":{"start":{"line":134,"column":2},"end":{"line":134,"column":23}},"89":{"start":{"line":135,"column":2},"end":{"line":135,"column":23}},"90":{"start":{"line":135,"column":16},"end":{"line":135,"column":23}},"91":{"start":{"line":137,"column":2},"end":{"line":144,"column":5}},"92":{"start":{"line":138,"column":4},"end":{"line":143,"column":67}},"93":{"start":{"line":141,"column":8},"end":{"line":141,"column":28}},"94":{"start":{"line":143,"column":20},"end":{"line":143,"column":65}},"95":{"start":{"line":146,"column":2},"end":{"line":158,"column":7}},"96":{"start":{"line":149,"column":6},"end":{"line":149,"column":23}},"97":{"start":{"line":152,"column":6},"end":{"line":157,"column":63}},"98":{"start":{"line":155,"column":10},"end":{"line":155,"column":27}},"99":{"start":{"line":157,"column":22},"end":{"line":157,"column":61}},"100":{"start":{"line":160,"column":2},"end":{"line":195,"column":4}},"101":{"start":{"line":163,"column":6},"end":{"line":192,"column":9}},"102":{"start":{"line":164,"column":8},"end":{"line":164,"column":77}},"103":{"start":{"line":164,"column":70},"end":{"line":164,"column":77}},"104":{"start":{"line":166,"column":8},"end":{"line":189,"column":9}},"105":{"start":{"line":167,"column":23},"end":{"line":167,"column":61}},"106":{"start":{"line":168,"column":10},"end":{"line":188,"column":11}},"107":{"start":{"line":169,"column":25},"end":{"line":169,"column":52}},"108":{"start":{"line":170,"column":12},"end":{"line":183,"column":13}},"109":{"start":{"line":171,"column":27},"end":{"line":171,"column":75}},"110":{"start":{"line":172,"column":26},"end":{"line":172,"column":41}},"111":{"start":{"line":173,"column":27},"end":{"line":173,"column":45}},"112":{"start":{"line":174,"column":26},"end":{"line":174,"column":41}},"113":{"start":{"line":175,"column":14},"end":{"line":175,"column":45}},"114":{"start":{"line":176,"column":14},"end":{"line":176,"column":39}},"115":{"start":{"line":177,"column":14},"end":{"line":177,"column":41}},"116":{"start":{"line":178,"column":14},"end":{"line":178,"column":52}},"117":{"start":{"line":179,"column":14},"end":{"line":179,"column":55}},"118":{"start":{"line":180,"column":14},"end":{"line":180,"column":48}},"119":{"start":{"line":181,"column":14},"end":{"line":182,"column":73}},"120":{"start":{"line":185,"column":12},"end":{"line":185,"column":47}},"121":{"start":{"line":186,"column":12},"end":{"line":187,"column":72}},"122":{"start":{"line":187,"column":14},"end":{"line":187,"column":72}},"123":{"start":{"line":191,"column":8},"end":{"line":191,"column":49}},"124":{"start":{"line":191,"column":31},"end":{"line":191,"column":49}},"125":{"start":{"line":199,"column":2},"end":{"line":199,"column":31}},"126":{"start":{"line":200,"column":2},"end":{"line":200,"column":34}},"127":{"start":{"line":201,"column":2},"end":{"line":201,"column":20}},"128":{"start":{"line":205,"column":2},"end":{"line":205,"column":21}},"129":{"start":{"line":206,"column":2},"end":{"line":206,"column":22}},"130":{"start":{"line":207,"column":2},"end":{"line":207,"column":23}},"131":{"start":{"line":208,"column":2},"end":{"line":208,"column":20}},"132":{"start":{"line":209,"column":2},"end":{"line":209,"column":20}},"133":{"start":{"line":210,"column":2},"end":{"line":210,"column":21}},"134":{"start":{"line":211,"column":2},"end":{"line":211,"column":23}},"135":{"start":{"line":212,"column":2},"end":{"line":212,"column":30}},"136":{"start":{"line":213,"column":2},"end":{"line":213,"column":40}},"137":{"start":{"line":214,"column":2},"end":{"line":214,"column":37}},"138":{"start":{"line":215,"column":2},"end":{"line":215,"column":46}},"139":{"start":{"line":216,"column":2},"end":{"line":216,"column":37}},"140":{"start":{"line":217,"column":2},"end":{"line":217,"column":43}},"141":{"start":{"line":218,"column":2},"end":{"line":218,"column":23}},"142":{"start":{"line":219,"column":2},"end":{"line":219,"column":19}},"143":{"start":{"line":220,"column":2},"end":{"line":220,"column":24}},"144":{"start":{"line":221,"column":2},"end":{"line":221,"column":31}},"145":{"start":{"line":222,"column":2},"end":{"line":222,"column":18}},"146":{"start":{"line":223,"column":2},"end":{"line":223,"column":22}},"147":{"start":{"line":224,"column":2},"end":{"line":224,"column":32}},"148":{"start":{"line":227,"column":0},"end":{"line":229,"column":3}},"149":{"start":{"line":228,"column":2},"end":{"line":228,"column":33}},"150":{"start":{"line":228,"column":18},"end":{"line":228,"column":33}},"151":{"start":{"line":233,"column":2},"end":{"line":233,"column":14}},"152":{"start":{"line":234,"column":2},"end":{"line":252,"column":3}},"153":{"start":{"line":235,"column":4},"end":{"line":235,"column":49}},"154":{"start":{"line":236,"column":4},"end":{"line":236,"column":36}},"155":{"start":{"line":237,"column":4},"end":{"line":237,"column":42}},"156":{"start":{"line":238,"column":4},"end":{"line":238,"column":45}},"157":{"start":{"line":239,"column":4},"end":{"line":239,"column":38}},"158":{"start":{"line":240,"column":4},"end":{"line":240,"column":63}},"159":{"start":{"line":240,"column":21},"end":{"line":240,"column":55}},"160":{"start":{"line":242,"column":4},"end":{"line":242,"column":56}},"161":{"start":{"line":243,"column":4},"end":{"line":243,"column":36}},"162":{"start":{"line":244,"column":4},"end":{"line":244,"column":39}},"163":{"start":{"line":245,"column":4},"end":{"line":245,"column":42}},"164":{"start":{"line":246,"column":4},"end":{"line":246,"column":39}},"165":{"start":{"line":247,"column":4},"end":{"line":249,"column":68}},"166":{"start":{"line":250,"column":4},"end":{"line":250,"column":80}},"167":{"start":{"line":251,"column":4},"end":{"line":251,"column":63}},"168":{"start":{"line":251,"column":21},"end":{"line":251,"column":55}},"169":{"start":{"line":256,"column":0},"end":{"line":263,"column":3}},"170":{"start":{"line":257,"column":2},"end":{"line":257,"column":22}},"171":{"start":{"line":258,"column":2},"end":{"line":262,"column":3}},"172":{"start":{"line":258,"column":21},"end":{"line":258,"column":41}},"173":{"start":{"line":260,"column":4},"end":{"line":260,"column":19}},"174":{"start":{"line":261,"column":4},"end":{"line":261,"column":19}},"175":{"start":{"line":266,"column":0},"end":{"line":278,"column":3}},"176":{"start":{"line":267,"column":2},"end":{"line":267,"column":22}},"177":{"start":{"line":268,"column":2},"end":{"line":268,"column":47}},"178":{"start":{"line":269,"column":2},"end":{"line":269,"column":51}},"179":{"start":{"line":270,"column":2},"end":{"line":277,"column":3}},"180":{"start":{"line":271,"column":4},"end":{"line":274,"column":6}},"181":{"start":{"line":275,"column":4},"end":{"line":275,"column":79}},"182":{"start":{"line":276,"column":4},"end":{"line":276,"column":62}},"183":{"start":{"line":281,"column":0},"end":{"line":287,"column":3}},"184":{"start":{"line":282,"column":2},"end":{"line":282,"column":22}},"185":{"start":{"line":283,"column":2},"end":{"line":283,"column":42}},"186":{"start":{"line":284,"column":2},"end":{"line":284,"column":45}},"187":{"start":{"line":285,"column":2},"end":{"line":286,"column":62}},"188":{"start":{"line":286,"column":4},"end":{"line":286,"column":62}},"189":{"start":{"line":289,"column":0},"end":{"line":295,"column":3}},"190":{"start":{"line":290,"column":2},"end":{"line":290,"column":22}},"191":{"start":{"line":291,"column":2},"end":{"line":291,"column":18}},"192":{"start":{"line":292,"column":2},"end":{"line":292,"column":22}},"193":{"start":{"line":293,"column":2},"end":{"line":293,"column":32}},"194":{"start":{"line":294,"column":2},"end":{"line":294,"column":64}},"195":{"start":{"line":294,"column":19},"end":{"line":294,"column":64}},"196":{"start":{"line":299,"column":2},"end":{"line":299,"column":32}},"197":{"start":{"line":300,"column":2},"end":{"line":300,"column":30}},"198":{"start":{"line":301,"column":2},"end":{"line":301,"column":35}},"199":{"start":{"line":302,"column":2},"end":{"line":302,"column":61}},"200":{"start":{"line":302,"column":19},"end":{"line":302,"column":54}},"201":{"start":{"line":303,"column":2},"end":{"line":303,"column":24}},"202":{"start":{"line":308,"column":2},"end":{"line":308,"column":42}},"203":{"start":{"line":308,"column":30},"end":{"line":308,"column":42}},"204":{"start":{"line":309,"column":14},"end":{"line":311,"column":50}},"205":{"start":{"line":312,"column":2},"end":{"line":312,"column":24}},"206":{"start":{"line":312,"column":12},"end":{"line":312,"column":24}},"207":{"start":{"line":313,"column":14},"end":{"line":313,"column":31}},"208":{"start":{"line":314,"column":2},"end":{"line":314,"column":47}},"209":{"start":{"line":315,"column":15},"end":{"line":315,"column":74}},"210":{"start":{"line":316,"column":2},"end":{"line":319,"column":3}},"211":{"start":{"line":317,"column":17},"end":{"line":317,"column":44}},"212":{"start":{"line":318,"column":4},"end":{"line":318,"column":26}},"213":{"start":{"line":318,"column":14},"end":{"line":318,"column":26}},"214":{"start":{"line":320,"column":2},"end":{"line":320,"column":14}},"215":{"start":{"line":324,"column":19},"end":{"line":324,"column":23}},"216":{"start":{"line":325,"column":20},"end":{"line":325,"column":24}},"217":{"start":{"line":328,"column":15},"end":{"line":328,"column":33}},"218":{"start":{"line":329,"column":2},"end":{"line":341,"column":3}},"219":{"start":{"line":330,"column":4},"end":{"line":334,"column":5}},"220":{"start":{"line":331,"column":6},"end":{"line":331,"column":33}},"221":{"start":{"line":332,"column":6},"end":{"line":332,"column":26}},"222":{"start":{"line":333,"column":6},"end":{"line":333,"column":38}},"223":{"start":{"line":336,"column":4},"end":{"line":340,"column":5}},"224":{"start":{"line":337,"column":6},"end":{"line":337,"column":27}},"225":{"start":{"line":338,"column":6},"end":{"line":338,"column":26}},"226":{"start":{"line":339,"column":6},"end":{"line":339,"column":41}},"227":{"start":{"line":345,"column":0},"end":{"line":349,"column":3}},"228":{"start":{"line":346,"column":2},"end":{"line":348,"column":4}},"229":{"start":{"line":347,"column":4},"end":{"line":347,"column":75}},"230":{"start":{"line":347,"column":35},"end":{"line":347,"column":54}},"231":{"start":{"line":351,"column":0},"end":{"line":351,"column":71}},"232":{"start":{"line":354,"column":2},"end":{"line":354,"column":26}},"233":{"start":{"line":354,"column":19},"end":{"line":354,"column":26}},"234":{"start":{"line":355,"column":16},"end":{"line":355,"column":37}},"235":{"start":{"line":356,"column":17},"end":{"line":356,"column":72}},"236":{"start":{"line":357,"column":2},"end":{"line":357,"column":46}},"237":{"start":{"line":357,"column":39},"end":{"line":357,"column":46}},"238":{"start":{"line":358,"column":2},"end":{"line":358,"column":23}},"239":{"start":{"line":360,"column":2},"end":{"line":375,"column":3}},"240":{"start":{"line":361,"column":4},"end":{"line":361,"column":17}},"241":{"start":{"line":363,"column":4},"end":{"line":374,"column":5}},"242":{"start":{"line":364,"column":6},"end":{"line":364,"column":54}},"243":{"start":{"line":365,"column":6},"end":{"line":365,"column":41}},"244":{"start":{"line":366,"column":6},"end":{"line":368,"column":14}},"245":{"start":{"line":367,"column":8},"end":{"line":367,"column":58}},"246":{"start":{"line":367,"column":26},"end":{"line":367,"column":58}},"247":{"start":{"line":370,"column":17},"end":{"line":370,"column":60}},"248":{"start":{"line":371,"column":17},"end":{"line":371,"column":62}},"249":{"start":{"line":372,"column":19},"end":{"line":372,"column":39}},"250":{"start":{"line":373,"column":6},"end":{"line":373,"column":48}},"251":{"start":{"line":373,"column":16},"end":{"line":373,"column":48}},"252":{"start":{"line":380,"column":2},"end":{"line":380,"column":19}},"253":{"start":{"line":382,"column":2},"end":{"line":393,"column":5}},"254":{"start":{"line":383,"column":4},"end":{"line":392,"column":5}},"255":{"start":{"line":384,"column":6},"end":{"line":384,"column":71}},"256":{"start":{"line":385,"column":6},"end":{"line":385,"column":80}},"257":{"start":{"line":387,"column":6},"end":{"line":387,"column":53}},"258":{"start":{"line":388,"column":6},"end":{"line":388,"column":44}},"259":{"start":{"line":389,"column":6},"end":{"line":389,"column":39}},"260":{"start":{"line":391,"column":6},"end":{"line":391,"column":35}},"261":{"start":{"line":397,"column":2},"end":{"line":403,"column":5}},"262":{"start":{"line":398,"column":4},"end":{"line":402,"column":5}},"263":{"start":{"line":399,"column":6},"end":{"line":399,"column":62}},"264":{"start":{"line":400,"column":6},"end":{"line":400,"column":85}},"265":{"start":{"line":401,"column":6},"end":{"line":401,"column":39}},"266":{"start":{"line":404,"column":2},"end":{"line":404,"column":25}},"267":{"start":{"line":411,"column":2},"end":{"line":426,"column":3}},"268":{"start":{"line":412,"column":4},"end":{"line":412,"column":22}},"269":{"start":{"line":413,"column":4},"end":{"line":413,"column":22}},"270":{"start":{"line":414,"column":4},"end":{"line":414,"column":22}},"271":{"start":{"line":416,"column":19},"end":{"line":416,"column":63}},"272":{"start":{"line":417,"column":15},"end":{"line":417,"column":30}},"273":{"start":{"line":418,"column":15},"end":{"line":418,"column":33}},"274":{"start":{"line":419,"column":4},"end":{"line":419,"column":32}},"275":{"start":{"line":420,"column":4},"end":{"line":420,"column":34}},"276":{"start":{"line":421,"column":16},"end":{"line":421,"column":61}},"277":{"start":{"line":422,"column":14},"end":{"line":422,"column":33}},"278":{"start":{"line":423,"column":4},"end":{"line":423,"column":13}},"279":{"start":{"line":424,"column":4},"end":{"line":424,"column":19}},"280":{"start":{"line":425,"column":4},"end":{"line":425,"column":13}},"281":{"start":{"line":429,"column":2},"end":{"line":429,"column":16}},"282":{"start":{"line":430,"column":2},"end":{"line":430,"column":16}},"283":{"start":{"line":431,"column":2},"end":{"line":431,"column":16}},"284":{"start":{"line":433,"column":2},"end":{"line":433,"column":45}},"285":{"start":{"line":434,"column":2},"end":{"line":434,"column":59}},"286":{"start":{"line":435,"column":2},"end":{"line":435,"column":60}},"287":{"start":{"line":436,"column":2},"end":{"line":439,"column":4}},"288":{"start":{"line":440,"column":2},"end":{"line":440,"column":21}},"289":{"start":{"line":442,"column":2},"end":{"line":442,"column":37}},"290":{"start":{"line":443,"column":2},"end":{"line":443,"column":43}},"291":{"start":{"line":443,"column":19},"end":{"line":443,"column":36}},"292":{"start":{"line":446,"column":0},"end":{"line":449,"column":1}},"293":{"start":{"line":447,"column":4},"end":{"line":447,"column":29}},"294":{"start":{"line":448,"column":4},"end":{"line":448,"column":31}}},"fnMap":{"0":{"name":"registerOrgan","decl":{"start":{"line":37,"column":9},"end":{"line":37,"column":22}},"loc":{"start":{"line":37,"column":32},"end":{"line":44,"column":1}},"line":37},"1":{"name":"(anonymous_1)","decl":{"start":{"line":41,"column":28},"end":{"line":41,"column":29}},"loc":{"start":{"line":41,"column":39},"end":{"line":43,"column":3}},"line":41},"2":{"name":"(anonymous_2)","decl":{"start":{"line":46,"column":44},"end":{"line":46,"column":45}},"loc":{"start":{"line":46,"column":52},"end":{"line":48,"column":1}},"line":46},"3":{"name":"(anonymous_3)","decl":{"start":{"line":47,"column":38},"end":{"line":47,"column":39}},"loc":{"start":{"line":47,"column":44},"end":{"line":47,"column":61}},"line":47},"4":{"name":"(anonymous_4)","decl":{"start":{"line":50,"column":67},"end":{"line":50,"column":68}},"loc":{"start":{"line":50,"column":73},"end":{"line":52,"column":1}},"line":50},"5":{"name":"showModal","decl":{"start":{"line":54,"column":9},"end":{"line":54,"column":18}},"loc":{"start":{"line":54,"column":50},"end":{"line":68,"column":1}},"line":54},"6":{"name":"(anonymous_6)","decl":{"start":{"line":62,"column":21},"end":{"line":62,"column":22}},"loc":{"start":{"line":62,"column":27},"end":{"line":67,"column":3}},"line":62},"7":{"name":"startAR","decl":{"start":{"line":70,"column":15},"end":{"line":70,"column":22}},"loc":{"start":{"line":70,"column":25},"end":{"line":129,"column":1}},"line":70},"8":{"name":"showModal","decl":{"start":{"line":76,"column":11},"end":{"line":76,"column":20}},"loc":{"start":{"line":76,"column":52},"end":{"line":90,"column":1}},"line":76},"9":{"name":"(anonymous_9)","decl":{"start":{"line":84,"column":21},"end":{"line":84,"column":22}},"loc":{"start":{"line":84,"column":27},"end":{"line":89,"column":3}},"line":84},"10":{"name":"(anonymous_10)","decl":{"start":{"line":93,"column":11},"end":{"line":93,"column":12}},"loc":{"start":{"line":93,"column":17},"end":{"line":93,"column":22}},"line":93},"11":{"name":"initARSession","decl":{"start":{"line":132,"column":9},"end":{"line":132,"column":22}},"loc":{"start":{"line":132,"column":32},"end":{"line":196,"column":1}},"line":132},"12":{"name":"(anonymous_12)","decl":{"start":{"line":137,"column":47},"end":{"line":137,"column":48}},"loc":{"start":{"line":137,"column":64},"end":{"line":144,"column":3}},"line":137},"13":{"name":"(anonymous_13)","decl":{"start":{"line":140,"column":12},"end":{"line":140,"column":13}},"loc":{"start":{"line":140,"column":21},"end":{"line":142,"column":7}},"line":140},"14":{"name":"(anonymous_14)","decl":{"start":{"line":143,"column":13},"end":{"line":143,"column":14}},"loc":{"start":{"line":143,"column":20},"end":{"line":143,"column":65}},"line":143},"15":{"name":"(anonymous_15)","decl":{"start":{"line":148,"column":10},"end":{"line":148,"column":11}},"loc":{"start":{"line":148,"column":19},"end":{"line":150,"column":5}},"line":148},"16":{"name":"(anonymous_16)","decl":{"start":{"line":151,"column":11},"end":{"line":151,"column":12}},"loc":{"start":{"line":151,"column":17},"end":{"line":158,"column":5}},"line":151},"17":{"name":"(anonymous_17)","decl":{"start":{"line":154,"column":14},"end":{"line":154,"column":15}},"loc":{"start":{"line":154,"column":23},"end":{"line":156,"column":9}},"line":154},"18":{"name":"(anonymous_18)","decl":{"start":{"line":157,"column":15},"end":{"line":157,"column":16}},"loc":{"start":{"line":157,"column":22},"end":{"line":157,"column":61}},"line":157},"19":{"name":"(anonymous_19)","decl":{"start":{"line":162,"column":4},"end":{"line":162,"column":5}},"loc":{"start":{"line":162,"column":10},"end":{"line":193,"column":5}},"line":162},"20":{"name":"(anonymous_20)","decl":{"start":{"line":163,"column":38},"end":{"line":163,"column":39}},"loc":{"start":{"line":163,"column":55},"end":{"line":192,"column":7}},"line":163},"21":{"name":"showARUI","decl":{"start":{"line":198,"column":9},"end":{"line":198,"column":17}},"loc":{"start":{"line":198,"column":20},"end":{"line":202,"column":1}},"line":198},"22":{"name":"onSessionEnd","decl":{"start":{"line":204,"column":9},"end":{"line":204,"column":21}},"loc":{"start":{"line":204,"column":24},"end":{"line":225,"column":1}},"line":204},"23":{"name":"(anonymous_23)","decl":{"start":{"line":227,"column":34},"end":{"line":227,"column":35}},"loc":{"start":{"line":227,"column":40},"end":{"line":229,"column":1}},"line":227},"24":{"name":"setMode","decl":{"start":{"line":232,"column":9},"end":{"line":232,"column":16}},"loc":{"start":{"line":232,"column":23},"end":{"line":253,"column":1}},"line":232},"25":{"name":"(anonymous_25)","decl":{"start":{"line":240,"column":15},"end":{"line":240,"column":16}},"loc":{"start":{"line":240,"column":21},"end":{"line":240,"column":55}},"line":240},"26":{"name":"(anonymous_26)","decl":{"start":{"line":251,"column":15},"end":{"line":251,"column":16}},"loc":{"start":{"line":251,"column":21},"end":{"line":251,"column":55}},"line":251},"27":{"name":"(anonymous_27)","decl":{"start":{"line":256,"column":62},"end":{"line":256,"column":63}},"loc":{"start":{"line":256,"column":69},"end":{"line":263,"column":1}},"line":256},"28":{"name":"(anonymous_28)","decl":{"start":{"line":266,"column":38},"end":{"line":266,"column":39}},"loc":{"start":{"line":266,"column":45},"end":{"line":278,"column":1}},"line":266},"29":{"name":"(anonymous_29)","decl":{"start":{"line":281,"column":36},"end":{"line":281,"column":37}},"loc":{"start":{"line":281,"column":43},"end":{"line":287,"column":1}},"line":281},"30":{"name":"(anonymous_30)","decl":{"start":{"line":289,"column":67},"end":{"line":289,"column":68}},"loc":{"start":{"line":289,"column":74},"end":{"line":295,"column":1}},"line":289},"31":{"name":"showInfo","decl":{"start":{"line":298,"column":9},"end":{"line":298,"column":17}},"loc":{"start":{"line":298,"column":31},"end":{"line":304,"column":1}},"line":298},"32":{"name":"(anonymous_32)","decl":{"start":{"line":302,"column":13},"end":{"line":302,"column":14}},"loc":{"start":{"line":302,"column":19},"end":{"line":302,"column":54}},"line":302},"33":{"name":"raycastOrgan","decl":{"start":{"line":307,"column":9},"end":{"line":307,"column":21}},"loc":{"start":{"line":307,"column":34},"end":{"line":321,"column":1}},"line":307},"34":{"name":"doCursorRaycast","decl":{"start":{"line":327,"column":9},"end":{"line":327,"column":24}},"loc":{"start":{"line":327,"column":27},"end":{"line":342,"column":1}},"line":327},"35":{"name":"(anonymous_35)","decl":{"start":{"line":345,"column":47},"end":{"line":345,"column":48}},"loc":{"start":{"line":345,"column":55},"end":{"line":349,"column":1}},"line":345},"36":{"name":"(anonymous_36)","decl":{"start":{"line":346,"column":65},"end":{"line":346,"column":66}},"loc":{"start":{"line":347,"column":4},"end":{"line":347,"column":75}},"line":347},"37":{"name":"(anonymous_37)","decl":{"start":{"line":347,"column":28},"end":{"line":347,"column":29}},"loc":{"start":{"line":347,"column":35},"end":{"line":347,"column":54}},"line":347},"38":{"name":"handleTouch","decl":{"start":{"line":353,"column":9},"end":{"line":353,"column":20}},"loc":{"start":{"line":353,"column":26},"end":{"line":376,"column":1}},"line":353},"39":{"name":"(anonymous_39)","decl":{"start":{"line":366,"column":17},"end":{"line":366,"column":18}},"loc":{"start":{"line":366,"column":23},"end":{"line":368,"column":7}},"line":366},"40":{"name":"highlightOrgan","decl":{"start":{"line":379,"column":9},"end":{"line":379,"column":23}},"loc":{"start":{"line":379,"column":36},"end":{"line":394,"column":1}},"line":379},"41":{"name":"(anonymous_41)","decl":{"start":{"line":382,"column":22},"end":{"line":382,"column":23}},"loc":{"start":{"line":382,"column":38},"end":{"line":393,"column":3}},"line":382},"42":{"name":"clearHighlight","decl":{"start":{"line":396,"column":9},"end":{"line":396,"column":23}},"loc":{"start":{"line":396,"column":26},"end":{"line":405,"column":1}},"line":396},"43":{"name":"(anonymous_43)","decl":{"start":{"line":397,"column":28},"end":{"line":397,"column":29}},"loc":{"start":{"line":397,"column":38},"end":{"line":403,"column":3}},"line":397},"44":{"name":"placeModel","decl":{"start":{"line":408,"column":9},"end":{"line":408,"column":19}},"loc":{"start":{"line":408,"column":22},"end":{"line":444,"column":1}},"line":408},"45":{"name":"(anonymous_45)","decl":{"start":{"line":443,"column":13},"end":{"line":443,"column":14}},"loc":{"start":{"line":443,"column":19},"end":{"line":443,"column":36}},"line":443}},"branchMap":{"0":{"loc":{"start":{"line":40,"column":2},"end":{"line":40,"column":21}},"type":"if","locations":[{"start":{"line":40,"column":2},"end":{"line":40,"column":21}},{"start":{},"end":{}}],"line":40},"1":{"loc":{"start":{"line":42,"column":4},"end":{"line":42,"column":62}},"type":"if","locations":[{"start":{"line":42,"column":4},"end":{"line":42,"column":62}},{"start":{},"end":{}}],"line":42},"2":{"loc":{"start":{"line":54,"column":28},"end":{"line":54,"column":48}},"type":"default-arg","locations":[{"start":{"line":54,"column":43},"end":{"line":54,"column":48}}],"line":54},"3":{"loc":{"start":{"line":64,"column":4},"end":{"line":66,"column":5}},"type":"if","locations":[{"start":{"line":64,"column":4},"end":{"line":66,"column":5}},{"start":{},"end":{}}],"line":64},"4":{"loc":{"start":{"line":71,"column":4},"end":{"line":74,"column":3}},"type":"if","locations":[{"start":{"line":71,"column":4},"end":{"line":74,"column":3}},{"start":{},"end":{}}],"line":71},"5":{"loc":{"start":{"line":76,"column":30},"end":{"line":76,"column":50}},"type":"default-arg","locations":[{"start":{"line":76,"column":45},"end":{"line":76,"column":50}}],"line":76},"6":{"loc":{"start":{"line":86,"column":4},"end":{"line":88,"column":5}},"type":"if","locations":[{"start":{"line":86,"column":4},"end":{"line":88,"column":5}},{"start":{},"end":{}}],"line":86},"7":{"loc":{"start":{"line":95,"column":4},"end":{"line":98,"column":4}},"type":"if","locations":[{"start":{"line":95,"column":4},"end":{"line":98,"column":4}},{"start":{},"end":{}}],"line":95},"8":{"loc":{"start":{"line":111,"column":28},"end":{"line":111,"column":57}},"type":"binary-expr","locations":[{"start":{"line":111,"column":28},"end":{"line":111,"column":51}},{"start":{"line":111,"column":55},"end":{"line":111,"column":57}}],"line":111},"9":{"loc":{"start":{"line":113,"column":4},"end":{"line":118,"column":5}},"type":"if","locations":[{"start":{"line":113,"column":4},"end":{"line":118,"column":5}},{"start":{},"end":{}}],"line":113},"10":{"loc":{"start":{"line":135,"column":2},"end":{"line":135,"column":23}},"type":"if","locations":[{"start":{"line":135,"column":2},"end":{"line":135,"column":23}},{"start":{},"end":{}}],"line":135},"11":{"loc":{"start":{"line":164,"column":8},"end":{"line":164,"column":77}},"type":"if","locations":[{"start":{"line":164,"column":8},"end":{"line":164,"column":77}},{"start":{},"end":{}}],"line":164},"12":{"loc":{"start":{"line":164,"column":12},"end":{"line":164,"column":68}},"type":"binary-expr","locations":[{"start":{"line":164,"column":12},"end":{"line":164,"column":18}},{"start":{"line":164,"column":22},"end":{"line":164,"column":33}},{"start":{"line":164,"column":37},"end":{"line":164,"column":68}}],"line":164},"13":{"loc":{"start":{"line":166,"column":8},"end":{"line":189,"column":9}},"type":"if","locations":[{"start":{"line":166,"column":8},"end":{"line":189,"column":9}},{"start":{},"end":{}}],"line":166},"14":{"loc":{"start":{"line":166,"column":12},"end":{"line":166,"column":63}},"type":"binary-expr","locations":[{"start":{"line":166,"column":12},"end":{"line":166,"column":32}},{"start":{"line":166,"column":36},"end":{"line":166,"column":49}},{"start":{"line":166,"column":53},"end":{"line":166,"column":63}}],"line":166},"15":{"loc":{"start":{"line":168,"column":10},"end":{"line":188,"column":11}},"type":"if","locations":[{"start":{"line":168,"column":10},"end":{"line":188,"column":11}},{"start":{"line":184,"column":17},"end":{"line":188,"column":11}}],"line":168},"16":{"loc":{"start":{"line":170,"column":12},"end":{"line":183,"column":13}},"type":"if","locations":[{"start":{"line":170,"column":12},"end":{"line":183,"column":13}},{"start":{},"end":{}}],"line":170},"17":{"loc":{"start":{"line":186,"column":12},"end":{"line":187,"column":72}},"type":"if","locations":[{"start":{"line":186,"column":12},"end":{"line":187,"column":72}},{"start":{},"end":{}}],"line":186},"18":{"loc":{"start":{"line":191,"column":8},"end":{"line":191,"column":49}},"type":"if","locations":[{"start":{"line":191,"column":8},"end":{"line":191,"column":49}},{"start":{},"end":{}}],"line":191},"19":{"loc":{"start":{"line":228,"column":2},"end":{"line":228,"column":33}},"type":"if","locations":[{"start":{"line":228,"column":2},"end":{"line":228,"column":33}},{"start":{},"end":{}}],"line":228},"20":{"loc":{"start":{"line":234,"column":2},"end":{"line":252,"column":3}},"type":"if","locations":[{"start":{"line":234,"column":2},"end":{"line":252,"column":3}},{"start":{"line":241,"column":9},"end":{"line":252,"column":3}}],"line":234},"21":{"loc":{"start":{"line":249,"column":7},"end":{"line":249,"column":66}},"type":"cond-expr","locations":[{"start":{"line":249,"column":47},"end":{"line":249,"column":61}},{"start":{"line":249,"column":64},"end":{"line":249,"column":66}}],"line":249},"22":{"loc":{"start":{"line":258,"column":2},"end":{"line":262,"column":3}},"type":"if","locations":[{"start":{"line":258,"column":2},"end":{"line":262,"column":3}},{"start":{"line":259,"column":7},"end":{"line":262,"column":3}}],"line":258},"23":{"loc":{"start":{"line":270,"column":2},"end":{"line":277,"column":3}},"type":"if","locations":[{"start":{"line":270,"column":2},"end":{"line":277,"column":3}},{"start":{},"end":{}}],"line":270},"24":{"loc":{"start":{"line":285,"column":2},"end":{"line":286,"column":62}},"type":"if","locations":[{"start":{"line":285,"column":2},"end":{"line":286,"column":62}},{"start":{},"end":{}}],"line":285},"25":{"loc":{"start":{"line":294,"column":2},"end":{"line":294,"column":64}},"type":"if","locations":[{"start":{"line":294,"column":2},"end":{"line":294,"column":64}},{"start":{},"end":{}}],"line":294},"26":{"loc":{"start":{"line":308,"column":2},"end":{"line":308,"column":42}},"type":"if","locations":[{"start":{"line":308,"column":2},"end":{"line":308,"column":42}},{"start":{},"end":{}}],"line":308},"27":{"loc":{"start":{"line":309,"column":14},"end":{"line":311,"column":50}},"type":"cond-expr","locations":[{"start":{"line":310,"column":6},"end":{"line":310,"column":35}},{"start":{"line":311,"column":6},"end":{"line":311,"column":50}}],"line":309},"28":{"loc":{"start":{"line":312,"column":2},"end":{"line":312,"column":24}},"type":"if","locations":[{"start":{"line":312,"column":2},"end":{"line":312,"column":24}},{"start":{},"end":{}}],"line":312},"29":{"loc":{"start":{"line":318,"column":4},"end":{"line":318,"column":26}},"type":"if","locations":[{"start":{"line":318,"column":4},"end":{"line":318,"column":26}},{"start":{},"end":{}}],"line":318},"30":{"loc":{"start":{"line":329,"column":2},"end":{"line":341,"column":3}},"type":"if","locations":[{"start":{"line":329,"column":2},"end":{"line":341,"column":3}},{"start":{"line":335,"column":9},"end":{"line":341,"column":3}}],"line":329},"31":{"loc":{"start":{"line":330,"column":4},"end":{"line":334,"column":5}},"type":"if","locations":[{"start":{"line":330,"column":4},"end":{"line":334,"column":5}},{"start":{},"end":{}}],"line":330},"32":{"loc":{"start":{"line":336,"column":4},"end":{"line":340,"column":5}},"type":"if","locations":[{"start":{"line":336,"column":4},"end":{"line":340,"column":5}},{"start":{},"end":{}}],"line":336},"33":{"loc":{"start":{"line":354,"column":2},"end":{"line":354,"column":26}},"type":"if","locations":[{"start":{"line":354,"column":2},"end":{"line":354,"column":26}},{"start":{},"end":{}}],"line":354},"34":{"loc":{"start":{"line":357,"column":2},"end":{"line":357,"column":46}},"type":"if","locations":[{"start":{"line":357,"column":2},"end":{"line":357,"column":46}},{"start":{},"end":{}}],"line":357},"35":{"loc":{"start":{"line":357,"column":6},"end":{"line":357,"column":37}},"type":"binary-expr","locations":[{"start":{"line":357,"column":6},"end":{"line":357,"column":12}},{"start":{"line":357,"column":16},"end":{"line":357,"column":37}}],"line":357},"36":{"loc":{"start":{"line":360,"column":2},"end":{"line":375,"column":3}},"type":"if","locations":[{"start":{"line":360,"column":2},"end":{"line":375,"column":3}},{"start":{"line":362,"column":9},"end":{"line":375,"column":3}}],"line":360},"37":{"loc":{"start":{"line":363,"column":4},"end":{"line":374,"column":5}},"type":"if","locations":[{"start":{"line":363,"column":4},"end":{"line":374,"column":5}},{"start":{"line":369,"column":11},"end":{"line":374,"column":5}}],"line":363},"38":{"loc":{"start":{"line":367,"column":8},"end":{"line":367,"column":58}},"type":"if","locations":[{"start":{"line":367,"column":8},"end":{"line":367,"column":58}},{"start":{},"end":{}}],"line":367},"39":{"loc":{"start":{"line":373,"column":6},"end":{"line":373,"column":48}},"type":"if","locations":[{"start":{"line":373,"column":6},"end":{"line":373,"column":48}},{"start":{},"end":{}}],"line":373},"40":{"loc":{"start":{"line":383,"column":4},"end":{"line":392,"column":5}},"type":"if","locations":[{"start":{"line":383,"column":4},"end":{"line":392,"column":5}},{"start":{},"end":{}}],"line":383},"41":{"loc":{"start":{"line":398,"column":4},"end":{"line":402,"column":5}},"type":"if","locations":[{"start":{"line":398,"column":4},"end":{"line":402,"column":5}},{"start":{},"end":{}}],"line":398},"42":{"loc":{"start":{"line":400,"column":40},"end":{"line":400,"column":84}},"type":"binary-expr","locations":[{"start":{"line":400,"column":40},"end":{"line":400,"column":79}},{"start":{"line":400,"column":83},"end":{"line":400,"column":84}}],"line":400},"43":{"loc":{"start":{"line":411,"column":2},"end":{"line":426,"column":3}},"type":"if","locations":[{"start":{"line":411,"column":2},"end":{"line":426,"column":3}},{"start":{"line":415,"column":9},"end":{"line":426,"column":3}}],"line":411},"44":{"loc":{"start":{"line":446,"column":0},"end":{"line":449,"column":1}},"type":"if","locations":[{"start":{"line":446,"column":0},"end":{"line":449,"column":1}},{"start":{},"end":{}}],"line":446}},"s":{"0":1,"1":1,"2":1,"3":1,"4":1,"5":1,"6":1,"7":1,"8":1,"9":1,"10":1,"11":1,"12":1,"13":1,"14":1,"15":1,"16":1,"17":1,"18":1,"19":1,"20":1,"21":1,"22":1,"23":1,"24":1,"25":1,"26":1,"27":1,"28":1,"29":1,"30":1,"31":0,"32":0,"33":0,"34":0,"35":0,"36":0,"37":0,"38":1,"39":1,"40":0,"41":1,"42":0,"43":1,"44":0,"45":0,"46":0,"47":0,"48":0,"49":0,"50":0,"51":0,"52":0,"53":0,"54":0,"55":0,"56":0,"57":0,"58":0,"59":0,"60":0,"61":0,"62":0,"63":0,"64":0,"65":0,"66":0,"67":0,"68":0,"69":0,"70":0,"71":0,"72":0,"73":0,"74":0,"75":0,"76":0,"77":0,"78":0,"79":0,"80":0,"81":0,"82":0,"83":0,"84":0,"85":0,"86":0,"87":0,"88":0,"89":0,"90":0,"91":0,"92":0,"93":0,"94":0,"95":0,"96":0,"97":0,"98":0,"99":0,"100":0,"101":0,"102":0,"103":0,"104":0,"105":0,"106":0,"107":0,"108":0,"109":0,"110":0,"111":0,"112":0,"113":0,"114":0,"115":0,"116":0,"117":0,"118":0,"119":0,"120":0,"121":0,"122":0,"123":0,"124":0,"125":0,"126":0,"127":0,"128":0,"129":0,"130":0,"131":0,"132":0,"133":0,"134":0,"135":0,"136":0,"137":0,"138":0,"139":0,"140":0,"141":0,"142":0,"143":0,"144":0,"145":0,"146":0,"147":0,"148":1,"149":0,"150":0,"151":2,"152":2,"153":1,"154":1,"155":1,"156":1,"157":1,"158":1,"159":0,"160":1,"161":1,"162":1,"163":1,"164":1,"165":1,"166":1,"167":1,"168":0,"169":1,"170":0,"171":0,"172":0,"173":0,"174":0,"175":1,"176":1,"177":1,"178":1,"179":1,"180":0,"181":0,"182":0,"183":1,"184":0,"185":0,"186":0,"187":0,"188":0,"189":1,"190":0,"191":0,"192":0,"193":0,"194":0,"195":0,"196":1,"197":1,"198":1,"199":1,"200":0,"201":1,"202":0,"203":0,"204":0,"205":0,"206":0,"207":0,"208":0,"209":0,"210":0,"211":0,"212":0,"213":0,"214":0,"215":1,"216":1,"217":0,"218":0,"219":0,"220":0,"221":0,"222":0,"223":0,"224":0,"225":0,"226":0,"227":1,"228":6,"229":24,"230":0,"231":1,"232":0,"233":0,"234":0,"235":0,"236":0,"237":0,"238":0,"239":0,"240":0,"241":0,"242":0,"243":0,"244":0,"245":0,"246":0,"247":0,"248":0,"249":0,"250":0,"251":0,"252":1,"253":1,"254":0,"255":0,"256":0,"257":0,"258":0,"259":0,"260":0,"261":1,"262":0,"263":0,"264":0,"265":0,"266":1,"267":0,"268":0,"269":0,"270":0,"271":0,"272":0,"273":0,"274":0,"275":0,"276":0,"277":0,"278":0,"279":0,"280":0,"281":0,"282":0,"283":0,"284":0,"285":0,"286":0,"287":0,"288":0,"289":0,"290":0,"291":0,"292":1,"293":1,"294":1},"f":{"0":0,"1":0,"2":1,"3":0,"4":0,"5":0,"6":0,"7":0,"8":0,"9":0,"10":0,"11":0,"12":0,"13":0,"14":0,"15":0,"16":0,"17":0,"18":0,"19":0,"20":0,"21":0,"22":0,"23":0,"24":2,"25":0,"26":0,"27":0,"28":1,"29":0,"30":0,"31":1,"32":0,"33":0,"34":0,"35":6,"36":24,"37":0,"38":0,"39":0,"40":1,"41":0,"42":1,"43":0,"44":0,"45":0},"b":{"0":[0,0],"1":[0,0],"2":[0],"3":[0,0],"4":[0,0],"5":[0],"6":[0,0],"7":[0,0],"8":[0,0],"9":[0,0],"10":[0,0],"11":[0,0],"12":[0,0,0],"13":[0,0],"14":[0,0,0],"15":[0,0],"16":[0,0],"17":[0,0],"18":[0,0],"19":[0,0],"20":[1,1],"21":[0,1],"22":[0,0],"23":[0,1],"24":[0,0],"25":[0,0],"26":[0,0],"27":[0,0],"28":[0,0],"29":[0,0],"30":[0,0],"31":[0,0],"32":[0,0],"33":[0,0],"34":[0,0],"35":[0,0],"36":[0,0],"37":[0,0],"38":[0,0],"39":[0,0],"40":[0,0],"41":[0,0],"42":[0,0],"43":[0,0],"44":[1,0]},"_coverageSchema":"1a1c01bbd47fc00a2c39e90264f33305004495a9","hash":"909fd4b68b62b253b16af4342d3c0078d5ca288a"}
,"C:\\Users\\Hype G12\\Downloads\\SKRIPSI\\Assets\\ARSkripsi\\public\\AR\\Pages\\ar-core.module.js": {"path":"C:\\Users\\Hype G12\\Downloads\\SKRIPSI\\Assets\\ARSkripsi\\public\\AR\\Pages\\ar-core.module.js","statementMap":{"0":{"start":{"line":13,"column":18},"end":{"line":13,"column":29}},"1":{"start":{"line":14,"column":24},"end":{"line":14,"column":29}},"2":{"start":{"line":15,"column":25},"end":{"line":15,"column":30}},"3":{"start":{"line":16,"column":26},"end":{"line":16,"column":27}},"4":{"start":{"line":17,"column":25},"end":{"line":17,"column":26}},"5":{"start":{"line":18,"column":27},"end":{"line":18,"column":31}},"6":{"start":{"line":19,"column":24},"end":{"line":19,"column":28}},"7":{"start":{"line":20,"column":24},"end":{"line":20,"column":28}},"8":{"start":{"line":21,"column":25},"end":{"line":21,"column":29}},"9":{"start":{"line":22,"column":27},"end":{"line":22,"column":31}},"10":{"start":{"line":23,"column":22},"end":{"line":23,"column":23}},"11":{"start":{"line":23,"column":36},"end":{"line":23,"column":37}},"12":{"start":{"line":23,"column":50},"end":{"line":23,"column":51}},"13":{"start":{"line":24,"column":31},"end":{"line":24,"column":33}},"14":{"start":{"line":25,"column":26},"end":{"line":25,"column":30}},"15":{"start":{"line":26,"column":27},"end":{"line":26,"column":31}},"16":{"start":{"line":27,"column":27},"end":{"line":27,"column":36}},"17":{"start":{"line":31,"column":2},"end":{"line":31,"column":67}},"18":{"start":{"line":31,"column":36},"end":{"line":31,"column":67}},"19":{"start":{"line":32,"column":2},"end":{"line":32,"column":73}},"20":{"start":{"line":32,"column":36},"end":{"line":32,"column":73}},"21":{"start":{"line":33,"column":2},"end":{"line":33,"column":74}},"22":{"start":{"line":33,"column":36},"end":{"line":33,"column":74}},"23":{"start":{"line":34,"column":2},"end":{"line":34,"column":75}},"24":{"start":{"line":34,"column":36},"end":{"line":34,"column":75}},"25":{"start":{"line":35,"column":2},"end":{"line":35,"column":74}},"26":{"start":{"line":35,"column":36},"end":{"line":35,"column":74}},"27":{"start":{"line":36,"column":2},"end":{"line":36,"column":76}},"28":{"start":{"line":36,"column":36},"end":{"line":36,"column":76}},"29":{"start":{"line":37,"column":2},"end":{"line":37,"column":73}},"30":{"start":{"line":37,"column":36},"end":{"line":37,"column":73}},"31":{"start":{"line":38,"column":2},"end":{"line":38,"column":73}},"32":{"start":{"line":38,"column":36},"end":{"line":38,"column":73}},"33":{"start":{"line":39,"column":2},"end":{"line":39,"column":74}},"34":{"start":{"line":39,"column":36},"end":{"line":39,"column":74}},"35":{"start":{"line":40,"column":2},"end":{"line":40,"column":76}},"36":{"start":{"line":40,"column":36},"end":{"line":40,"column":76}},"37":{"start":{"line":41,"column":2},"end":{"line":41,"column":71}},"38":{"start":{"line":41,"column":36},"end":{"line":41,"column":71}},"39":{"start":{"line":42,"column":2},"end":{"line":42,"column":71}},"40":{"start":{"line":42,"column":36},"end":{"line":42,"column":71}},"41":{"start":{"line":43,"column":2},"end":{"line":43,"column":71}},"42":{"start":{"line":43,"column":36},"end":{"line":43,"column":71}},"43":{"start":{"line":44,"column":2},"end":{"line":44,"column":80}},"44":{"start":{"line":44,"column":36},"end":{"line":44,"column":80}},"45":{"start":{"line":45,"column":2},"end":{"line":45,"column":75}},"46":{"start":{"line":45,"column":36},"end":{"line":45,"column":75}},"47":{"start":{"line":46,"column":2},"end":{"line":46,"column":76}},"48":{"start":{"line":46,"column":36},"end":{"line":46,"column":76}},"49":{"start":{"line":50,"column":11},"end":{"line":50,"column":13}},"50":{"start":{"line":52,"column":2},"end":{"line":52,"column":14}},"51":{"start":{"line":57,"column":19},"end":{"line":57,"column":79}},"52":{"start":{"line":58,"column":19},"end":{"line":58,"column":81}},"53":{"start":{"line":59,"column":19},"end":{"line":59,"column":83}},"54":{"start":{"line":61,"column":2},"end":{"line":61,"column":33}},"55":{"start":{"line":62,"column":2},"end":{"line":62,"column":35}},"56":{"start":{"line":64,"column":2},"end":{"line":67,"column":4}},"57":{"start":{"line":65,"column":4},"end":{"line":65,"column":34}},"58":{"start":{"line":66,"column":4},"end":{"line":66,"column":44}},"59":{"start":{"line":66,"column":22},"end":{"line":66,"column":44}},"60":{"start":{"line":72,"column":17},"end":{"line":72,"column":64}},"61":{"start":{"line":73,"column":18},"end":{"line":73,"column":68}},"62":{"start":{"line":74,"column":2},"end":{"line":74,"column":31}},"63":{"start":{"line":75,"column":2},"end":{"line":75,"column":34}},"64":{"start":{"line":76,"column":2},"end":{"line":76,"column":20}},"65":{"start":{"line":80,"column":24},"end":{"line":80,"column":78}},"66":{"start":{"line":81,"column":24},"end":{"line":81,"column":80}},"67":{"start":{"line":82,"column":24},"end":{"line":82,"column":84}},"68":{"start":{"line":83,"column":24},"end":{"line":83,"column":84}},"69":{"start":{"line":84,"column":24},"end":{"line":84,"column":80}},"70":{"start":{"line":85,"column":24},"end":{"line":85,"column":87}},"71":{"start":{"line":86,"column":24},"end":{"line":86,"column":85}},"72":{"start":{"line":87,"column":24},"end":{"line":87,"column":84}},"73":{"start":{"line":88,"column":24},"end":{"line":88,"column":88}},"74":{"start":{"line":89,"column":24},"end":{"line":89,"column":89}},"75":{"start":{"line":91,"column":2},"end":{"line":91,"column":24}},"76":{"start":{"line":92,"column":2},"end":{"line":92,"column":24}},"77":{"start":{"line":93,"column":2},"end":{"line":93,"column":23}},"78":{"start":{"line":94,"column":2},"end":{"line":94,"column":23}},"79":{"start":{"line":95,"column":2},"end":{"line":95,"column":23}},"80":{"start":{"line":96,"column":2},"end":{"line":96,"column":23}},"81":{"start":{"line":97,"column":2},"end":{"line":97,"column":23}},"82":{"start":{"line":99,"column":2},"end":{"line":99,"column":30}},"83":{"start":{"line":100,"column":2},"end":{"line":100,"column":40}},"84":{"start":{"line":101,"column":2},"end":{"line":101,"column":37}},"85":{"start":{"line":102,"column":2},"end":{"line":102,"column":46}},"86":{"start":{"line":103,"column":2},"end":{"line":103,"column":37}},"87":{"start":{"line":104,"column":2},"end":{"line":104,"column":43}},"88":{"start":{"line":106,"column":2},"end":{"line":106,"column":23}},"89":{"start":{"line":108,"column":2},"end":{"line":108,"column":28}},"90":{"start":{"line":109,"column":2},"end":{"line":109,"column":28}},"91":{"start":{"line":110,"column":2},"end":{"line":110,"column":31}},"92":{"start":{"line":111,"column":2},"end":{"line":111,"column":28}},"93":{"start":{"line":112,"column":2},"end":{"line":112,"column":28}},"94":{"start":{"line":113,"column":2},"end":{"line":113,"column":32}},"95":{"start":{"line":118,"column":24},"end":{"line":118,"column":83}},"96":{"start":{"line":119,"column":24},"end":{"line":119,"column":84}},"97":{"start":{"line":120,"column":24},"end":{"line":120,"column":87}},"98":{"start":{"line":121,"column":24},"end":{"line":121,"column":80}},"99":{"start":{"line":122,"column":24},"end":{"line":122,"column":83}},"100":{"start":{"line":123,"column":24},"end":{"line":123,"column":82}},"101":{"start":{"line":125,"column":2},"end":{"line":125,"column":14}},"102":{"start":{"line":127,"column":2},"end":{"line":144,"column":3}},"103":{"start":{"line":128,"column":4},"end":{"line":128,"column":49}},"104":{"start":{"line":129,"column":4},"end":{"line":129,"column":36}},"105":{"start":{"line":130,"column":4},"end":{"line":130,"column":42}},"106":{"start":{"line":131,"column":4},"end":{"line":131,"column":45}},"107":{"start":{"line":132,"column":4},"end":{"line":132,"column":38}},"108":{"start":{"line":133,"column":4},"end":{"line":133,"column":63}},"109":{"start":{"line":133,"column":21},"end":{"line":133,"column":55}},"110":{"start":{"line":135,"column":4},"end":{"line":135,"column":56}},"111":{"start":{"line":136,"column":4},"end":{"line":136,"column":36}},"112":{"start":{"line":137,"column":4},"end":{"line":137,"column":39}},"113":{"start":{"line":138,"column":4},"end":{"line":138,"column":42}},"114":{"start":{"line":139,"column":4},"end":{"line":139,"column":39}},"115":{"start":{"line":140,"column":4},"end":{"line":141,"column":82}},"116":{"start":{"line":142,"column":4},"end":{"line":142,"column":80}},"117":{"start":{"line":143,"column":4},"end":{"line":143,"column":63}},"118":{"start":{"line":143,"column":21},"end":{"line":143,"column":55}},"119":{"start":{"line":149,"column":20},"end":{"line":149,"column":75}},"120":{"start":{"line":150,"column":20},"end":{"line":150,"column":74}},"121":{"start":{"line":151,"column":20},"end":{"line":151,"column":75}},"122":{"start":{"line":153,"column":2},"end":{"line":153,"column":32}},"123":{"start":{"line":154,"column":2},"end":{"line":154,"column":31}},"124":{"start":{"line":155,"column":2},"end":{"line":155,"column":35}},"125":{"start":{"line":156,"column":2},"end":{"line":156,"column":61}},"126":{"start":{"line":156,"column":19},"end":{"line":156,"column":54}},"127":{"start":{"line":157,"column":2},"end":{"line":157,"column":24}},"128":{"start":{"line":162,"column":2},"end":{"line":162,"column":19}},"129":{"start":{"line":163,"column":2},"end":{"line":172,"column":5}},"130":{"start":{"line":164,"column":4},"end":{"line":171,"column":5}},"131":{"start":{"line":165,"column":6},"end":{"line":165,"column":80}},"132":{"start":{"line":166,"column":6},"end":{"line":166,"column":80}},"133":{"start":{"line":167,"column":6},"end":{"line":167,"column":107}},"134":{"start":{"line":168,"column":6},"end":{"line":168,"column":52}},"135":{"start":{"line":169,"column":6},"end":{"line":169,"column":53}},"136":{"start":{"line":170,"column":6},"end":{"line":170,"column":35}},"137":{"start":{"line":176,"column":2},"end":{"line":182,"column":5}},"138":{"start":{"line":177,"column":4},"end":{"line":181,"column":5}},"139":{"start":{"line":178,"column":6},"end":{"line":178,"column":71}},"140":{"start":{"line":179,"column":6},"end":{"line":179,"column":85}},"141":{"start":{"line":180,"column":6},"end":{"line":180,"column":45}},"142":{"start":{"line":183,"column":2},"end":{"line":183,"column":25}},"143":{"start":{"line":188,"column":23},"end":{"line":188,"column":83}},"144":{"start":{"line":189,"column":23},"end":{"line":189,"column":82}},"145":{"start":{"line":190,"column":23},"end":{"line":190,"column":82}},"146":{"start":{"line":192,"column":2},"end":{"line":192,"column":22}},"147":{"start":{"line":193,"column":2},"end":{"line":193,"column":47}},"148":{"start":{"line":194,"column":2},"end":{"line":194,"column":51}},"149":{"start":{"line":196,"column":2},"end":{"line":200,"column":3}},"150":{"start":{"line":197,"column":4},"end":{"line":197,"column":91}},"151":{"start":{"line":198,"column":4},"end":{"line":198,"column":79}},"152":{"start":{"line":199,"column":4},"end":{"line":199,"column":62}},"153":{"start":{"line":205,"column":21},"end":{"line":205,"column":82}},"154":{"start":{"line":206,"column":21},"end":{"line":206,"column":83}},"155":{"start":{"line":207,"column":21},"end":{"line":207,"column":78}},"156":{"start":{"line":209,"column":2},"end":{"line":209,"column":22}},"157":{"start":{"line":210,"column":2},"end":{"line":210,"column":42}},"158":{"start":{"line":211,"column":2},"end":{"line":211,"column":45}},"159":{"start":{"line":212,"column":2},"end":{"line":212,"column":77}},"160":{"start":{"line":212,"column":19},"end":{"line":212,"column":77}},"161":{"start":{"line":216,"column":21},"end":{"line":216,"column":82}},"162":{"start":{"line":217,"column":21},"end":{"line":217,"column":83}},"163":{"start":{"line":218,"column":21},"end":{"line":218,"column":78}},"164":{"start":{"line":220,"column":2},"end":{"line":220,"column":22}},"165":{"start":{"line":221,"column":2},"end":{"line":221,"column":29}},"166":{"start":{"line":222,"column":2},"end":{"line":222,"column":29}},"167":{"start":{"line":223,"column":2},"end":{"line":223,"column":32}},"168":{"start":{"line":224,"column":2},"end":{"line":224,"column":64}},"169":{"start":{"line":224,"column":19},"end":{"line":224,"column":64}},"170":{"start":{"line":229,"column":20},"end":{"line":229,"column":70}},"171":{"start":{"line":230,"column":21},"end":{"line":230,"column":78}},"172":{"start":{"line":232,"column":2},"end":{"line":232,"column":26}},"173":{"start":{"line":232,"column":19},"end":{"line":232,"column":26}},"174":{"start":{"line":233,"column":17},"end":{"line":233,"column":38}},"175":{"start":{"line":234,"column":17},"end":{"line":234,"column":72}},"176":{"start":{"line":235,"column":2},"end":{"line":235,"column":46}},"177":{"start":{"line":235,"column":39},"end":{"line":235,"column":46}},"178":{"start":{"line":236,"column":2},"end":{"line":236,"column":23}},"179":{"start":{"line":238,"column":2},"end":{"line":253,"column":3}},"180":{"start":{"line":239,"column":4},"end":{"line":239,"column":17}},"181":{"start":{"line":241,"column":4},"end":{"line":252,"column":5}},"182":{"start":{"line":242,"column":6},"end":{"line":242,"column":54}},"183":{"start":{"line":243,"column":6},"end":{"line":243,"column":41}},"184":{"start":{"line":244,"column":6},"end":{"line":246,"column":14}},"185":{"start":{"line":245,"column":8},"end":{"line":245,"column":58}},"186":{"start":{"line":245,"column":26},"end":{"line":245,"column":58}},"187":{"start":{"line":248,"column":19},"end":{"line":248,"column":62}},"188":{"start":{"line":249,"column":19},"end":{"line":249,"column":64}},"189":{"start":{"line":250,"column":19},"end":{"line":250,"column":39}},"190":{"start":{"line":251,"column":6},"end":{"line":251,"column":48}},"191":{"start":{"line":251,"column":16},"end":{"line":251,"column":48}},"192":{"start":{"line":258,"column":21},"end":{"line":258,"column":78}},"193":{"start":{"line":259,"column":15},"end":{"line":259,"column":33}},"194":{"start":{"line":261,"column":2},"end":{"line":273,"column":3}},"195":{"start":{"line":262,"column":4},"end":{"line":266,"column":5}},"196":{"start":{"line":263,"column":6},"end":{"line":263,"column":33}},"197":{"start":{"line":264,"column":6},"end":{"line":264,"column":27}},"198":{"start":{"line":265,"column":6},"end":{"line":265,"column":38}},"199":{"start":{"line":268,"column":4},"end":{"line":272,"column":5}},"200":{"start":{"line":269,"column":6},"end":{"line":269,"column":27}},"201":{"start":{"line":270,"column":6},"end":{"line":270,"column":27}},"202":{"start":{"line":271,"column":6},"end":{"line":271,"column":41}},"203":{"start":{"line":278,"column":2},"end":{"line":278,"column":42}},"204":{"start":{"line":278,"column":30},"end":{"line":278,"column":42}},"205":{"start":{"line":279,"column":14},"end":{"line":279,"column":52}},"206":{"start":{"line":280,"column":16},"end":{"line":280,"column":62}},"207":{"start":{"line":281,"column":14},"end":{"line":283,"column":50}},"208":{"start":{"line":284,"column":2},"end":{"line":284,"column":24}},"209":{"start":{"line":284,"column":12},"end":{"line":284,"column":24}},"210":{"start":{"line":286,"column":15},"end":{"line":286,"column":32}},"211":{"start":{"line":287,"column":2},"end":{"line":287,"column":47}},"212":{"start":{"line":288,"column":15},"end":{"line":288,"column":74}},"213":{"start":{"line":289,"column":2},"end":{"line":292,"column":3}},"214":{"start":{"line":290,"column":17},"end":{"line":290,"column":44}},"215":{"start":{"line":291,"column":4},"end":{"line":291,"column":26}},"216":{"start":{"line":291,"column":14},"end":{"line":291,"column":26}},"217":{"start":{"line":293,"column":2},"end":{"line":293,"column":14}},"218":{"start":{"line":298,"column":21},"end":{"line":298,"column":59}},"219":{"start":{"line":299,"column":21},"end":{"line":299,"column":78}},"220":{"start":{"line":300,"column":21},"end":{"line":300,"column":74}},"221":{"start":{"line":304,"column":2},"end":{"line":317,"column":3}},"222":{"start":{"line":305,"column":4},"end":{"line":305,"column":22}},"223":{"start":{"line":306,"column":4},"end":{"line":306,"column":22}},"224":{"start":{"line":307,"column":4},"end":{"line":307,"column":22}},"225":{"start":{"line":309,"column":19},"end":{"line":309,"column":63}},"226":{"start":{"line":310,"column":16},"end":{"line":310,"column":31}},"227":{"start":{"line":311,"column":16},"end":{"line":311,"column":34}},"228":{"start":{"line":312,"column":4},"end":{"line":312,"column":32}},"229":{"start":{"line":313,"column":4},"end":{"line":313,"column":34}},"230":{"start":{"line":314,"column":16},"end":{"line":314,"column":61}},"231":{"start":{"line":315,"column":16},"end":{"line":315,"column":35}},"232":{"start":{"line":316,"column":4},"end":{"line":316,"column":13}},"233":{"start":{"line":316,"column":14},"end":{"line":316,"column":29}},"234":{"start":{"line":316,"column":30},"end":{"line":316,"column":39}},"235":{"start":{"line":319,"column":2},"end":{"line":319,"column":16}},"236":{"start":{"line":319,"column":17},"end":{"line":319,"column":31}},"237":{"start":{"line":319,"column":32},"end":{"line":319,"column":46}},"238":{"start":{"line":321,"column":2},"end":{"line":321,"column":46}},"239":{"start":{"line":322,"column":2},"end":{"line":322,"column":59}},"240":{"start":{"line":323,"column":2},"end":{"line":323,"column":60}},"241":{"start":{"line":324,"column":2},"end":{"line":324,"column":89}},"242":{"start":{"line":325,"column":2},"end":{"line":325,"column":21}},"243":{"start":{"line":327,"column":2},"end":{"line":327,"column":37}},"244":{"start":{"line":328,"column":2},"end":{"line":328,"column":43}},"245":{"start":{"line":328,"column":19},"end":{"line":328,"column":36}},"246":{"start":{"line":333,"column":16},"end":{"line":333,"column":37}},"247":{"start":{"line":334,"column":16},"end":{"line":334,"column":43}},"248":{"start":{"line":335,"column":2},"end":{"line":335,"column":21}},"249":{"start":{"line":335,"column":14},"end":{"line":335,"column":21}},"250":{"start":{"line":336,"column":2},"end":{"line":338,"column":5}},"251":{"start":{"line":337,"column":4},"end":{"line":337,"column":62}},"252":{"start":{"line":337,"column":22},"end":{"line":337,"column":62}}},"fnMap":{"0":{"name":"_setState","decl":{"start":{"line":30,"column":16},"end":{"line":30,"column":25}},"loc":{"start":{"line":30,"column":33},"end":{"line":47,"column":1}},"line":30},"1":{"name":"initDOM","decl":{"start":{"line":51,"column":16},"end":{"line":51,"column":23}},"loc":{"start":{"line":51,"column":30},"end":{"line":53,"column":1}},"line":51},"2":{"name":"showModal","decl":{"start":{"line":56,"column":16},"end":{"line":56,"column":25}},"loc":{"start":{"line":56,"column":57},"end":{"line":68,"column":1}},"line":56},"3":{"name":"(anonymous_3)","decl":{"start":{"line":64,"column":21},"end":{"line":64,"column":22}},"loc":{"start":{"line":64,"column":27},"end":{"line":67,"column":3}},"line":64},"4":{"name":"showARUI","decl":{"start":{"line":71,"column":16},"end":{"line":71,"column":24}},"loc":{"start":{"line":71,"column":27},"end":{"line":77,"column":1}},"line":71},"5":{"name":"onSessionEnd","decl":{"start":{"line":79,"column":16},"end":{"line":79,"column":28}},"loc":{"start":{"line":79,"column":31},"end":{"line":114,"column":1}},"line":79},"6":{"name":"setMode","decl":{"start":{"line":117,"column":16},"end":{"line":117,"column":23}},"loc":{"start":{"line":117,"column":30},"end":{"line":145,"column":1}},"line":117},"7":{"name":"(anonymous_7)","decl":{"start":{"line":133,"column":15},"end":{"line":133,"column":16}},"loc":{"start":{"line":133,"column":21},"end":{"line":133,"column":55}},"line":133},"8":{"name":"(anonymous_8)","decl":{"start":{"line":143,"column":15},"end":{"line":143,"column":16}},"loc":{"start":{"line":143,"column":21},"end":{"line":143,"column":55}},"line":143},"9":{"name":"showInfo","decl":{"start":{"line":148,"column":16},"end":{"line":148,"column":24}},"loc":{"start":{"line":148,"column":38},"end":{"line":158,"column":1}},"line":148},"10":{"name":"(anonymous_10)","decl":{"start":{"line":156,"column":13},"end":{"line":156,"column":14}},"loc":{"start":{"line":156,"column":19},"end":{"line":156,"column":54}},"line":156},"11":{"name":"highlightOrgan","decl":{"start":{"line":161,"column":16},"end":{"line":161,"column":30}},"loc":{"start":{"line":161,"column":43},"end":{"line":173,"column":1}},"line":161},"12":{"name":"(anonymous_12)","decl":{"start":{"line":163,"column":22},"end":{"line":163,"column":23}},"loc":{"start":{"line":163,"column":38},"end":{"line":172,"column":3}},"line":163},"13":{"name":"clearHighlight","decl":{"start":{"line":175,"column":16},"end":{"line":175,"column":30}},"loc":{"start":{"line":175,"column":33},"end":{"line":184,"column":1}},"line":175},"14":{"name":"(anonymous_14)","decl":{"start":{"line":176,"column":28},"end":{"line":176,"column":29}},"loc":{"start":{"line":176,"column":38},"end":{"line":182,"column":3}},"line":176},"15":{"name":"onScaleInput","decl":{"start":{"line":187,"column":16},"end":{"line":187,"column":28}},"loc":{"start":{"line":187,"column":32},"end":{"line":201,"column":1}},"line":187},"16":{"name":"onRotInput","decl":{"start":{"line":204,"column":16},"end":{"line":204,"column":26}},"loc":{"start":{"line":204,"column":30},"end":{"line":213,"column":1}},"line":204},"17":{"name":"onResetRot","decl":{"start":{"line":215,"column":16},"end":{"line":215,"column":26}},"loc":{"start":{"line":215,"column":30},"end":{"line":225,"column":1}},"line":215},"18":{"name":"handleTouch","decl":{"start":{"line":228,"column":16},"end":{"line":228,"column":27}},"loc":{"start":{"line":228,"column":33},"end":{"line":254,"column":1}},"line":228},"19":{"name":"(anonymous_19)","decl":{"start":{"line":244,"column":17},"end":{"line":244,"column":18}},"loc":{"start":{"line":244,"column":23},"end":{"line":246,"column":7}},"line":244},"20":{"name":"doCursorRaycast","decl":{"start":{"line":257,"column":16},"end":{"line":257,"column":31}},"loc":{"start":{"line":257,"column":34},"end":{"line":274,"column":1}},"line":257},"21":{"name":"raycastOrgan","decl":{"start":{"line":277,"column":16},"end":{"line":277,"column":28}},"loc":{"start":{"line":277,"column":41},"end":{"line":294,"column":1}},"line":277},"22":{"name":"placeModel","decl":{"start":{"line":297,"column":16},"end":{"line":297,"column":26}},"loc":{"start":{"line":297,"column":29},"end":{"line":329,"column":1}},"line":297},"23":{"name":"(anonymous_23)","decl":{"start":{"line":328,"column":13},"end":{"line":328,"column":14}},"loc":{"start":{"line":328,"column":19},"end":{"line":328,"column":36}},"line":328},"24":{"name":"registerOrgan","decl":{"start":{"line":332,"column":16},"end":{"line":332,"column":29}},"loc":{"start":{"line":332,"column":39},"end":{"line":339,"column":1}},"line":332},"25":{"name":"(anonymous_25)","decl":{"start":{"line":336,"column":28},"end":{"line":336,"column":29}},"loc":{"start":{"line":336,"column":39},"end":{"line":338,"column":3}},"line":336}},"branchMap":{"0":{"loc":{"start":{"line":31,"column":2},"end":{"line":31,"column":67}},"type":"if","locations":[{"start":{"line":31,"column":2},"end":{"line":31,"column":67}},{"start":{},"end":{}}],"line":31},"1":{"loc":{"start":{"line":32,"column":2},"end":{"line":32,"column":73}},"type":"if","locations":[{"start":{"line":32,"column":2},"end":{"line":32,"column":73}},{"start":{},"end":{}}],"line":32},"2":{"loc":{"start":{"line":33,"column":2},"end":{"line":33,"column":74}},"type":"if","locations":[{"start":{"line":33,"column":2},"end":{"line":33,"column":74}},{"start":{},"end":{}}],"line":33},"3":{"loc":{"start":{"line":34,"column":2},"end":{"line":34,"column":75}},"type":"if","locations":[{"start":{"line":34,"column":2},"end":{"line":34,"column":75}},{"start":{},"end":{}}],"line":34},"4":{"loc":{"start":{"line":35,"column":2},"end":{"line":35,"column":74}},"type":"if","locations":[{"start":{"line":35,"column":2},"end":{"line":35,"column":74}},{"start":{},"end":{}}],"line":35},"5":{"loc":{"start":{"line":36,"column":2},"end":{"line":36,"column":76}},"type":"if","locations":[{"start":{"line":36,"column":2},"end":{"line":36,"column":76}},{"start":{},"end":{}}],"line":36},"6":{"loc":{"start":{"line":37,"column":2},"end":{"line":37,"column":73}},"type":"if","locations":[{"start":{"line":37,"column":2},"end":{"line":37,"column":73}},{"start":{},"end":{}}],"line":37},"7":{"loc":{"start":{"line":38,"column":2},"end":{"line":38,"column":73}},"type":"if","locations":[{"start":{"line":38,"column":2},"end":{"line":38,"column":73}},{"start":{},"end":{}}],"line":38},"8":{"loc":{"start":{"line":39,"column":2},"end":{"line":39,"column":74}},"type":"if","locations":[{"start":{"line":39,"column":2},"end":{"line":39,"column":74}},{"start":{},"end":{}}],"line":39},"9":{"loc":{"start":{"line":40,"column":2},"end":{"line":40,"column":76}},"type":"if","locations":[{"start":{"line":40,"column":2},"end":{"line":40,"column":76}},{"start":{},"end":{}}],"line":40},"10":{"loc":{"start":{"line":41,"column":2},"end":{"line":41,"column":71}},"type":"if","locations":[{"start":{"line":41,"column":2},"end":{"line":41,"column":71}},{"start":{},"end":{}}],"line":41},"11":{"loc":{"start":{"line":42,"column":2},"end":{"line":42,"column":71}},"type":"if","locations":[{"start":{"line":42,"column":2},"end":{"line":42,"column":71}},{"start":{},"end":{}}],"line":42},"12":{"loc":{"start":{"line":43,"column":2},"end":{"line":43,"column":71}},"type":"if","locations":[{"start":{"line":43,"column":2},"end":{"line":43,"column":71}},{"start":{},"end":{}}],"line":43},"13":{"loc":{"start":{"line":44,"column":2},"end":{"line":44,"column":80}},"type":"if","locations":[{"start":{"line":44,"column":2},"end":{"line":44,"column":80}},{"start":{},"end":{}}],"line":44},"14":{"loc":{"start":{"line":45,"column":2},"end":{"line":45,"column":75}},"type":"if","locations":[{"start":{"line":45,"column":2},"end":{"line":45,"column":75}},{"start":{},"end":{}}],"line":45},"15":{"loc":{"start":{"line":46,"column":2},"end":{"line":46,"column":76}},"type":"if","locations":[{"start":{"line":46,"column":2},"end":{"line":46,"column":76}},{"start":{},"end":{}}],"line":46},"16":{"loc":{"start":{"line":56,"column":35},"end":{"line":56,"column":55}},"type":"default-arg","locations":[{"start":{"line":56,"column":50},"end":{"line":56,"column":55}}],"line":56},"17":{"loc":{"start":{"line":57,"column":19},"end":{"line":57,"column":79}},"type":"binary-expr","locations":[{"start":{"line":57,"column":19},"end":{"line":57,"column":34}},{"start":{"line":57,"column":41},"end":{"line":57,"column":79}}],"line":57},"18":{"loc":{"start":{"line":58,"column":19},"end":{"line":58,"column":81}},"type":"binary-expr","locations":[{"start":{"line":58,"column":19},"end":{"line":58,"column":36}},{"start":{"line":58,"column":41},"end":{"line":58,"column":81}}],"line":58},"19":{"loc":{"start":{"line":59,"column":19},"end":{"line":59,"column":83}},"type":"binary-expr","locations":[{"start":{"line":59,"column":19},"end":{"line":59,"column":34}},{"start":{"line":59,"column":41},"end":{"line":59,"column":83}}],"line":59},"20":{"loc":{"start":{"line":66,"column":4},"end":{"line":66,"column":44}},"type":"if","locations":[{"start":{"line":66,"column":4},"end":{"line":66,"column":44}},{"start":{},"end":{}}],"line":66},"21":{"loc":{"start":{"line":72,"column":17},"end":{"line":72,"column":64}},"type":"binary-expr","locations":[{"start":{"line":72,"column":17},"end":{"line":72,"column":26}},{"start":{"line":72,"column":32},"end":{"line":72,"column":64}}],"line":72},"22":{"loc":{"start":{"line":73,"column":18},"end":{"line":73,"column":68}},"type":"binary-expr","locations":[{"start":{"line":73,"column":18},"end":{"line":73,"column":30}},{"start":{"line":73,"column":34},"end":{"line":73,"column":68}}],"line":73},"23":{"loc":{"start":{"line":80,"column":24},"end":{"line":80,"column":78}},"type":"binary-expr","locations":[{"start":{"line":80,"column":24},"end":{"line":80,"column":33}},{"start":{"line":80,"column":46},"end":{"line":80,"column":78}}],"line":80},"24":{"loc":{"start":{"line":81,"column":24},"end":{"line":81,"column":80}},"type":"binary-expr","locations":[{"start":{"line":81,"column":24},"end":{"line":81,"column":36}},{"start":{"line":81,"column":46},"end":{"line":81,"column":80}}],"line":81},"25":{"loc":{"start":{"line":82,"column":24},"end":{"line":82,"column":84}},"type":"binary-expr","locations":[{"start":{"line":82,"column":24},"end":{"line":82,"column":39}},{"start":{"line":82,"column":46},"end":{"line":82,"column":84}}],"line":82},"26":{"loc":{"start":{"line":83,"column":24},"end":{"line":83,"column":84}},"type":"binary-expr","locations":[{"start":{"line":83,"column":24},"end":{"line":83,"column":39}},{"start":{"line":83,"column":46},"end":{"line":83,"column":84}}],"line":83},"27":{"loc":{"start":{"line":84,"column":24},"end":{"line":84,"column":80}},"type":"binary-expr","locations":[{"start":{"line":84,"column":24},"end":{"line":84,"column":38}},{"start":{"line":84,"column":46},"end":{"line":84,"column":80}}],"line":84},"28":{"loc":{"start":{"line":85,"column":24},"end":{"line":85,"column":87}},"type":"binary-expr","locations":[{"start":{"line":85,"column":24},"end":{"line":85,"column":42}},{"start":{"line":85,"column":46},"end":{"line":85,"column":87}}],"line":85},"29":{"loc":{"start":{"line":86,"column":24},"end":{"line":86,"column":85}},"type":"binary-expr","locations":[{"start":{"line":86,"column":24},"end":{"line":86,"column":40}},{"start":{"line":86,"column":46},"end":{"line":86,"column":85}}],"line":86},"30":{"loc":{"start":{"line":87,"column":24},"end":{"line":87,"column":84}},"type":"binary-expr","locations":[{"start":{"line":87,"column":24},"end":{"line":87,"column":39}},{"start":{"line":87,"column":46},"end":{"line":87,"column":84}}],"line":87},"31":{"loc":{"start":{"line":88,"column":24},"end":{"line":88,"column":88}},"type":"binary-expr","locations":[{"start":{"line":88,"column":24},"end":{"line":88,"column":38}},{"start":{"line":88,"column":46},"end":{"line":88,"column":88}}],"line":88},"32":{"loc":{"start":{"line":89,"column":24},"end":{"line":89,"column":89}},"type":"binary-expr","locations":[{"start":{"line":89,"column":24},"end":{"line":89,"column":39}},{"start":{"line":89,"column":46},"end":{"line":89,"column":89}}],"line":89},"33":{"loc":{"start":{"line":118,"column":24},"end":{"line":118,"column":83}},"type":"binary-expr","locations":[{"start":{"line":118,"column":24},"end":{"line":118,"column":38}},{"start":{"line":118,"column":46},"end":{"line":118,"column":83}}],"line":118},"34":{"loc":{"start":{"line":119,"column":24},"end":{"line":119,"column":84}},"type":"binary-expr","locations":[{"start":{"line":119,"column":24},"end":{"line":119,"column":39}},{"start":{"line":119,"column":46},"end":{"line":119,"column":84}}],"line":119},"35":{"loc":{"start":{"line":120,"column":24},"end":{"line":120,"column":87}},"type":"binary-expr","locations":[{"start":{"line":120,"column":24},"end":{"line":120,"column":42}},{"start":{"line":120,"column":46},"end":{"line":120,"column":87}}],"line":120},"36":{"loc":{"start":{"line":121,"column":24},"end":{"line":121,"column":80}},"type":"binary-expr","locations":[{"start":{"line":121,"column":24},"end":{"line":121,"column":38}},{"start":{"line":121,"column":46},"end":{"line":121,"column":80}}],"line":121},"37":{"loc":{"start":{"line":122,"column":24},"end":{"line":122,"column":83}},"type":"binary-expr","locations":[{"start":{"line":122,"column":24},"end":{"line":122,"column":38}},{"start":{"line":122,"column":46},"end":{"line":122,"column":83}}],"line":122},"38":{"loc":{"start":{"line":123,"column":24},"end":{"line":123,"column":82}},"type":"binary-expr","locations":[{"start":{"line":123,"column":24},"end":{"line":123,"column":37}},{"start":{"line":123,"column":46},"end":{"line":123,"column":82}}],"line":123},"39":{"loc":{"start":{"line":127,"column":2},"end":{"line":144,"column":3}},"type":"if","locations":[{"start":{"line":127,"column":2},"end":{"line":144,"column":3}},{"start":{"line":134,"column":9},"end":{"line":144,"column":3}}],"line":127},"40":{"loc":{"start":{"line":141,"column":21},"end":{"line":141,"column":80}},"type":"cond-expr","locations":[{"start":{"line":141,"column":61},"end":{"line":141,"column":75}},{"start":{"line":141,"column":78},"end":{"line":141,"column":80}}],"line":141},"41":{"loc":{"start":{"line":149,"column":20},"end":{"line":149,"column":75}},"type":"binary-expr","locations":[{"start":{"line":149,"column":20},"end":{"line":149,"column":34}},{"start":{"line":149,"column":38},"end":{"line":149,"column":75}}],"line":149},"42":{"loc":{"start":{"line":150,"column":20},"end":{"line":150,"column":74}},"type":"binary-expr","locations":[{"start":{"line":150,"column":20},"end":{"line":150,"column":33}},{"start":{"line":150,"column":38},"end":{"line":150,"column":74}}],"line":150},"43":{"loc":{"start":{"line":151,"column":20},"end":{"line":151,"column":75}},"type":"binary-expr","locations":[{"start":{"line":151,"column":20},"end":{"line":151,"column":34}},{"start":{"line":151,"column":38},"end":{"line":151,"column":75}}],"line":151},"44":{"loc":{"start":{"line":164,"column":4},"end":{"line":171,"column":5}},"type":"if","locations":[{"start":{"line":164,"column":4},"end":{"line":171,"column":5}},{"start":{},"end":{}}],"line":164},"45":{"loc":{"start":{"line":167,"column":53},"end":{"line":167,"column":83}},"type":"binary-expr","locations":[{"start":{"line":167,"column":53},"end":{"line":167,"column":66}},{"start":{"line":167,"column":70},"end":{"line":167,"column":83}}],"line":167},"46":{"loc":{"start":{"line":177,"column":4},"end":{"line":181,"column":5}},"type":"if","locations":[{"start":{"line":177,"column":4},"end":{"line":181,"column":5}},{"start":{},"end":{}}],"line":177},"47":{"loc":{"start":{"line":179,"column":40},"end":{"line":179,"column":84}},"type":"binary-expr","locations":[{"start":{"line":179,"column":40},"end":{"line":179,"column":79}},{"start":{"line":179,"column":83},"end":{"line":179,"column":84}}],"line":179},"48":{"loc":{"start":{"line":188,"column":23},"end":{"line":188,"column":83}},"type":"binary-expr","locations":[{"start":{"line":188,"column":23},"end":{"line":188,"column":39}},{"start":{"line":188,"column":44},"end":{"line":188,"column":83}}],"line":188},"49":{"loc":{"start":{"line":189,"column":23},"end":{"line":189,"column":82}},"type":"binary-expr","locations":[{"start":{"line":189,"column":23},"end":{"line":189,"column":38}},{"start":{"line":189,"column":44},"end":{"line":189,"column":82}}],"line":189},"50":{"loc":{"start":{"line":190,"column":23},"end":{"line":190,"column":82}},"type":"binary-expr","locations":[{"start":{"line":190,"column":23},"end":{"line":190,"column":38}},{"start":{"line":190,"column":44},"end":{"line":190,"column":82}}],"line":190},"51":{"loc":{"start":{"line":196,"column":2},"end":{"line":200,"column":3}},"type":"if","locations":[{"start":{"line":196,"column":2},"end":{"line":200,"column":3}},{"start":{},"end":{}}],"line":196},"52":{"loc":{"start":{"line":205,"column":21},"end":{"line":205,"column":82}},"type":"binary-expr","locations":[{"start":{"line":205,"column":21},"end":{"line":205,"column":35}},{"start":{"line":205,"column":40},"end":{"line":205,"column":82}}],"line":205},"53":{"loc":{"start":{"line":206,"column":21},"end":{"line":206,"column":83}},"type":"binary-expr","locations":[{"start":{"line":206,"column":21},"end":{"line":206,"column":36}},{"start":{"line":206,"column":40},"end":{"line":206,"column":83}}],"line":206},"54":{"loc":{"start":{"line":207,"column":21},"end":{"line":207,"column":78}},"type":"binary-expr","locations":[{"start":{"line":207,"column":21},"end":{"line":207,"column":36}},{"start":{"line":207,"column":40},"end":{"line":207,"column":78}}],"line":207},"55":{"loc":{"start":{"line":212,"column":2},"end":{"line":212,"column":77}},"type":"if","locations":[{"start":{"line":212,"column":2},"end":{"line":212,"column":77}},{"start":{},"end":{}}],"line":212},"56":{"loc":{"start":{"line":216,"column":21},"end":{"line":216,"column":82}},"type":"binary-expr","locations":[{"start":{"line":216,"column":21},"end":{"line":216,"column":35}},{"start":{"line":216,"column":40},"end":{"line":216,"column":82}}],"line":216},"57":{"loc":{"start":{"line":217,"column":21},"end":{"line":217,"column":83}},"type":"binary-expr","locations":[{"start":{"line":217,"column":21},"end":{"line":217,"column":36}},{"start":{"line":217,"column":40},"end":{"line":217,"column":83}}],"line":217},"58":{"loc":{"start":{"line":218,"column":21},"end":{"line":218,"column":78}},"type":"binary-expr","locations":[{"start":{"line":218,"column":21},"end":{"line":218,"column":36}},{"start":{"line":218,"column":40},"end":{"line":218,"column":78}}],"line":218},"59":{"loc":{"start":{"line":224,"column":2},"end":{"line":224,"column":64}},"type":"if","locations":[{"start":{"line":224,"column":2},"end":{"line":224,"column":64}},{"start":{},"end":{}}],"line":224},"60":{"loc":{"start":{"line":229,"column":20},"end":{"line":229,"column":70}},"type":"binary-expr","locations":[{"start":{"line":229,"column":20},"end":{"line":229,"column":29}},{"start":{"line":229,"column":38},"end":{"line":229,"column":70}}],"line":229},"61":{"loc":{"start":{"line":230,"column":21},"end":{"line":230,"column":78}},"type":"binary-expr","locations":[{"start":{"line":230,"column":21},"end":{"line":230,"column":36}},{"start":{"line":230,"column":40},"end":{"line":230,"column":78}}],"line":230},"62":{"loc":{"start":{"line":232,"column":2},"end":{"line":232,"column":26}},"type":"if","locations":[{"start":{"line":232,"column":2},"end":{"line":232,"column":26}},{"start":{},"end":{}}],"line":232},"63":{"loc":{"start":{"line":235,"column":2},"end":{"line":235,"column":46}},"type":"if","locations":[{"start":{"line":235,"column":2},"end":{"line":235,"column":46}},{"start":{},"end":{}}],"line":235},"64":
[...]
art":{"line":82,"column":31},"end":{"line":82,"column":44}},"43":{"start":{"line":91,"column":56},"end":{"line":91,"column":78}},"44":{"start":{"line":126,"column":33},"end":{"line":126,"column":62}},"45":{"start":{"line":170,"column":41},"end":{"line":170,"column":66}}},"fnMap":{"0":{"name":"(anonymous_0)","decl":{"start":{"line":7,"column":17},"end":{"line":7,"column":18}},"loc":{"start":{"line":7,"column":28},"end":{"line":17,"column":1}},"line":7},"1":{"name":"HomeQuiz","decl":{"start":{"line":19,"column":9},"end":{"line":19,"column":17}},"loc":{"start":{"line":19,"column":20},"end":{"line":179,"column":1}},"line":19},"2":{"name":"(anonymous_2)","decl":{"start":{"line":29,"column":12},"end":{"line":29,"column":13}},"loc":{"start":{"line":29,"column":18},"end":{"line":40,"column":3}},"line":29},"3":{"name":"(anonymous_3)","decl":{"start":{"line":30,"column":31},"end":{"line":30,"column":32}},"loc":{"start":{"line":30,"column":38},"end":{"line":34,"column":5}},"line":30},"4":{"name":"(anonymous_4)","decl":{"start":{"line":37,"column":11},"end":{"line":37,"column":12}},"loc":{"start":{"line":37,"column":17},"end":{"line":39,"column":5}},"line":37},"5":{"name":"(anonymous_5)","decl":{"start":{"line":42,"column":12},"end":{"line":42,"column":13}},"loc":{"start":{"line":42,"column":18},"end":{"line":48,"column":3}},"line":42},"6":{"name":"(anonymous_6)","decl":{"start":{"line":52,"column":25},"end":{"line":52,"column":26}},"loc":{"start":{"line":52,"column":31},"end":{"line":54,"column":3}},"line":52},"7":{"name":"(anonymous_7)","decl":{"start":{"line":56,"column":23},"end":{"line":56,"column":24}},"loc":{"start":{"line":56,"column":29},"end":{"line":60,"column":3}},"line":56},"8":{"name":"(anonymous_8)","decl":{"start":{"line":62,"column":22},"end":{"line":62,"column":23}},"loc":{"start":{"line":62,"column":28},"end":{"line":64,"column":3}},"line":62},"9":{"name":"(anonymous_9)","decl":{"start":{"line":66,"column":26},"end":{"line":66,"column":27}},"loc":{"start":{"line":66,"column":32},"end":{"line":77,"column":3}},"line":66},"10":{"name":"(anonymous_10)","decl":{"start":{"line":82,"column":25},"end":{"line":82,"column":26}},"loc":{"start":{"line":82,"column":31},"end":{"line":82,"column":44}},"line":82},"11":{"name":"(anonymous_11)","decl":{"start":{"line":91,"column":50},"end":{"line":91,"column":51}},"loc":{"start":{"line":91,"column":56},"end":{"line":91,"column":78}},"line":91},"12":{"name":"(anonymous_12)","decl":{"start":{"line":126,"column":26},"end":{"line":126,"column":27}},"loc":{"start":{"line":126,"column":33},"end":{"line":126,"column":62}},"line":126},"13":{"name":"(anonymous_13)","decl":{"start":{"line":170,"column":35},"end":{"line":170,"column":36}},"loc":{"start":{"line":170,"column":41},"end":{"line":170,"column":66}},"line":170}},"branchMap":{"0":{"loc":{"start":{"line":8,"column":2},"end":{"line":16,"column":3}},"type":"if","locations":[{"start":{"line":8,"column":2},"end":{"line":16,"column":3}},{"start":{"line":10,"column":9},"end":{"line":16,"column":3}}],"line":8},"1":{"loc":{"start":{"line":10,"column":9},"end":{"line":16,"column":3}},"type":"if","locations":[{"start":{"line":10,"column":9},"end":{"line":16,"column":3}},{"start":{"line":12,"column":9},"end":{"line":16,"column":3}}],"line":10},"2":{"loc":{"start":{"line":12,"column":9},"end":{"line":16,"column":3}},"type":"if","locations":[{"start":{"line":12,"column":9},"end":{"line":16,"column":3}},{"start":{"line":14,"column":9},"end":{"line":16,"column":3}}],"line":12},"3":{"loc":{"start":{"line":31,"column":6},"end":{"line":33,"column":7}},"type":"if","locations":[{"start":{"line":31,"column":6},"end":{"line":33,"column":7}},{"start":{},"end":{}}],"line":31},"4":{"loc":{"start":{"line":31,"column":10},"end":{"line":31,"column":64}},"type":"binary-expr","locations":[{"start":{"line":31,"column":10},"end":{"line":31,"column":25}},{"start":{"line":31,"column":29},"end":{"line":31,"column":64}}],"line":31},"5":{"loc":{"start":{"line":45,"column":4},"end":{"line":47,"column":5}},"type":"if","locations":[{"start":{"line":45,"column":4},"end":{"line":47,"column":5}},{"start":{},"end":{}}],"line":45},"6":{"loc":{"start":{"line":67,"column":4},"end":{"line":70,"column":5}},"type":"if","locations":[{"start":{"line":67,"column":4},"end":{"line":70,"column":5}},{"start":{},"end":{}}],"line":67},"7":{"loc":{"start":{"line":95,"column":11},"end":{"line":103,"column":11}},"type":"binary-expr","locations":[{"start":{"line":95,"column":11},"end":{"line":95,"column":19}},{"start":{"line":96,"column":12},"end":{"line":102,"column":18}}],"line":95},"8":{"loc":{"start":{"line":112,"column":13},"end":{"line":120,"column":13}},"type":"binary-expr","locations":[{"start":{"line":112,"column":13},"end":{"line":112,"column":26}},{"start":{"line":113,"column":14},"end":{"line":119,"column":20}}],"line":112},"9":{"loc":{"start":{"line":147,"column":13},"end":{"line":164,"column":13}},"type":"binary-expr","locations":[{"start":{"line":147,"column":13},"end":{"line":147,"column":27}},{"start":{"line":148,"column":14},"end":{"line":163,"column":20}}],"line":147},"10":{"loc":{"start":{"line":165,"column":13},"end":{"line":173,"column":13}},"type":"binary-expr","locations":[{"start":{"line":165,"column":13},"end":{"line":165,"column":28}},{"start":{"line":166,"column":14},"end":{"line":172,"column":20}}],"line":165}},"s":{"0":1,"1":31,"2":1,"3":30,"4":1,"5":29,"6":0,"7":29,"8":31,"9":31,"10":31,"11":31,"12":31,"13":31,"14":31,"15":31,"16":31,"17":15,"18":0,"19":0,"20":15,"21":15,"22":15,"23":31,"24":15,"25":15,"26":4,"27":31,"28":31,"29":3,"30":31,"31":1,"32":1,"33":1,"34":31,"35":1,"36":31,"37":5,"38":2,"39":2,"40":3,"41":31,"42":0,"43":1,"44":3,"45":1},"f":{"0":31,"1":31,"2":15,"3":0,"4":15,"5":15,"6":3,"7":1,"8":1,"9":5,"10":0,"11":1,"12":3,"13":1},"b":{"0":[1,30],"1":[1,29],"2":[0,29],"3":[0,0],"4":[0,0],"5":[4,11],"6":[2,3],"7":[31,1],"8":[31,7],"9":[31,3],"10":[31,2]},"_coverageSchema":"1a1c01bbd47fc00a2c39e90264f33305004495a9","hash":"67cf144684a5db084ef98df593f49cee8c00aede"}
,"C:\\Users\\Hype G12\\Downloads\\SKRIPSI\\Assets\\ARSkripsi\\src\\quiz\\quiz-page.jsx": {"path":"C:\\Users\\Hype G12\\Downloads\\SKRIPSI\\Assets\\ARSkripsi\\src\\quiz\\quiz-page.jsx","statementMap":{"0":{"start":{"line":7,"column":19},"end":{"line":7,"column":32}},"1":{"start":{"line":8,"column":54},"end":{"line":8,"column":74}},"2":{"start":{"line":9,"column":38},"end":{"line":9,"column":53}},"3":{"start":{"line":10,"column":44},"end":{"line":10,"column":59}},"4":{"start":{"line":12,"column":2},"end":{"line":22,"column":19}},"5":{"start":{"line":13,"column":31},"end":{"line":18,"column":5}},"6":{"start":{"line":14,"column":6},"end":{"line":17,"column":7}},"7":{"start":{"line":15,"column":8},"end":{"line":15,"column":27}},"8":{"start":{"line":16,"column":8},"end":{"line":16,"column":70}},"9":{"start":{"line":20,"column":4},"end":{"line":20,"column":64}},"10":{"start":{"line":21,"column":4},"end":{"line":21,"column":80}},"11":{"start":{"line":21,"column":17},"end":{"line":21,"column":79}},"12":{"start":{"line":24,"column":2},"end":{"line":36,"column":19}},"13":{"start":{"line":25,"column":27},"end":{"line":30,"column":5}},"14":{"start":{"line":26,"column":6},"end":{"line":29,"column":7}},"15":{"start":{"line":27,"column":8},"end":{"line":27,"column":65}},"16":{"start":{"line":28,"column":8},"end":{"line":28,"column":31}},"17":{"start":{"line":32,"column":4},"end":{"line":32,"column":61}},"18":{"start":{"line":33,"column":4},"end":{"line":33,"column":56}},"19":{"start":{"line":35,"column":4},"end":{"line":35,"column":72}},"20":{"start":{"line":35,"column":17},"end":{"line":35,"column":71}},"21":{"start":{"line":38,"column":2},"end":{"line":61,"column":4}},"22":{"start":{"line":43,"column":28},"end":{"line":43,"column":47}},"23":{"start":{"line":53,"column":29},"end":{"line":53,"column":52}}},"fnMap":{"0":{"name":"QuizPage","decl":{"start":{"line":6,"column":9},"end":{"line":6,"column":17}},"loc":{"start":{"line":6,"column":20},"end":{"line":62,"column":1}},"line":6},"1":{"name":"(anonymous_1)","decl":{"start":{"line":12,"column":12},"end":{"line":12,"column":13}},"loc":{"start":{"line":12,"column":18},"end":{"line":22,"column":3}},"line":12},"2":{"name":"(anonymous_2)","decl":{"start":{"line":13,"column":31},"end":{"line":13,"column":32}},"loc":{"start":{"line":13,"column":38},"end":{"line":18,"column":5}},"line":13},"3":{"name":"(anonymous_3)","decl":{"start":{"line":21,"column":11},"end":{"line":21,"column":12}},"loc":{"start":{"line":21,"column":17},"end":{"line":21,"column":79}},"line":21},"4":{"name":"(anonymous_4)","decl":{"start":{"line":24,"column":12},"end":{"line":24,"column":13}},"loc":{"start":{"line":24,"column":18},"end":{"line":36,"column":3}},"line":24},"5":{"name":"(anonymous_5)","decl":{"start":{"line":25,"column":27},"end":{"line":25,"column":28}},"loc":{"start":{"line":25,"column":34},"end":{"line":30,"column":5}},"line":25},"6":{"name":"(anonymous_6)","decl":{"start":{"line":35,"column":11},"end":{"line":35,"column":12}},"loc":{"start":{"line":35,"column":17},"end":{"line":35,"column":71}},"line":35},"7":{"name":"(anonymous_7)","decl":{"start":{"line":43,"column":22},"end":{"line":43,"column":23}},"loc":{"start":{"line":43,"column":28},"end":{"line":43,"column":47}},"line":43},"8":{"name":"(anonymous_8)","decl":{"start":{"line":53,"column":23},"end":{"line":53,"column":24}},"loc":{"start":{"line":53,"column":29},"end":{"line":53,"column":52}},"line":53}},"branchMap":{"0":{"loc":{"start":{"line":8,"column":10},"end":{"line":8,"column":30}},"type":"default-arg","locations":[{"start":{"line":8,"column":23},"end":{"line":8,"column":30}}],"line":8},"1":{"loc":{"start":{"line":8,"column":32},"end":{"line":8,"column":49}},"type":"default-arg","locations":[{"start":{"line":8,"column":47},"end":{"line":8,"column":49}}],"line":8},"2":{"loc":{"start":{"line":8,"column":54},"end":{"line":8,"column":74}},"type":"binary-expr","locations":[{"start":{"line":8,"column":54},"end":{"line":8,"column":68}},{"start":{"line":8,"column":72},"end":{"line":8,"column":74}}],"line":8},"3":{"loc":{"start":{"line":14,"column":6},"end":{"line":17,"column":7}},"type":"if","locations":[{"start":{"line":14,"column":6},"end":{"line":17,"column":7}},{"start":{},"end":{}}],"line":14},"4":{"loc":{"start":{"line":26,"column":6},"end":{"line":29,"column":7}},"type":"if","locations":[{"start":{"line":26,"column":6},"end":{"line":29,"column":7}},{"start":{},"end":{}}],"line":26},"5":{"loc":{"start":{"line":46,"column":7},"end":{"line":59,"column":7}},"type":"binary-expr","locations":[{"start":{"line":46,"column":7},"end":{"line":46,"column":20}},{"start":{"line":47,"column":8},"end":{"line":58,"column":14}}],"line":46}},"s":{"0":9,"1":9,"2":9,"3":9,"4":9,"5":9,"6":0,"7":0,"8":0,"9":9,"10":9,"11":9,"12":9,"13":9,"14":0,"15":0,"16":0,"17":9,"18":9,"19":9,"20":9,"21":9,"22":1,"23":0},"f":{"0":9,"1":9,"2":0,"3":9,"4":9,"5":0,"6":9,"7":1,"8":0},"b":{"0":[2],"1":[2],"2":[9,0],"3":[0,0],"4":[0,0],"5":[9,0]},"_coverageSchema":"1a1c01bbd47fc00a2c39e90264f33305004495a9","hash":"153b3de9557ad0f2c1ccdeeb1d044f9aa5871786"}
,"C:\\Users\\Hype G12\\Downloads\\SKRIPSI\\Assets\\ARSkripsi\\src\\quiz\\stats.jsx": {"path":"C:\\Users\\Hype G12\\Downloads\\SKRIPSI\\Assets\\ARSkripsi\\src\\quiz\\stats.jsx","statementMap":{"0":{"start":{"line":14,"column":29},"end":{"line":14,"column":60}},"1":{"start":{"line":15,"column":29},"end":{"line":15,"column":68}},"2":{"start":{"line":16,"column":2},"end":{"line":21,"column":3}},"3":{"start":{"line":17,"column":19},"end":{"line":17,"column":73}},"4":{"start":{"line":17,"column":68},"end":{"line":17,"column":72}},"5":{"start":{"line":18,"column":4},"end":{"line":18,"column":36}},"6":{"start":{"line":20,"column":4},"end":{"line":20,"column":26}},"7":{"start":{"line":23,"column":2},"end":{"line":46,"column":4}},"8":{"start":{"line":29,"column":12},"end":{"line":29,"column":58}}},"fnMap":{"0":{"name":"Stats","decl":{"start":{"line":12,"column":9},"end":{"line":12,"column":14}},"loc":{"start":{"line":12,"column":73},"end":{"line":47,"column":1}},"line":12},"1":{"name":"(anonymous_1)","decl":{"start":{"line":17,"column":58},"end":{"line":17,"column":59}},"loc":{"start":{"line":17,"column":68},"end":{"line":17,"column":72}},"line":17},"2":{"name":"(anonymous_2)","decl":{"start":{"line":28,"column":50},"end":{"line":28,"column":51}},"loc":{"start":{"line":29,"column":12},"end":{"line":29,"column":58}},"line":29}},"branchMap":{"0":{"loc":{"start":{"line":16,"column":2},"end":{"line":21,"column":3}},"type":"if","locations":[{"start":{"line":16,"column":2},"end":{"line":21,"column":3}},{"start":{"line":19,"column":9},"end":{"line":21,"column":3}}],"line":16},"1":{"loc":{"start":{"line":31,"column":11},"end":{"line":31,"column":41}},"type":"binary-expr","locations":[{"start":{"line":31,"column":11},"end":{"line":31,"column":31}},{"start":{"line":31,"column":35},"end":{"line":31,"column":41}}],"line":31},"2":{"loc":{"start":{"line":41,"column":11},"end":{"line":43,"column":41}},"type":"cond-expr","locations":[{"start":{"line":42,"column":14},"end":{"line":42,"column":53}},{"start":{"line":43,"column":14},"end":{"line":43,"column":41}}],"line":41}},"s":{"0":19,"1":19,"2":19,"3":18,"4":143,"5":18,"6":1,"7":19,"8":143},"f":{"0":19,"1":143,"2":143},"b":{"0":[18,1],"1":[19,1],"2":[13,6]},"_coverageSchema":"1a1c01bbd47fc00a2c39e90264f33305004495a9","hash":"a1cb1530796d5bb5f437d56433ea60335edaeb10"}
,"C:\\Users\\Hype G12\\Downloads\\SKRIPSI\\Assets\\ARSkripsi\\src\\quiz\\trivia-data.js": {"path":"C:\\Users\\Hype G12\\Downloads\\SKRIPSI\\Assets\\ARSkripsi\\src\\quiz\\trivia-data.js","statementMap":{"0":{"start":{"line":3,"column":17},"end":{"line":164,"column":1}},"1":{"start":{"line":167,"column":0},"end":{"line":174,"column":3}},"2":{"start":{"line":168,"column":2},"end":{"line":173,"column":4}},"3":{"start":{"line":172,"column":65},"end":{"line":172,"column":85}}},"fnMap":{"0":{"name":"(anonymous_0)","decl":{"start":{"line":167,"column":28},"end":{"line":167,"column":29}},"loc":{"start":{"line":167,"column":38},"end":{"line":174,"column":1}},"line":167},"1":{"name":"(anonymous_1)","decl":{"start":{"line":172,"column":50},"end":{"line":172,"column":51}},"loc":{"start":{"line":172,"column":65},"end":{"line":172,"column":85}},"line":172}},"branchMap":{},"s":{"0":1,"1":1,"2":20,"3":60},"f":{"0":20,"1":60},"b":{},"_coverageSchema":"1a1c01bbd47fc00a2c39e90264f33305004495a9","hash":"33379456c569a67ecf3bae5c443cd3cdf0563f8e"}
,"C:\\Users\\Hype G12\\Downloads\\SKRIPSI\\Assets\\ARSkripsi\\src\\quiz\\trivia-item.jsx": {"path":"C:\\Users\\Hype G12\\Downloads\\SKRIPSI\\Assets\\ARSkripsi\\src\\quiz\\trivia-item.jsx","statementMap":{"0":{"start":{"line":23,"column":46},"end":{"line":23,"column":60}},"1":{"start":{"line":24,"column":26},"end":{"line":24,"column":49}},"2":{"start":{"line":26,"column":21},"end":{"line":26,"column":57}},"3":{"start":{"line":27,"column":28},"end":{"line":27,"column":63}},"4":{"start":{"line":27,"column":43},"end":{"line":27,"column":62}},"5":{"start":{"line":29,"column":28},"end":{"line":29,"column":74}},"6":{"start":{"line":30,"column":2},"end":{"line":31,"column":61}},"7":{"start":{"line":31,"column":4},"end":{"line":31,"column":61}},"8":{"start":{"line":33,"column":24},"end":{"line":38,"column":3}},"9":{"start":{"line":34,"column":25},"end":{"line":34,"column":47}},"10":{"start":{"line":35,"column":4},"end":{"line":35,"column":36}},"11":{"start":{"line":36,"column":29},"end":{"line":36,"column":59}},"12":{"start":{"line":37,"column":4},"end":{"line":37,"column":39}},"13":{"start":{"line":40,"column":2},"end":{"line":82,"column":4}},"14":{"start":{"line":47,"column":28},"end":{"line":47,"column":49}},"15":{"start":{"line":48,"column":12},"end":{"line":55,"column":13}},"16":{"start":{"line":49,"column":36},"end":{"line":49,"column":60}},"17":{"start":{"line":50,"column":39},"end":{"line":50,"column":64}},"18":{"start":{"line":52,"column":14},"end":{"line":54,"column":65}},"19":{"start":{"line":52,"column":53},"end":{"line":52,"column":98}},"20":{"start":{"line":53,"column":19},"end":{"line":54,"column":65}},"21":{"start":{"line":53,"column":59},"end":{"line":53,"column":106}},"22":{"start":{"line":54,"column":19},"end":{"line":54,"column":65}},"23":{"start":{"line":57,"column":12},"end":{"line":67,"column":14}}},"fnMap":{"0":{"name":"TriviaItem","decl":{"start":{"line":16,"column":9},"end":{"line":16,"column":19}},"loc":{"start":{"line":22,"column":3},"end":{"line":83,"column":1}},"line":22},"1":{"name":"(anonymous_1)","decl":{"start":{"line":27,"column":37},"end":{"line":27,"column":38}},"loc":{"start":{"line":27,"column":43},"end":{"line":27,"column":62}},"line":27},"2":{"name":"(anonymous_2)","decl":{"start":{"line":33,"column":24},"end":{"line":33,"column":25}},"loc":{"start":{"line":33,"column":35},"end":{"line":38,"column":3}},"line":33},"3":{"name":"(anonymous_3)","decl":{"start":{"line":46,"column":31},"end":{"line":46,"column":32}},"loc":{"start":{"line":46,"column":46},"end":{"line":68,"column":11}},"line":46}},"branchMap":{"0":{"loc":{"start":{"line":30,"column":2},"end":{"line":31,"column":61}},"type":"if","locations":[{"start":{"line":30,"column":2},"end":{"line":31,"column":61}},{"start":{},"end":{}}],"line":30},"1":{"loc":{"start":{"line":48,"column":12},"end":{"line":55,"column":13}},"type":"if","locations":[{"start":{"line":48,"column":12},"end":{"line":55,"column":13}},{"start":{},"end":{}}],"line":48},"2":{"loc":{"start":{"line":52,"column":14},"end":{"line":54,"column":65}},"type":"if","locations":[{"start":{"line":52,"column":14},"end":{"line":54,"column":65}},{"start":{"line":53,"column":19},"end":{"line":54,"column":65}}],"line":52},"3":{"loc":{"start":{"line":52,"column":18},"end":{"line":52,"column":51}},"type":"binary-expr","locations":[{"start":{"line":52,"column":18},"end":{"line":52,"column":34}},{"start":{"line":52,"column":38},"end":{"line":52,"column":51}}],"line":52},"4":{"loc":{"start":{"line":53,"column":19},"end":{"line":54,"column":65}},"type":"if","locations":[{"start":{"line":53,"column":19},"end":{"line":54,"column":65}},{"start":{"line":54,"column":19},"end":{"line":54,"column":65}}],"line":53},"5":{"loc":{"start":{"line":53,"column":23},"end":{"line":53,"column":57}},"type":"binary-expr","locations":[{"start":{"line":53,"column":23},"end":{"line":53,"column":39}},{"start":{"line":53,"column":43},"end":{"line":53,"column":57}}],"line":53}},"s":{"0":30,"1":30,"2":30,"3":30,"4":17,"5":30,"6":30,"7":17,"8":30,"9":13,"10":13,"11":13,"12":13,"13":30,"14":100,"15":100,"16":42,"17":42,"18":42,"19":8,"20":34,"21":5,"22":29,"23":100},"f":{"0":30,"1":17,"2":13,"3":100},"b":{"0":[17,13],"1":[42,58],"2":[8,34],"3":[42,13],"4":[5,29],"5":[34,5]},"_coverageSchema":"1a1c01bbd47fc00a2c39e90264f33305004495a9","hash":"7e2427ed42a4edd39bd702fe1c11e1b3b71fc1f8"}
,"C:\\Users\\Hype G12\\Downloads\\SKRIPSI\\Assets\\ARSkripsi\\src\\quiz\\arrays\\shuffle.jsx": {"path":"C:\\Users\\Hype G12\\Downloads\\SKRIPSI\\Assets\\ARSkripsi\\src\\quiz\\arrays\\shuffle.jsx","statementMap":{"0":{"start":{"line":4,"column":24},"end":{"line":4,"column":34}},"1":{"start":{"line":5,"column":2},"end":{"line":10,"column":3}},"2":{"start":{"line":5,"column":15},"end":{"line":5,"column":39}},"3":{"start":{"line":6,"column":22},"end":{"line":6,"column":57}},"4":{"start":{"line":7,"column":17},"end":{"line":7,"column":33}},"5":{"start":{"line":8,"column":4},"end":{"line":8,"column":48}},"6":{"start":{"line":9,"column":4},"end":{"line":9,"column":36}},"7":{"start":{"line":11,"column":2},"end":{"line":11,"column":23}}},"fnMap":{"0":{"name":"shuffle","decl":{"start":{"line":3,"column":9},"end":{"line":3,"column":16}},"loc":{"start":{"line":3,"column":24},"end":{"line":12,"column":1}},"line":3}},"branchMap":{},"s":{"0":37,"1":37,"2":37,"3":145,"4":145,"5":145,"6":145,"7":37},"f":{"0":37},"b":{},"_coverageSchema":"1a1c01bbd47fc00a2c39e90264f33305004495a9","hash":"bdd7f997a1f5f6e460fd53844e7c301263866c49"}
}
