{"C:\\Users\\Hype G12\\Downloads\\SKRIPSI\\Assets\\ARSkripsi\\public\\AR\\Pages\\ar-core.js": {"path":"C:\\Users\\Hype G12\\Downloads\\SKRIPSI\\Assets\\ARSkripsi\\public\\AR\\Pages\\ar-core.js","statementMap":{"0":{"start":{"line":3,"column":10},"end":{"line":3,"column":22}},"1":{"start":{"line":5,"column":11},"end":{"line":5,"column":22}},"2":{"start":{"line":6,"column":17},"end":{"line":6,"column":22}},"3":{"start":{"line":7,"column":18},"end":{"line":7,"column":23}},"4":{"start":{"line":8,"column":19},"end":{"line":8,"column":20}},"5":{"start":{"line":9,"column":18},"end":{"line":9,"column":19}},"6":{"start":{"line":10,"column":20},"end":{"line":10,"column":24}},"7":{"start":{"line":11,"column":17},"end":{"line":11,"column":21}},"8":{"start":{"line":12,"column":17},"end":{"line":12,"column":21}},"9":{"start":{"line":13,"column":18},"end":{"line":13,"column":22}},"10":{"start":{"line":14,"column":20},"end":{"line":14,"column":24}},"11":{"start":{"line":15,"column":15},"end":{"line":15,"column":16}},"12":{"start":{"line":15,"column":29},"end":{"line":15,"column":30}},"13":{"start":{"line":15,"column":43},"end":{"line":15,"column":44}},"14":{"start":{"line":16,"column":24},"end":{"line":16,"column":26}},"15":{"start":{"line":18,"column":14},"end":{"line":18,"column":46}},"16":{"start":{"line":19,"column":19},"end":{"line":19,"column":57}},"17":{"start":{"line":20,"column":18},"end":{"line":20,"column":52}},"18":{"start":{"line":21,"column":13},"end":{"line":21,"column":45}},"19":{"start":{"line":22,"column":16},"end":{"line":22,"column":50}},"20":{"start":{"line":23,"column":22},"end":{"line":23,"column":63}},"21":{"start":{"line":24,"column":19},"end":{"line":24,"column":57}},"22":{"start":{"line":25,"column":18},"end":{"line":25,"column":55}},"23":{"start":{"line":26,"column":18},"end":{"line":26,"column":55}},"24":{"start":{"line":27,"column":18},"end":{"line":27,"column":55}},"25":{"start":{"line":28,"column":17},"end":{"line":28,"column":53}},"26":{"start":{"line":29,"column":20},"end":{"line":29,"column":59}},"27":{"start":{"line":30,"column":19},"end":{"line":30,"column":57}},"28":{"start":{"line":31,"column":18},"end":{"line":31,"column":60}},"29":{"start":{"line":32,"column":19},"end":{"line":32,"column":62}},"30":{"start":{"line":35,"column":20},"end":{"line":35,"column":29}},"31":{"start":{"line":38,"column":16},"end":{"line":38,"column":37}},"32":{"start":{"line":39,"column":15},"end":{"line":39,"column":42}},"33":{"start":{"line":40,"column":2},"end":{"line":40,"column":21}},"34":{"start":{"line":40,"column":14},"end":{"line":40,"column":21}},"35":{"start":{"line":41,"column":2},"end":{"line":43,"column":5}},"36":{"start":{"line":42,"column":4},"end":{"line":42,"column":62}},"37":{"start":{"line":42,"column":22},"end":{"line":42,"column":62}},"38":{"start":{"line":46,"column":0},"end":{"line":48,"column":3}},"39":{"start":{"line":47,"column":2},"end":{"line":47,"column":63}},"40":{"start":{"line":47,"column":44},"end":{"line":47,"column":61}},"41":{"start":{"line":50,"column":0},"end":{"line":52,"column":3}},"42":{"start":{"line":51,"column":2},"end":{"line":51,"column":24}},"43":{"start":{"line":53,"column":0},"end":{"line":53,"column":75}},"44":{"start":{"line":55,"column":16},"end":{"line":55,"column":54}},"45":{"start":{"line":56,"column":19},"end":{"line":56,"column":59}},"46":{"start":{"line":57,"column":19},"end":{"line":57,"column":61}},"47":{"start":{"line":59,"column":2},"end":{"line":59,"column":33}},"48":{"start":{"line":60,"column":2},"end":{"line":60,"column":35}},"49":{"start":{"line":62,"column":2},"end":{"line":67,"column":4}},"50":{"start":{"line":63,"column":4},"end":{"line":63,"column":34}},"51":{"start":{"line":64,"column":4},"end":{"line":66,"column":5}},"52":{"start":{"line":65,"column":6},"end":{"line":65,"column":28}},"53":{"start":{"line":71,"column":4},"end":{"line":74,"column":3}},"54":{"start":{"line":72,"column":4},"end":{"line":72,"column":117}},"55":{"start":{"line":73,"column":4},"end":{"line":73,"column":11}},"56":{"start":{"line":77,"column":16},"end":{"line":77,"column":54}},"57":{"start":{"line":78,"column":19},"end":{"line":78,"column":59}},"58":{"start":{"line":79,"column":19},"end":{"line":79,"column":61}},"59":{"start":{"line":81,"column":2},"end":{"line":81,"column":33}},"60":{"start":{"line":82,"column":2},"end":{"line":82,"column":35}},"61":{"start":{"line":84,"column":2},"end":{"line":89,"column":4}},"62":{"start":{"line":85,"column":4},"end":{"line":85,"column":34}},"63":{"start":{"line":86,"column":4},"end":{"line":88,"column":5}},"64":{"start":{"line":87,"column":6},"end":{"line":87,"column":28}},"65":{"start":{"line":91,"column":13},"end":{"line":93,"column":23}},"66":{"start":{"line":93,"column":17},"end":{"line":93,"column":22}},"67":{"start":{"line":95,"column":4},"end":{"line":98,"column":4}},"68":{"start":{"line":96,"column":4},"end":{"line":96,"column":93}},"69":{"start":{"line":97,"column":4},"end":{"line":97,"column":11}},"70":{"start":{"line":100,"column":15},"end":{"line":104,"column":3}},"71":{"start":{"line":107,"column":2},"end":{"line":128,"column":3}},"72":{"start":{"line":110,"column":20},"end":{"line":110,"column":75}},"73":{"start":{"line":111,"column":28},"end":{"line":111,"column":57}},"74":{"start":{"line":113,"column":4},"end":{"line":118,"column":5}},"75":{"start":{"line":114,"column":6},"end":{"line":114,"column":144}},"76":{"start":{"line":115,"column":6},"end":{"line":115,"column":20}},"77":{"start":{"line":116,"column":6},"end":{"line":116,"column":28}},"78":{"start":{"line":117,"column":6},"end":{"line":117,"column":13}},"79":{"start":{"line":119,"column":4},"end":{"line":119,"column":28}},"80":{"start":{"line":120,"column":4},"end":{"line":120,"column":50}},"81":{"start":{"line":121,"column":4},"end":{"line":121,"column":37}},"82":{"start":{"line":122,"column":4},"end":{"line":122,"column":48}},"83":{"start":{"line":123,"column":4},"end":{"line":123,"column":27}},"84":{"start":{"line":125,"column":4},"end":{"line":125,"column":142}},"85":{"start":{"line":126,"column":4},"end":{"line":126,"column":26}},"86":{"start":{"line":127,"column":4},"end":{"line":127,"column":11}},"87":{"start":{"line":133,"column":2},"end":{"line":133,"column":13}},"88":{"start":{"line":134,"column":2},"end":{"line":134,"column":23}},"89":{"start":{"line":135,"column":2},"end":{"line":135,"column":23}},"90":{"start":{"line":135,"column":16},"end":{"line":135,"column":23}},"91":{"start":{"line":137,"column":2},"end":{"line":166,"column":3}},"92":{"start":{"line":140,"column":4},"end":{"line":145,"column":5}},"93":{"start":{"line":141,"column":6},"end":{"line":141,"column":66}},"94":{"start":{"line":143,"column":6},"end":{"line":143,"column":56}},"95":{"start":{"line":144,"column":6},"end":{"line":144,"column":65}},"96":{"start":{"line":147,"column":4},"end":{"line":153,"column":5}},"97":{"start":{"line":148,"column":6},"end":{"line":150,"column":9}},"98":{"start":{"line":152,"column":6},"end":{"line":152,"column":52}},"99":{"start":{"line":155,"column":4},"end":{"line":163,"column":5}},"100":{"start":{"line":156,"column":6},"end":{"line":156,"column":70}},"101":{"start":{"line":158,"column":6},"end":{"line":162,"column":7}},"102":{"start":{"line":159,"column":8},"end":{"line":159,"column":66}},"103":{"start":{"line":161,"column":8},"end":{"line":161,"column":48}},"104":{"start":{"line":165,"column":4},"end":{"line":165,"column":47}},"105":{"start":{"line":168,"column":2},"end":{"line":210,"column":4}},"106":{"start":{"line":171,"column":6},"end":{"line":207,"column":9}},"107":{"start":{"line":172,"column":8},"end":{"line":172,"column":77}},"108":{"start":{"line":172,"column":70},"end":{"line":172,"column":77}},"109":{"start":{"line":174,"column":8},"end":{"line":204,"column":9}},"110":{"start":{"line":175,"column":23},"end":{"line":175,"column":61}},"111":{"start":{"line":177,"column":10},"end":{"line":203,"column":11}},"112":{"start":{"line":178,"column":25},"end":{"line":178,"column":52}},"113":{"start":{"line":180,"column":12},"end":{"line":197,"column":13}},"114":{"start":{"line":181,"column":27},"end":{"line":181,"column":75}},"115":{"start":{"line":182,"column":26},"end":{"line":182,"column":41}},"116":{"start":{"line":183,"column":27},"end":{"line":183,"column":45}},"117":{"start":{"line":184,"column":26},"end":{"line":184,"column":41}},"118":{"start":{"line":186,"column":14},"end":{"line":186,"column":45}},"119":{"start":{"line":188,"column":14},"end":{"line":188,"column":39}},"120":{"start":{"line":189,"column":14},"end":{"line":189,"column":41}},"121":{"start":{"line":191,"column":14},"end":{"line":191,"column":52}},"122":{"start":{"line":192,"column":14},"end":{"line":192,"column":55}},"123":{"start":{"line":193,"column":14},"end":{"line":193,"column":48}},"124":{"start":{"line":195,"column":14},"end":{"line":196,"column":73}},"125":{"start":{"line":199,"column":12},"end":{"line":199,"column":47}},"126":{"start":{"line":201,"column":12},"end":{"line":202,"column":72}},"127":{"start":{"line":202,"column":14},"end":{"line":202,"column":72}},"128":{"start":{"line":206,"column":8},"end":{"line":206,"column":49}},"129":{"start":{"line":206,"column":31},"end":{"line":206,"column":49}},"130":{"start":{"line":214,"column":2},"end":{"line":214,"column":31}},"131":{"start":{"line":215,"column":2},"end":{"line":215,"column":34}},"132":{"start":{"line":216,"column":2},"end":{"line":216,"column":20}},"133":{"start":{"line":220,"column":2},"end":{"line":220,"column":21}},"134":{"start":{"line":221,"column":2},"end":{"line":221,"column":22}},"135":{"start":{"line":222,"column":2},"end":{"line":222,"column":23}},"136":{"start":{"line":223,"column":2},"end":{"line":223,"column":20}},"137":{"start":{"line":224,"column":2},"end":{"line":224,"column":20}},"138":{"start":{"line":225,"column":2},"end":{"line":225,"column":21}},"139":{"start":{"line":226,"column":2},"end":{"line":226,"column":23}},"140":{"start":{"line":227,"column":2},"end":{"line":227,"column":30}},"141":{"start":{"line":228,"column":2},"end":{"line":228,"column":40}},"142":{"start":{"line":229,"column":2},"end":{"line":229,"column":37}},"143":{"start":{"line":230,"column":2},"end":{"line":230,"column":46}},"144":{"start":{"line":231,"column":2},"end":{"line":231,"column":37}},"145":{"start":{"line":232,"column":2},"end":{"line":232,"column":43}},"146":{"start":{"line":233,"column":2},"end":{"line":233,"column":23}},"147":{"start":{"line":234,"column":2},"end":{"line":234,"column":19}},"148":{"start":{"line":235,"column":2},"end":{"line":235,"column":24}},"149":{"start":{"line":236,"column":2},"end":{"line":236,"column":31}},"150":{"start":{"line":237,"column":2},"end":{"line":237,"column":18}},"151":{"start":{"line":238,"column":2},"end":{"line":238,"column":22}},"152":{"start":{"line":239,"column":2},"end":{"line":239,"column":32}},"153":{"start":{"line":242,"column":0},"end":{"line":244,"column":3}},"154":{"start":{"line":243,"column":2},"end":{"line":243,"column":33}},"155":{"start":{"line":243,"column":18},"end":{"line":243,"column":33}},"156":{"start":{"line":248,"column":2},"end":{"line":248,"column":14}},"157":{"start":{"line":249,"column":2},"end":{"line":267,"column":3}},"158":{"start":{"line":250,"column":4},"end":{"line":250,"column":49}},"159":{"start":{"line":251,"column":4},"end":{"line":251,"column":36}},"160":{"start":{"line":252,"column":4},"end":{"line":252,"column":42}},"161":{"start":{"line":253,"column":4},"end":{"line":253,"column":45}},"162":{"start":{"line":254,"column":4},"end":{"line":254,"column":38}},"163":{"start":{"line":255,"column":4},"end":{"line":255,"column":63}},"164":{"start":{"line":255,"column":21},"end":{"line":255,"column":55}},"165":{"start":{"line":257,"column":4},"end":{"line":257,"column":56}},"166":{"start":{"line":258,"column":4},"end":{"line":258,"column":36}},"167":{"start":{"line":259,"column":4},"end":{"line":259,"column":39}},"168":{"start":{"line":260,"column":4},"end":{"line":260,"column":42}},"169":{"start":{"line":261,"column":4},"end":{"line":261,"column":39}},"170":{"start":{"line":262,"column":4},"end":{"line":264,"column":68}},"171":{"start":{"line":265,"column":4},"end":{"line":265,"column":80}},"172":{"start":{"line":266,"column":4},"end":{"line":266,"column":63}},"173":{"start":{"line":266,"column":21},"end":{"line":266,"column":55}},"174":{"start":{"line":271,"column":0},"end":{"line":278,"column":3}},"175":{"start":{"line":272,"column":2},"end":{"line":272,"column":22}},"176":{"start":{"line":273,"column":2},"end":{"line":277,"column":3}},"177":{"start":{"line":273,"column":21},"end":{"line":273,"column":41}},"178":{"start":{"line":275,"column":4},"end":{"line":275,"column":19}},"179":{"start":{"line":276,"column":4},"end":{"line":276,"column":19}},"180":{"start":{"line":281,"column":0},"end":{"line":293,"column":3}},"181":{"start":{"line":282,"column":2},"end":{"line":282,"column":22}},"182":{"start":{"line":283,"column":2},"end":{"line":283,"column":47}},"183":{"start":{"line":284,"column":2},"end":{"line":284,"column":51}},"184":{"start":{"line":285,"column":2},"end":{"line":292,"column":3}},"185":{"start":{"line":286,"column":4},"end":{"line":289,"column":6}},"186":{"start":{"line":290,"column":4},"end":{"line":290,"column":79}},"187":{"start":{"line":291,"column":4},"end":{"line":291,"column":62}},"188":{"start":{"line":296,"column":0},"end":{"line":302,"column":3}},"189":{"start":{"line":297,"column":2},"end":{"line":297,"column":22}},"190":{"start":{"line":298,"column":2},"end":{"line":298,"column":42}},"191":{"start":{"line":299,"column":2},"end":{"line":299,"column":45}},"192":{"start":{"line":300,"column":2},"end":{"line":301,"column":62}},"193":{"start":{"line":301,"column":4},"end":{"line":301,"column":62}},"194":{"start":{"line":304,"column":0},"end":{"line":310,"column":3}},"195":{"start":{"line":305,"column":2},"end":{"line":305,"column":22}},"196":{"start":{"line":306,"column":2},"end":{"line":306,"column":18}},"197":{"start":{"line":307,"column":2},"end":{"line":307,"column":22}},"198":{"start":{"line":308,"column":2},"end":{"line":308,"column":32}},"199":{"start":{"line":309,"column":2},"end":{"line":309,"column":64}},"200":{"start":{"line":309,"column":19},"end":{"line":309,"column":64}},"201":{"start":{"line":314,"column":2},"end":{"line":314,"column":32}},"202":{"start":{"line":315,"column":2},"end":{"line":315,"column":30}},"203":{"start":{"line":316,"column":2},"end":{"line":316,"column":35}},"204":{"start":{"line":317,"column":2},"end":{"line":317,"column":61}},"205":{"start":{"line":317,"column":19},"end":{"line":317,"column":54}},"206":{"start":{"line":318,"column":2},"end":{"line":318,"column":24}},"207":{"start":{"line":323,"column":2},"end":{"line":323,"column":42}},"208":{"start":{"line":323,"column":30},"end":{"line":323,"column":42}},"209":{"start":{"line":324,"column":14},"end":{"line":326,"column":50}},"210":{"start":{"line":327,"column":2},"end":{"line":327,"column":24}},"211":{"start":{"line":327,"column":12},"end":{"line":327,"column":24}},"212":{"start":{"line":328,"column":14},"end":{"line":328,"column":31}},"213":{"start":{"line":329,"column":2},"end":{"line":329,"column":47}},"214":{"start":{"line":330,"column":15},"end":{"line":330,"column":74}},"215":{"start":{"line":331,"column":2},"end":{"line":334,"column":3}},"216":{"start":{"line":332,"column":17},"end":{"line":332,"column":44}},"217":{"start":{"line":333,"column":4},"end":{"line":333,"column":26}},"218":{"start":{"line":333,"column":14},"end":{"line":333,"column":26}},"219":{"start":{"line":335,"column":2},"end":{"line":335,"column":14}},"220":{"start":{"line":339,"column":19},"end":{"line":339,"column":23}},"221":{"start":{"line":340,"column":20},"end":{"line":340,"column":24}},"222":{"start":{"line":343,"column":15},"end":{"line":343,"column":33}},"223":{"start":{"line":344,"column":2},"end":{"line":356,"column":3}},"224":{"start":{"line":345,"column":4},"end":{"line":349,"column":5}},"225":{"start":{"line":346,"column":6},"end":{"line":346,"column":33}},"226":{"start":{"line":347,"column":6},"end":{"line":347,"column":26}},"227":{"start":{"line":348,"column":6},"end":{"line":348,"column":38}},"228":{"start":{"line":351,"column":4},"end":{"line":355,"column":5}},"229":{"start":{"line":352,"column":6},"end":{"line":352,"column":27}},"230":{"start":{"line":353,"column":6},"end":{"line":353,"column":26}},"231":{"start":{"line":354,"column":6},"end":{"line":354,"column":41}},"232":{"start":{"line":360,"column":0},"end":{"line":364,"column":3}},"233":{"start":{"line":361,"column":2},"end":{"line":363,"column":4}},"234":{"start":{"line":362,"column":4},"end":{"line":362,"column":75}},"235":{"start":{"line":362,"column":35},"end":{"line":362,"column":54}},"236":{"start":{"line":366,"column":0},"end":{"line":366,"column":71}},"237":{"start":{"line":369,"column":2},"end":{"line":369,"column":26}},"238":{"start":{"line":369,"column":19},"end":{"line":369,"column":26}},"239":{"start":{"line":370,"column":16},"end":{"line":370,"column":37}},"240":{"start":{"line":371,"column":17},"end":{"line":371,"column":72}},"241":{"start":{"line":372,"column":2},"end":{"line":372,"column":46}},"242":{"start":{"line":372,"column":39},"end":{"line":372,"column":46}},"243":{"start":{"line":373,"column":2},"end":{"line":373,"column":23}},"244":{"start":{"line":375,"column":2},"end":{"line":390,"column":3}},"245":{"start":{"line":376,"column":4},"end":{"line":376,"column":17}},"246":{"start":{"line":378,"column":4},"end":{"line":389,"column":5}},"247":{"start":{"line":379,"column":6},"end":{"line":379,"column":54}},"248":{"start":{"line":380,"column":6},"end":{"line":380,"column":41}},"249":{"start":{"line":381,"column":6},"end":{"line":383,"column":14}},"250":{"start":{"line":382,"column":8},"end":{"line":382,"column":58}},"251":{"start":{"line":382,"column":26},"end":{"line":382,"column":58}},"252":{"start":{"line":385,"column":17},"end":{"line":385,"column":60}},"253":{"start":{"line":386,"column":17},"end":{"line":386,"column":62}},"254":{"start":{"line":387,"column":19},"end":{"line":387,"column":39}},"255":{"start":{"line":388,"column":6},"end":{"line":388,"column":48}},"256":{"start":{"line":388,"column":16},"end":{"line":388,"column":48}},"257":{"start":{"line":395,"column":2},"end":{"line":395,"column":19}},"258":{"start":{"line":397,"column":2},"end":{"line":408,"column":5}},"259":{"start":{"line":398,"column":4},"end":{"line":407,"column":5}},"260":{"start":{"line":399,"column":6},"end":{"line":399,"column":71}},"261":{"start":{"line":400,"column":6},"end":{"line":400,"column":80}},"262":{"start":{"line":402,"column":6},"end":{"line":402,"column":53}},"263":{"start":{"line":403,"column":6},"end":{"line":403,"column":44}},"264":{"start":{"line":404,"column":6},"end":{"line":404,"column":39}},"265":{"start":{"line":406,"column":6},"end":{"line":406,"column":35}},"266":{"start":{"line":412,"column":2},"end":{"line":418,"column":5}},"267":{"start":{"line":413,"column":4},"end":{"line":417,"column":5}},"268":{"start":{"line":414,"column":6},"end":{"line":414,"column":62}},"269":{"start":{"line":415,"column":6},"end":{"line":415,"column":85}},"270":{"start":{"line":416,"column":6},"end":{"line":416,"column":39}},"271":{"start":{"line":419,"column":2},"end":{"line":419,"column":25}},"272":{"start":{"line":426,"column":2},"end":{"line":441,"column":3}},"273":{"start":{"line":427,"column":4},"end":{"line":427,"column":22}},"274":{"start":{"line":428,"column":4},"end":{"line":428,"column":22}},"275":{"start":{"line":429,"column":4},"end":{"line":429,"column":22}},"276":{"start":{"line":431,"column":19},"end":{"line":431,"column":63}},"277":{"start":{"line":432,"column":15},"end":{"line":432,"column":30}},"278":{"start":{"line":433,"column":15},"end":{"line":433,"column":33}},"279":{"start":{"line":434,"column":4},"end":{"line":434,"column":32}},"280":{"start":{"line":435,"column":4},"end":{"line":435,"column":34}},"281":{"start":{"line":436,"column":16},"end":{"line":436,"column":61}},"282":{"start":{"line":437,"column":14},"end":{"line":437,"column":33}},"283":{"start":{"line":438,"column":4},"end":{"line":438,"column":13}},"284":{"start":{"line":439,"column":4},"end":{"line":439,"column":19}},"285":{"start":{"line":440,"column":4},"end":{"line":440,"column":13}},"286":{"start":{"line":444,"column":2},"end":{"line":444,"column":16}},"287":{"start":{"line":445,"column":2},"end":{"line":445,"column":16}},"288":{"start":{"line":446,"column":2},"end":{"line":446,"column":16}},"289":{"start":{"line":448,"column":2},"end":{"line":448,"column":45}},"290":{"start":{"line":449,"column":2},"end":{"line":449,"column":59}},"291":{"start":{"line":450,"column":2},"end":{"line":450,"column":60}},"292":{"start":{"line":451,"column":2},"end":{"line":454,"column":4}},"293":{"start":{"line":455,"column":2},"end":{"line":455,"column":21}},"294":{"start":{"line":457,"column":2},"end":{"line":457,"column":37}},"295":{"start":{"line":458,"column":2},"end":{"line":458,"column":43}},"296":{"start":{"line":458,"column":19},"end":{"line":458,"column":36}},"297":{"start":{"line":461,"column":0},"end":{"line":464,"column":1}},"298":{"start":{"line":462,"column":4},"end":{"line":462,"column":29}},"299":{"start":{"line":463,"column":4},"end":{"line":463,"column":31}},"300":{"start":{"line":467,"column":2},"end":{"line":467,"column":67}},"301":{"start":{"line":467,"column":36},"end":{"line":467,"column":67}},"302":{"start":{"line":468,"column":2},"end":{"line":468,"column":73}},"303":{"start":{"line":468,"column":36},"end":{"line":468,"column":73}},"304":{"start":{"line":469,"column":2},"end":{"line":469,"column":74}},"305":{"start":{"line":469,"column":36},"end":{"line":469,"column":74}},"306":{"start":{"line":470,"column":2},"end":{"line":470,"column":75}},"307":{"start":{"line":470,"column":36},"end":{"line":470,"column":75}},"308":{"start":{"line":471,"column":2},"end":{"line":471,"column":74}},"309":{"start":{"line":471,"column":36},"end":{"line":471,"column":74}},"310":{"start":{"line":472,"column":2},"end":{"line":472,"column":76}},"311":{"start":{"line":472,"column":36},"end":{"line":472,"column":76}},"312":{"start":{"line":473,"column":2},"end":{"line":473,"column":73}},"313":{"start":{"line":473,"column":36},"end":{"line":473,"column":73}},"314":{"start":{"line":474,"column":2},"end":{"line":474,"column":73}},"315":{"start":{"line":474,"column":36},"end":{"line":474,"column":73}},"316":{"start":{"line":475,"column":2},"end":{"line":475,"column":74}},"317":{"start":{"line":475,"column":36},"end":{"line":475,"column":74}},"318":{"start":{"line":476,"column":2},"end":{"line":476,"column":76}},"319":{"start":{"line":476,"column":36},"end":{"line":476,"column":76}},"320":{"start":{"line":477,"column":2},"end":{"line":477,"column":71}},"321":{"start":{"line":477,"column":36},"end":{"line":477,"column":71}},"322":{"start":{"line":478,"column":2},"end":{"line":478,"column":71}},"323":{"start":{"line":478,"column":36},"end":{"line":478,"column":71}},"324":{"start":{"line":479,"column":2},"end":{"line":479,"column":71}},"325":{"start":{"line":479,"column":36},"end":{"line":479,"column":71}},"326":{"start":{"line":480,"column":2},"end":{"line":480,"column":80}},"327":{"start":{"line":480,"column":36},"end":{"line":480,"column":80}},"328":{"start":{"line":481,"column":2},"end":{"line":481,"column":75}},"329":{"start":{"line":481,"column":36},"end":{"line":481,"column":75}},"330":{"start":{"line":482,"column":2},"end":{"line":482,"column":76}},"331":{"start":{"line":482,"column":36},"end":{"line":482,"column":76}}},"fnMap":{"0":{"name":"registerOrgan","decl":{"start":{"line":37,"column":9},"end":{"line":37,"column":22}},"loc":{"start":{"line":37,"column":32},"end":{"line":44,"column":1}},"line":37},"1":{"name":"(anonymous_1)","decl":{"start":{"line":41,"column":28},"end":{"line":41,"column":29}},"loc":{"start":{"line":41,"column":39},"end":{"line":43,"column":3}},"line":41},"2":{"name":"(anonymous_2)","decl":{"start":{"line":46,"column":44},"end":{"line":46,"column":45}},"loc":{"start":{"line":46,"column":52},"end":{"line":48,"column":1}},"line":46},"3":{"name":"(anonymous_3)","decl":{"start":{"line":47,"column":38},"end":{"line":47,"column":39}},"loc":{"start":{"line":47,"column":44},"end":{"line":47,"column":61}},"line":47},"4":{"name":"(anonymous_4)","decl":{"start":{"line":50,"column":67},"end":{"line":50,"column":68}},"loc":{"start":{"line":50,"column":73},"end":{"line":52,"column":1}},"line":50},"5":{"name":"showModal","decl":{"start":{"line":54,"column":9},"end":{"line":54,"column":18}},"loc":{"start":{"line":54,"column":50},"end":{"line":68,"column":1}},"line":54},"6":{"name":"(anonymous_6)","decl":{"start":{"line":62,"column":21},"end":{"line":62,"column":22}},"loc":{"start":{"line":62,"column":27},"end":{"line":67,"column":3}},"line":62},"7":{"name":"startAR","decl":{"start":{"line":70,"column":15},"end":{"line":70,"column":22}},"loc":{"start":{"line":70,"column":25},"end":{"line":129,"column":1}},"line":70},"8":{"name":"showModal","decl":{"start":{"line":76,"column":11},"end":{"line":76,"column":20}},"loc":{"start":{"line":76,"column":52},"end":{"line":90,"column":1}},"line":76},"9":{"name":"(anonymous_9)","decl":{"start":{"line":84,"column":21},"end":{"line":84,"column":22}},"loc":{"start":{"line":84,"column":27},"end":{"line":89,"column":3}},"line":84},"10":{"name":"(anonymous_10)","decl":{"start":{"line":93,"column":11},"end":{"line":93,"column":12}},"loc":{"start":{"line":93,"column":17},"end":{"line":93,"column":22}},"line":93},"11":{"name":"initARSession","decl":{"start":{"line":132,"column":15},"end":{"line":132,"column":28}},"loc":{"start":{"line":132,"column":38},"end":{"line":211,"column":1}},"line":132},"12":{"name":"(anonymous_12)","decl":{"start":{"line":170,"column":4},"end":{"line":170,"column":5}},"loc":{"start":{"line":170,"column":10},"end":{"line":208,"column":5}},"line":170},"13":{"name":"(anonymous_13)","decl":{"start":{"line":171,"column":38},"end":{"line":171,"column":39}},"loc":{"start":{"line":171,"column":55},"end":{"line":207,"column":7}},"line":171},"14":{"name":"showARUI","decl":{"start":{"line":213,"column":9},"end":{"line":213,"column":17}},"loc":{"start":{"line":213,"column":20},"end":{"line":217,"column":1}},"line":213},"15":{"name":"onSessionEnd","decl":{"start":{"line":219,"column":9},"end":{"line":219,"column":21}},"loc":{"start":{"line":219,"column":24},"end":{"line":240,"column":1}},"line":219},"16":{"name":"(anonymous_16)","decl":{"start":{"line":242,"column":34},"end":{"line":242,"column":35}},"loc":{"start":{"line":242,"column":40},"end":{"line":244,"column":1}},"line":242},"17":{"name":"setMode","decl":{"start":{"line":247,"column":9},"end":{"line":247,"column":16}},"loc":{"start":{"line":247,"column":23},"end":{"line":268,"column":1}},"line":247},"18":{"name":"(anonymous_18)","decl":{"start":{"line":255,"column":15},"end":{"line":255,"column":16}},"loc":{"start":{"line":255,"column":21},"end":{"line":255,"column":55}},"line":255},"19":{"name":"(anonymous_19)","decl":{"start":{"line":266,"column":15},"end":{"line":266,"column":16}},"loc":{"start":{"line":266,"column":21},"end":{"line":266,"column":55}},"line":266},"20":{"name":"(anonymous_20)","decl":{"start":{"line":271,"column":62},"end":{"line":271,"column":63}},"loc":{"start":{"line":271,"column":69},"end":{"line":278,"column":1}},"line":271},"21":{"name":"(anonymous_21)","decl":{"start":{"line":281,"column":38},"end":{"line":281,"column":39}},"loc":{"start":{"line":281,"column":45},"end":{"line":293,"column":1}},"line":281},"22":{"name":"(anonymous_22)","decl":{"start":{"line":296,"column":36},"end":{"line":296,"column":37}},"loc":{"start":{"line":296,"column":43},"end":{"line":302,"column":1}},"line":296},"23":{"name":"(anonymous_23)","decl":{"start":{"line":304,"column":67},"end":{"line":304,"column":68}},"loc":{"start":{"line":304,"column":74},"end":{"line":310,"column":1}},"line":304},"24":{"name":"showInfo","decl":{"start":{"line":313,"column":9},"end":{"line":313,"column":17}},"loc":{"start":{"line":313,"column":31},"end":{"line":319,"column":1}},"line":313},"25":{"name":"(anonymous_25)","decl":{"start":{"line":317,"column":13},"end":{"line":317,"column":14}},"loc":{"start":{"line":317,"column":19},"end":{"line":317,"column":54}},"line":317},"26":{"name":"raycastOrgan","decl":{"start":{"line":322,"column":9},"end":{"line":322,"column":21}},"loc":{"start":{"line":322,"column":34},"end":{"line":336,"column":1}},"line":322},"27":{"name":"doCursorRaycast","decl":{"start":{"line":342,"column":9},"end":{"line":342,"column":24}},"loc":{"start":{"line":342,"column":27},"end":{"line":357,"column":1}},"line":342},"28":{"name":"(anonymous_28)","decl":{"start":{"line":360,"column":47},"end":{"line":360,"column":48}},"loc":{"start":{"line":360,"column":55},"end":{"line":364,"column":1}},"line":360},"29":{"name":"(anonymous_29)","decl":{"start":{"line":361,"column":65},"end":{"line":361,"column":66}},"loc":{"start":{"line":362,"column":4},"end":{"line":362,"column":75}},"line":362},"30":{"name":"(anonymous_30)","decl":{"start":{"line":362,"column":28},"end":{"line":362,"column":29}},"loc":{"start":{"line":362,"column":35},"end":{"line":362,"column":54}},"line":362},"31":{"name":"handleTouch","decl":{"start":{"line":368,"column":9},"end":{"line":368,"column":20}},"loc":{"start":{"line":368,"column":26},"end":{"line":391,"column":1}},"line":368},"32":{"name":"(anonymous_32)","decl":{"start":{"line":381,"column":17},"end":{"line":381,"column":18}},"loc":{"start":{"line":381,"column":23},"end":{"line":383,"column":7}},"line":381},"33":{"name":"highlightOrgan","decl":{"start":{"line":394,"column":9},"end":{"line":394,"column":23}},"loc":{"start":{"line":394,"column":36},"end":{"line":409,"column":1}},"line":394},"34":{"name":"(anonymous_34)","decl":{"start":{"line":397,"column":22},"end":{"line":397,"column":23}},"loc":{"start":{"line":397,"column":38},"end":{"line":408,"column":3}},"line":397},"35":{"name":"clearHighlight","decl":{"start":{"line":411,"column":9},"end":{"line":411,"column":23}},"loc":{"start":{"line":411,"column":26},"end":{"line":420,"column":1}},"line":411},"36":{"name":"(anonymous_36)","decl":{"start":{"line":412,"column":28},"end":{"line":412,"column":29}},"loc":{"start":{"line":412,"column":38},"end":{"line":418,"column":3}},"line":412},"37":{"name":"placeModel","decl":{"start":{"line":423,"column":9},"end":{"line":423,"column":19}},"loc":{"start":{"line":423,"column":22},"end":{"line":459,"column":1}},"line":423},"38":{"name":"(anonymous_38)","decl":{"start":{"line":458,"column":13},"end":{"line":458,"column":14}},"loc":{"start":{"line":458,"column":19},"end":{"line":458,"column":36}},"line":458},"39":{"name":"_setState","decl":{"start":{"line":466,"column":16},"end":{"line":466,"column":25}},"loc":{"start":{"line":466,"column":33},"end":{"line":483,"column":1}},"line":466}},"branchMap":{"0":{"loc":{"start":{"line":40,"column":2},"end":{"line":40,"column":21}},"type":"if","locations":[{"start":{"line":40,"column":2},"end":{"line":40,"column":21}},{"start":{},"end":{}}],"line":40},"1":{"loc":{"start":{"line":42,"column":4},"end":{"line":42,"column":62}},"type":"if","locations":[{"start":{"line":42,"column":4},"end":{"line":42,"column":62}},{"start":{},"end":{}}],"line":42},"2":{"loc":{"start":{"line":54,"column":28},"end":{"line":54,"column":48}},"type":"default-arg","locations":[{"start":{"line":54,"column":43},"end":{"line":54,"column":48}}],"line":54},"3":{"loc":{"start":{"line":64,"column":4},"end":{"line":66,"column":5}},"type":"if","locations":[{"start":{"line":64,"column":4},"end":{"line":66,"column":5}},{"start":{},"end":{}}],"line":64},"4":{"loc":{"start":{"line":71,"column":4},"end":{"line":74,"column":3}},"type":"if","locations":[{"start":{"line":71,"column":4},"end":{"line":74,"column":3}},{"start":{},"end":{}}],"line":71},"5":{"loc":{"start":{"line":76,"column":30},"end":{"line":76,"column":50}},"type":"default-arg","locations":[{"start":{"line":76,"column":45},"end":{"line":76,"column":50}}],"line":76},"6":{"loc":{"start":{"line":86,"column":4},"end":{"line":88,"column":5}},"type":"if","locations":[{"start":{"line":86,"column":4},"end":{"line":88,"column":5}},{"start":{},"end":{}}],"line":86},"7":{"loc":{"start":{"line":95,"column":4},"end":{"line":98,"column":4}},"type":"if","locations":[{"start":{"line":95,"column":4},"end":{"line":98,"column":4}},{"start":{},"end":{}}],"line":95},"8":{"loc":{"start":{"line":111,"column":28},"end":{"line":111,"column":57}},"type":"binary-expr","locations":[{"start":{"line":111,"column":28},"end":{"line":111,"column":51}},{"start":{"line":111,"column":55},"end":{"line":111,"column":57}}],"line":111},"9":{"loc":{"start":{"line":113,"column":4},"end":{"line":118,"column":5}},"type":"if","locations":[{"start":{"line":113,"column":4},"end":{"line":118,"column":5}},{"start":{},"end":{}}],"line":113},"10":{"loc":{"start":{"line":135,"column":2},"end":{"line":135,"column":23}},"type":"if","locations":[{"start":{"line":135,"column":2},"end":{"line":135,"column":23}},{"start":{},"end":{}}],"line":135},"11":{"loc":{"start":{"line":172,"column":8},"end":{"line":172,"column":77}},"type":"if","locations":[{"start":{"line":172,"column":8},"end":{"line":172,"column":77}},{"start":{},"end":{}}],"line":172},"12":{"loc":{"start":{"line":172,"column":12},"end":{"line":172,"column":68}},"type":"binary-expr","locations":[{"start":{"line":172,"column":12},"end":{"line":172,"column":18}},{"start":{"line":172,"column":22},"end":{"line":172,"column":33}},{"start":{"line":172,"column":37},"end":{"line":172,"column":68}}],"line":172},"13":{"loc":{"start":{"line":174,"column":8},"end":{"line":204,"column":9}},"type":"if","locations":[{"start":{"line":174,"column":8},"end":{"line":204,"column":9}},{"start":{},"end":{}}],"line":174},"14":{"loc":{"start":{"line":174,"column":12},"end":{"line":174,"column":63}},"type":"binary-expr","locations":[{"start":{"line":174,"column":12},"end":{"line":174,"column":32}},{"start":{"line":174,"column":36},"end":{"line":174,"column":49}},{"start":{"line":174,"column":53},"end":{"line":174,"column":63}}],"line":174},"15":{"loc":{"start":{"line":177,"column":10},"end":{"line":203,"column":11}},"type":"if","locations":[{"start":{"line":177,"column":10},"end":{"line":203,"column":11}},{"start":{"line":198,"column":17},"end":{"line":203,"column":11}}],"line":177},"16":{"loc":{"start":{"line":180,"column":12},"end":{"line":197,"column":13}},"type":"if","locations":[{"start":{"line":180,"column":12},"end":{"line":197,"column":13}},{"start":{},"end":{}}],"line":180},"17":{"loc":{"start":{"line":201,"column":12},"end":{"line":202,"column":72}},"type":"if","locations":[{"start":{"line":201,"column":12},"end":{"line":202,"column":72}},{"start":{},"end":{}}],"line":201},"18":{"loc":{"start":{"line":206,"column":8},"end":{"line":206,"column":49}},"type":"if","locations":[{"start":{"line":206,"column":8},"end":{"line":206,"column":49}},{"start":{},"end":{}}],"line":206},"19":{"loc":{"start":{"line":243,"column":2},"end":{"line":243,"column":33}},"type":"if","locations":[{"start":{"line":243,"column":2},"end":{"line":243,"column":33}},{"start":{},"end":{}}],"line":243},"20":{"loc":{"start":{"line":249,"column":2},"end":{"line":267,"column":3}},"type":"if","locations":[{"start":{"line":249,"column":2},"end":{"line":267,"column":3}},{"start":{"line":256,"column":9},"end":{"line":267,"column":3}}],"line":249},"21":{"loc":{"start":{"line":264,"column":7},"end":{"line":264,"column":66}},"type":"cond-expr","locations":[{"start":{"line":264,"column":47},"end":{"line":264,"column":61}},{"start":{"line":264,"column":64},"end":{"line":264,"column":66}}],"line":264},"22":{"loc":{"start":{"line":273,"column":2},"end":{"line":277,"column":3}},"type":"if","locations":[{"start":{"line":273,"column":2},"end":{"line":277,"column":3}},{"start":{"line":274,"column":7},"end":{"line":277,"column":3}}],"line":273},"23":{"loc":{"start":{"line":285,"column":2},"end":{"line":292,"column":3}},"type":"if","locations":[{"start":{"line":285,"column":2},"end":{"line":292,"column":3}},{"start":{},"end":{}}],"line":285},"24":{"loc":{"start":{"line":300,"column":2},"end":{"line":301,"column":62}},"type":"if","locations":[{"start":{"line":300,"column":2},"end":{"line":301,"column":62}},{"start":{},"end":{}}],"line":300},"25":{"loc":{"start":{"line":309,"column":2},"end":{"line":309,"column":64}},"type":"if","locations":[{"start":{"line":309,"column":2},"end":{"line":309,"column":64}},{"start":{},"end":{}}],"line":309},"26":{"loc":{"start":{"line":323,"column":2},"end":{"line":323,"column":42}},"type":"if","locations":[{"start":{"line":323,"column":2},"end":{"line":323,"column":42}},{"start":{},"end":{}}],"line":323},"27":{"loc":{"start":{"line":324,"column":14},"end":{"line":326,"column":50}},"type":"cond-expr","locations":[{"start":{"line":325,"column":6},"end":{"line":325,"column":35}},{"start":{"line":326,"column":6},"end":{"line":326,"column":50}}],"line":324},"28":{"loc":{"start":{"line":327,"column":2},"end":{"line":327,"column":24}},"type":"if","locations":[{"start":{"line":327,"column":2},"end":{"line":327,"column":24}},{"start":{},"end":{}}],"line":327},"29":{"loc":{"start":{"line":333,"column":4},"end":{"line":333,"column":26}},"type":"if","locations":[{"start":{"line":333,"column":4},"end":{"line":333,"column":26}},{"start":{},"end":{}}],"line":333},"30":{"loc":{"start":{"line":344,"column":2},"end":{"line":356,"column":3}},"type":"if","locations":[{"start":{"line":344,"column":2},"end":{"line":356,"column":3}},{"start":{"line":350,"column":9},"end":{"line":356,"column":3}}],"line":344},"31":{"loc":{"start":{"line":345,"column":4},"end":{"line":349,"column":5}},"type":"if","locations":[{"start":{"line":345,"column":4},"end":{"line":349,"column":5}},{"start":{},"end":{}}],"line":345},"32":{"loc":{"start":{"line":351,"column":4},"end":{"line":355,"column":5}},"type":"if","locations":[{"start":{"line":351,"column":4},"end":{"line":355,"column":5}},{"start":{},"end":{}}],"line":351},"33":{"loc":{"start":{"line":369,"column":2},"end":{"line":369,"column":26}},"type":"if","locations":[{"start":{"line":369,"column":2},"end":{"line":369,"column":26}},{"start":{},"end":{}}],"line":369},"34":{"loc":{"start":{"line":372,"column":2},"end":{"line":372,"column":46}},"type":"if","locations":[{"start":{"line":372,"column":2},"end":{"line":372,"column":46}},{"start":{},"end":{}}],"line":372},"35":{"loc":{"start":{"line":372,"column":6},"end":{"line":372,"column":37}},"type":"binary-expr","locations":[{"start":{"line":372,"column":6},"end":{"line":372,"column":12}},{"start":{"line":372,"column":16},"end":{"line":372,"column":37}}],"line":372},"36":{"loc":{"start":{"line":375,"column":2},"end":{"line":390,"column":3}},"type":"if","locations":[{"start":{"line":375,"column":2},"end":{"line":390,"column":3}},{"start":{"line":377,"column":9},"end":{"line":390,"column":3}}],"line":375},"37":{"loc":{"start":{"line":378,"column":4},"end":{"line":389,"column":5}},"type":"if","locations":[{"start":{"line":378,"column":4},"end":{"line":389,"column":5}},{"start":{"line":384,"column":11},"end":{"line":389,"column":5}}],"line":378},"38":{"loc":{"start":{"line":382,"column":8},"end":{"line":382,"column":58}},"type":"if","locations":[{"start":{"line":382,"column":8},"end":{"line":382,"column":58}},{"start":{},"end":{}}],"line":382},"39":{"loc":{"start":{"line":388,"column":6},"end":{"line":388,"column":48}},"type":"if","locations":[{"start":{"line":388,"column":6},"end":{"line":388,"column":48}},{"start":{},"end":{}}],"line":388},"40":{"loc":{"start":{"line":398,"column":4},"end":{"line":407,"column":5}},"type":"if","locations":[{"start":{"line":398,"column":4},"end":{"line":407,"column":5}},{"start":{},"end":{}}],"line":398},"41":{"loc":{"start":{"line":413,"column":4},"end":{"line":417,"column":5}},"type":"if","locations":[{"start":{"line":413,"column":4},"end":{"line":417,"column":5}},{"start":{},"end":{}}],"line":413},"42":{"loc":{"start":{"line":415,"column":40},"end":{"line":415,"column":84}},"type":"binary-expr","locations":[{"start":{"line":415,"column":40},"end":{"line":415,"column":79}},{"start":{"line":415,"column":83},"end":{"line":415,"column":84}}],"line":415},"43":{"loc":{"start":{"line":426,"column":2},"end":{"line":441,"column":3}},"type":"if","locations":[{"start":{"line":426,"column":2},"end":{"line":441,"column":3}},{"start":{"line":430,"column":9},"end":{"line":441,"column":3}}],"line":426},"44":{"loc":{"start":{"line":461,"column":0},"end":{"line":464,"column":1}},"type":"if","locations":[{"start":{"line":461,"column":0},"end":{"line":464,"column":1}},{"start":{},"end":{}}],"line":461},"45":{"loc":{"start":{"line":467,"column":2},"end":{"line":467,"column":67}},"type":"if","locations":[{"start":{"line":467,"column":2},"end":{"line":467,"column":67}},{"start":{},"end":{}}],"line":467},"46":{"loc":{"start":{"line":468,"column":2},"end":{"line":468,"column":73}},"type":"if","locations":[{"start":{"line":468,"column":2},"end":{"line":468,"column":73}},{"start":{},"end":{}}],"line":468},"47":{"loc":{"start":{"line":469,"column":2},"end":{"line":469,"column":74}},"type":"if","locations":[{"start":{"line":469,"column":2},"end":{"line":469,"column":74}},{"start":{},"end":{}}],"line":469},"48":{"loc":{"start":{"line":470,"column":2},"end":{"line":470,"column":75}},"type":"if","locations":[{"start":{"line":470,"column":2},"end":{"line":470,"column":75}},{"start":{},"end":{}}],"line":470},"49":{"loc":{"start":{"line":471,"column":2},"end":{"line":471,"column":74}},"type":"if","locations":[{"start":{"line":471,"column":2},"end":{"line":471,"column":74}},{"start":{},"end":{}}],"line":471},"50":{"loc":{"start":{"line":472,"column":2},"end":{"line":472,"column":76}},"type":"if","locations":[{"start":{"line":472,"column":2},"end":{"line":472,"column":76}},{"start":{},"end":{}}],"line":472},"51":{"loc":{"start":{"line":473,"column":2},"end":{"line":473,"column":73}},"type":"if","locations":[{"start":{"line":473,"column":2},"end":{"line":473,"column":73}},{"start":{},"end":{}}],"line":473},"52":{"loc":{"start":{"line":474,"column":2},"end":{"line":474,"column":73}},"type":"if","locations":[{"start":{"line":474,"column":2},"end":{"line":474,"column":73}},{"start":{},"end":{}}],"line":474},"53":{"loc":{"start":{"line":475,"column":2},"end":{"line":475,"column":74}},"type":"if","locations":[{"start":{"line":475,"column":2},"end":{"line":475,"column":74}},{"start":{},"end":{}}],"line":475},"54":{"loc":{"start":{"line":476,"column":2},"end":{"line":476,"column":76}},"type":"if","locations":[{"start":{"line":476,"column":2},"end":{"line":476,"column":76}},{"start":{},"end":{}}],"line":476},"55":{"loc":{"start":{"line":477,"column":2},"end":{"line":477,"column":71}},"type":"if","locations":[{"start":{"line":477,"column":2},"end":{"line":477,"column":71}},{"start":{},"end":{}}],"line":477},"56":{"loc":{"start":{"line":478,"column":2},"end":{"line":478,"column":71}},"type":"if","locations":[{"start":{"line":478,"column":2},"end":{"line":478,"column":71}},{"start":{},"end":{}}],"line":478},"57":{"loc":{"start":{"line":479,"column":2},"end":{"line":479,"column":71}},"type":"if","locations":[{"start":{"line":479,"column":2},"end":{"line":479,"column":71}},{"start":{},"end":{}}],"line":479},"58":{"loc":{"start":{"line":480,"column":2},"end":{"line":480,"column":80}},"type":"if","locations":[{"start":{"line":480,"column":2},"end":{"line":480,"column":80}},{"start":{},"end":{}}],"line":480},"59":{"loc":{"start":{"line":481,"column":2},"end":{"line":481,"column":75}},"type":"if","locations":[{"start":{"line":481,"column":2},"end":{"line":481,"column":75}},{"start":{},"end":{}}],"line":481},"60":{"loc":{"start":{"line":482,"column":2},"end":{"line":482,"column":76}},"type":"if","locations":[{"start":{"line":482,"column":2},"end":{"line":482,"column":76}},{"start":{},"end":{}}],"line":482}},"s":{"0":60,"1":60,"2":60,"3":60,"4":60,"5":60,"6":60,"7":60,"8":60,"9":60,"10":60,"11":60,"12":60,"13":60,"14":60,"15":60,"16":60,"17":60,"18":60,"19":60,"20":60,"21":60,"22":60,"23":60,"24":60,"25":60,"26":60,"27":60,"28":60,"29":60,"30":60,"31":3,"32":3,"33":3,"34":1,"35":2,"36":2,"37":1,"38":60,"39":1,"40":0,"41":60,"42":0,"43":60,"44":12,"45":12,"46":12,"47":12,"48":12,"49":12,"50":6,"51":6,"52":3,"53":5,"54":2,"55":2,"56":5,"57":5,"58":5,"59":5,"60":5,"61":5,"62":0,"63":0,"64":0,"65":3,"66":0,"67":3,"68":1,"69":1,"70":2,"71":2,"72":2,"73":1,"74":1,"75":1,"76":1,"77":1,"78":1,"79":0,"80":0,"81":0,"82":0,"83":0,"84":1,"85":1,"86":1,"87":4,"88":4,"89":4,"90":0,"91":4,"92":4,"93":4,"94":1,"95":1,"96":4,"97":4,"98":1,"99":4,"100":4,"101":1,"102":1,"103":1,"104":0,"105":4,"106":0,"107":0,"108":0,"109":0,"110":0,"111":0,"112":0,"113":0,"114":0,"115":0,"116":0,"117":0,"118":0,"119":0,"120":0,"121":0,"122":0,"123":0,"124":0,"125":0,"126":0,"127":0,"128":0,"129":0,"130":6,"131":6,"132":6,"133":3,"134":3,"135":3,"136":3,"137":3,"138":3,"139":3,"140":3,"141":3,"142":3,"143":3,"144":3,"145":3,"146":3,"147":3,"148":3,"149":3,"150":3,"151":3,"152":3,"153":60,"154":0,"155":0,"156":19,"157":19,"158":12,"159":12,"160":12,"161":12,"162":12,"163":12,"164":1,"165":7,"166":7,"167":7,"168":7,"169":7,"170":7,"171":7,"172":7,"173":1,"174":60,"175":1,"176":1,"177":0,"178":1,"179":1,"180":60,"181":3,"182":3,"183":3,"184":3,"185":0,"186":0,"187":0,"188":60,"189":1,"190":1,"191":1,"192":1,"193":0,"194":60,"195":2,"196":2,"197":2,"198":2,"199":2,"200":0,"201":5,"202":5,"203":5,"204":5,"205":1,"206":5,"207":9,"208":6,"209":3,"210":3,"211":0,"212":3,"213":3,"214":3,"215":3,"216":3,"217":3,"218":3,"219":0,"220":60,"221":60,"222":3,"223":3,"224":1,"225":1,"226":1,"227":1,"228":2,"229":2,"230":2,"231":2,"232":60,"233":242,"234":968,"235":0,"236":60,"237":6,"238":1,"239":5,"240":5,"241":5,"242":1,"243":4,"244":4,"245":1,"246":3,"247":2,"248":2,"249":2,"250":2,"251":2,"252":1,"253":1,"254":1,"255":1,"256":0,"257":7,"258":7,"259":2,"260":2,"261":2,"262":2,"263":2,"264":2,"265":2,"266":8,"267":1,"268":1,"269":1,"270":1,"271":8,"272":4,"273":2,"274":2,"275":2,"276":2,"277":2,"278":2,"279":2,"280":2,"281":2,"282":2,"283":2,"284":2,"285":2,"286":4,"287":4,"288":4,"289":4,"290":4,"291":4,"292":4,"293":4,"294":4,"295":4,"296":2,"297":60,"298":60,"299":60,"300":15,"301":3,"302":15,"303":7,"304":15,"305":3,"306":15,"307":1,"308":15,"309":1,"310":15,"311":0,"312":15,"313":0,"314":15,"315":3,"316":15,"317":0,"318":15,"319":0,"320":15,"321":0,"322":15,"323":0,"324":15,"325":0,"326":15,"327":0,"328":15,"329":4,"330":15,"331":2},"f":{"0":3,"1":2,"2":1,"3":0,"4":0,"5":12,"6":6,"7":5,"8":5,"9":0,"10":0,"11":4,"12":0,"13":0,"14":6,"15":3,"16":0,"17":19,"18":1,"19":1,"20":1,"21":3,"22":1,"23":2,"24":5,"25":1,"26":9,"27":3,"28":242,"29":968,"30":0,"31":6,"32":2,"33":7,"34":2,"35":8,"36":1,"37":4,"38":2,"39":15},"b":{"0":[1,2],"1":[1,1],"2":[9],"3":[3,3],"4":[2,3],"5":[5],"6":[0,0],"7":[1,2],"8":[1,0],"9":[1,0],"10":[0,4],"11":[0,0],"12":[0,0,0],"13":[0,0],"14":[0,0,0],"15":[0,0],"16":[0,0],"17":[0,0],"18":[0,0],"19":[0,0],"20":[12,7],"21":[0,7],"22":[0,1],"23":[0,3],"24":[0,1],"25":[0,2],"26":[6,3],"27":[1,2],"28":[0,3],"29":[3,0],"30":[1,2],"31":[1,0],"32":[2,0],"33":[1,5],"34":[1,4],"35":[5,5],"36":[1,3],"37":[2,1],"38":[2,0],"39":[0,1],"40":[2,0],"41":[1,0],"42":[1,0],"43":[2,2],"44":[60,0],"45":[3,12],"46":[7,8],"47":[3,12],"48":[1,14],"49":[1,14],"50":[0,15],"51":[0,15],"52":[3,12],"53":[0,15],"54":[0,15],"55":[0,15],"56":[0,15],"57":[0,15],"58":[0,15],"59":[4,11],"60":[2,13]},"_coverageSchema":"1a1c01bbd47fc00a2c39e90264f33305004495a9","hash":"2e4a87a93a30aaa25881d83157133c903ca9c584"}
,"C:\\Users\\Hype G12\\Downloads\\SKRIPSI\\Assets\\ARSkripsi\\src\\Components\\Blog.jsx": {"path":"C:\\Users\\Hype G12\\Downloads\\SKRIPSI\\Assets\\ARSkripsi\\src\\Components\\Blog.jsx","statementMap":{"0":{"start":{"line":7,"column":19},"end":{"line":7,"column":32}},"1":{"start":{"line":9,"column":22},"end":{"line":11,"column":3}},"2":{"start":{"line":10,"column":4},"end":{"line":10,"column":104}},"3":{"start":{"line":13,"column":20},"end":{"line":16,"column":3}},"4":{"start":{"line":14,"column":4},"end":{"line":14,"column":65}},"5":{"start":{"line":15,"column":4},"end":{"line":15,"column":54}},"6":{"start":{"line":18,"column":23},"end":{"line":23,"column":4}},"7":{"start":{"line":19,"column":26},"end":{"line":19,"column":90}},"8":{"start":{"line":20,"column":24},"end":{"line":21,"column":88}},"9":{"start":{"line":22,"column":4},"end":{"line":22,"column":40}},"10":{"start":{"line":25,"column":2},"end":{"line":69,"column":4}},"11":{"start":{"line":29,"column":10},"end":{"line":61,"column":16}},"12":{"start":{"line":32,"column":27},"end":{"line":32,"column":64}},"13":{"start":{"line":54,"column":18},"end":{"line":54,"column":38}},"14":{"start":{"line":55,"column":18},"end":{"line":55,"column":42}}},"fnMap":{"0":{"name":"Blog","decl":{"start":{"line":6,"column":9},"end":{"line":6,"column":13}},"loc":{"start":{"line":6,"column":61},"end":{"line":70,"column":1}},"line":6},"1":{"name":"(anonymous_1)","decl":{"start":{"line":9,"column":22},"end":{"line":9,"column":23}},"loc":{"start":{"line":9,"column":47},"end":{"line":11,"column":3}},"line":9},"2":{"name":"(anonymous_2)","decl":{"start":{"line":13,"column":20},"end":{"line":13,"column":21}},"loc":{"start":{"line":13,"column":32},"end":{"line":16,"column":3}},"line":13},"3":{"name":"(anonymous_3)","decl":{"start":{"line":18,"column":40},"end":{"line":18,"column":41}},"loc":{"start":{"line":18,"column":50},"end":{"line":23,"column":3}},"line":18},"4":{"name":"(anonymous_4)","decl":{"start":{"line":28,"column":25},"end":{"line":28,"column":26}},"loc":{"start":{"line":29,"column":10},"end":{"line":61,"column":16}},"line":29},"5":{"name":"(anonymous_5)","decl":{"start":{"line":32,"column":21},"end":{"line":32,"column":22}},"loc":{"start":{"line":32,"column":27},"end":{"line":32,"column":64}},"line":32},"6":{"name":"(anonymous_6)","decl":{"start":{"line":53,"column":25},"end":{"line":53,"column":26}},"loc":{"start":{"line":53,"column":32},"end":{"line":56,"column":17}},"line":53}},"branchMap":{"0":{"loc":{"start":{"line":6,"column":16},"end":{"line":6,"column":40}},"type":"default-arg","locations":[{"start":{"line":6,"column":35},"end":{"line":6,"column":40}}],"line":6},"1":{"loc":{"start":{"line":6,"column":42},"end":{"line":6,"column":57}},"type":"default-arg","locations":[{"start":{"line":6,"column":55},"end":{"line":6,"column":57}}],"line":6},"2":{"loc":{"start":{"line":19,"column":26},"end":{"line":19,"column":90}},"type":"binary-expr","locations":[{"start":{"line":19,"column":26},"end":{"line":19,"column":52}},{"start":{"line":19,"column":56},"end":{"line":19,"column":90}}],"line":19},"3":{"loc":{"start":{"line":20,"column":24},"end":{"line":21,"column":88}},"type":"binary-expr","locations":[{"start":{"line":20,"column":24},"end":{"line":20,"column":82}},{"start":{"line":21,"column":23},"end":{"line":21,"column":88}}],"line":20},"4":{"loc":{"start":{"line":22,"column":11},"end":{"line":22,"column":39}},"type":"binary-expr","locations":[{"start":{"line":22,"column":11},"end":{"line":22,"column":24}},{"start":{"line":22,"column":28},"end":{"line":22,"column":39}}],"line":22},"5":{"loc":{"start":{"line":27,"column":7},"end":{"line":67,"column":7}},"type":"cond-expr","locations":[{"start":{"line":28,"column":8},"end":{"line":62,"column":10}},{"start":{"line":64,"column":8},"end":{"line":66,"column":14}}],"line":27}},"s":{"0":6,"1":6,"2":7,"3":6,"4":1,"5":1,"6":6,"7":12,"8":12,"9":12,"10":6,"11":7,"12":1,"13":1,"14":1},"f":{"0":6,"1":7,"2":1,"3":12,"4":7,"5":1,"6":1},"b":{"0":[0],"1":[0],"2":[12,4],"3":[12,3],"4":[12,10],"5":[5,1]},"_coverageSchema":"1a1c01bbd47fc00a2c39e90264f33305004495a9","hash":"55cdd2965c1cccd0737edbe4ced7ca2a7d00570a"}
,"C:\\Users\\Hype G12\\Downloads\\SKRIPSI\\Assets\\ARSkripsi\\src\\Components\\IntroPost.jsx": {"path":"C:\\Users\\Hype G12\\Downloads\\SKRIPSI\\Assets\\ARSkripsi\\src\\Components\\IntroPost.jsx","statementMap":{"0":{"start":{"line":7,"column":19},"end":{"line":7,"column":32}},"1":{"start":{"line":9,"column":22},"end":{"line":16,"column":3}},"2":{"start":{"line":10,"column":4},"end":{"line":15,"column":5}},"3":{"start":{"line":11,"column":6},"end":{"line":11,"column":95}},"4":{"start":{"line":13,"column":6},"end":{"line":13,"column":62}},"5":{"start":{"line":14,"column":6},"end":{"line":14,"column":72}},"6":{"start":{"line":18,"column":19},"end":{"line":21,"column":3}},"7":{"start":{"line":19,"column":4},"end":{"line":19,"column":65}},"8":{"start":{"line":20,"column":4},"end":{"line":20,"column":54}},"9":{"start":{"line":23,"column":23},"end":{"line":25,"column":65}},"10":{"start":{"line":25,"column":30},"end":{"line":25,"column":64}},"11":{"start":{"line":27,"column":2},"end":{"line":70,"column":4}},"12":{"start":{"line":31,"column":10},"end":{"line":62,"column":16}},"13":{"start":{"line":34,"column":27},"end":{"line":34,"column":65}},"14":{"start":{"line":54,"column":20},"end":{"line":54,"column":40}},"15":{"start":{"line":55,"column":20},"end":{"line":55,"column":44}}},"fnMap":{"0":{"name":"IntroPost","decl":{"start":{"line":6,"column":9},"end":{"line":6,"column":18}},"loc":{"start":{"line":6,"column":49},"end":{"line":71,"column":1}},"line":6},"1":{"name":"(anonymous_1)","decl":{"start":{"line":9,"column":22},"end":{"line":9,"column":23}},"loc":{"start":{"line":9,"column":37},"end":{"line":16,"column":3}},"line":9},"2":{"name":"(anonymous_2)","decl":{"start":{"line":18,"column":19},"end":{"line":18,"column":20}},"loc":{"start":{"line":18,"column":31},"end":{"line":21,"column":3}},"line":18},"3":{"name":"(anonymous_3)","decl":{"start":{"line":25,"column":22},"end":{"line":25,"column":23}},"loc":{"start":{"line":25,"column":30},"end":{"line":25,"column":64}},"line":25},"4":{"name":"(anonymous_4)","decl":{"start":{"line":30,"column":25},"end":{"line":30,"column":26}},"loc":{"start":{"line":31,"column":10},"end":{"line":62,"column":16}},"line":31},"5":{"name":"(anonymous_5)","decl":{"start":{"line":34,"column":21},"end":{"line":34,"column":22}},"loc":{"start":{"line":34,"column":27},"end":{"line":34,"column":65}},"line":34},"6":{"name":"(anonymous_6)","decl":{"start":{"line":53,"column":27},"end":{"line":53,"column":28}},"loc":{"start":{"line":53,"column":34},"end":{"line":56,"column":19}},"line":53}},"branchMap":{"0":{"loc":{"start":{"line":6,"column":21},"end":{"line":6,"column":45}},"type":"default-arg","locations":[{"start":{"line":6,"column":40},"end":{"line":6,"column":45}}],"line":6},"1":{"loc":{"start":{"line":23,"column":23},"end":{"line":25,"column":65}},"type":"cond-expr","locations":[{"start":{"line":24,"column":6},"end":{"line":24,"column":14}},{"start":{"line":25,"column":6},"end":{"line":25,"column":65}}],"line":23},"2":{"loc":{"start":{"line":29,"column":7},"end":{"line":68,"column":7}},"type":"cond-expr","locations":[{"start":{"line":30,"column":8},"end":{"line":63,"column":10}},{"start":{"line":65,"column":8},"end":{"line":67,"column":14}}],"line":29}},"s":{"0":7,"1":7,"2":7,"3":7,"4":1,"5":1,"6":7,"7":1,"8":1,"9":7,"10":12,"11":7,"12":7,"13":1,"14":1,"15":1},"f":{"0":7,"1":7,"2":1,"3":12,"4":7,"5":1,"6":1},"b":{"0":[0],"1":[1,6],"2":[6,1]},"_coverageSchema":"1a1c01bbd47fc00a2c39e90264f33305004495a9","hash":"77693d9e61a53622bf67e69826e85d4b28fed147"}
,"C:\\Users\\Hype G12\\Downloads\\SKRIPSI\\Assets\\ARSkripsi\\src\\Components\\Search.jsx": {"path":"C:\\Users\\Hype G12\\Downloads\\SKRIPSI\\Assets\\ARSkripsi\\src\\Components\\Search.jsx","statementMap":{"0":{"start":{"line":7,"column":19},"end":{"line":7,"column":32}},"1":{"start":{"line":9,"column":15},"end":{"line":14,"column":3}},"2":{"start":{"line":16,"column":22},"end":{"line":16,"column":74}},"3":{"start":{"line":16,"column":44},"end":{"line":16,"column":73}},"4":{"start":{"line":18,"column":2},"end":{"line":47,"column":4}},"5":{"start":{"line":22,"column":25},"end":{"line":22,"column":38}},"6":{"start":{"line":35,"column":10},"end":{"line":43,"column":15}},"7":{"start":{"line":37,"column":27},"end":{"line":37,"column":54}}},"fnMap":{"0":{"name":"Search","decl":{"start":{"line":6,"column":9},"end":{"line":6,"column":15}},"loc":{"start":{"line":6,"column":55},"end":{"line":48,"column":1}},"line":6},"1":{"name":"(anonymous_1)","decl":{"start":{"line":16,"column":37},"end":{"line":16,"column":38}},"loc":{"start":{"line":16,"column":44},"end":{"line":16,"column":73}},"line":16},"2":{"name":"(anonymous_2)","decl":{"start":{"line":22,"column":19},"end":{"line":22,"column":20}},"loc":{"start":{"line":22,"column":25},"end":{"line":22,"column":38}},"line":22},"3":{"name":"(anonymous_3)","decl":{"start":{"line":34,"column":18},"end":{"line":34,"column":19}},"loc":{"start":{"line":35,"column":10},"end":{"line":43,"column":15}},"line":35},"4":{"name":"(anonymous_4)","decl":{"start":{"line":37,"column":21},"end":{"line":37,"column":22}},"loc":{"start":{"line":37,"column":27},"end":{"line":37,"column":54}},"line":37}},"branchMap":{"0":{"loc":{"start":{"line":39,"column":14},"end":{"line":39,"column":75}},"type":"cond-expr","locations":[{"start":{"line":39,"column":38},"end":{"line":39,"column":54}},{"start":{"line":39,"column":57},"end":{"line":39,"column":75}}],"line":39}},"s":{"0":3,"1":3,"2":3,"3":5,"4":3,"5":0,"6":12,"7":1},"f":{"0":3,"1":5,"2":0,"3":12,"4":1},"b":{"0":[3,9]},"_coverageSchema":"1a1c01bbd47fc00a2c39e90264f33305004495a9","hash":"154acde7d01c709483c0767a7fdf673771057307"}
,"C:\\Users\\Hype G12\\Downloads\\SKRIPSI\\Assets\\ARSkripsi\\src\\Pages\\BlogDetail.jsx": {"path":"C:\\Users\\Hype G12\\Downloads\\SKRIPSI\\Assets\\ARSkripsi\\src\\Pages\\BlogDetail.jsx","statementMap":{"0":{"start":{"line":7,"column":19},"end":{"line":7,"column":30}},"1":{"start":{"line":8,"column":19},"end":{"line":8,"column":32}},"2":{"start":{"line":9,"column":30},"end":{"line":9,"column":44}},"3":{"start":{"line":11,"column":2},"end":{"line":20,"column":23}},"4":{"start":{"line":12,"column":24},"end":{"line":12,"column":68}},"5":{"start":{"line":12,"column":49},"end":{"line":12,"column":67}},"6":{"start":{"line":14,"column":4},"end":{"line":19,"column":5}},"7":{"start":{"line":15,"column":6},"end":{"line":15,"column":29}},"8":{"start":{"line":17,"column":6},"end":{"line":17,"column":38}},"9":{"start":{"line":18,"column":6},"end":{"line":18,"column":20}},"10":{"start":{"line":22,"column":22},"end":{"line":31,"column":3}},"11":{"start":{"line":23,"column":4},"end":{"line":30,"column":5}},"12":{"start":{"line":24,"column":6},"end":{"line":27,"column":13}},"13":{"start":{"line":29,"column":6},"end":{"line":29,"column":72}},"14":{"start":{"line":33,"column":21},"end":{"line":36,"column":3}},"15":{"start":{"line":34,"column":4},"end":{"line":34,"column":65}},"16":{"start":{"line":35,"column":4},"end":{"line":35,"column":54}},"17":{"start":{"line":38,"column":2},"end":{"line":44,"column":3}},"18":{"start":{"line":39,"column":4},"end":{"line":43,"column":6}},"19":{"start":{"line":46,"column":2},"end":{"line":109,"column":4}},"20":{"start":{"line":48,"column":29},"end":{"line":48,"column":41}},"21":{"start":{"line":68,"column":25},"end":{"line":68,"column":50}},"22":{"start":{"line":85,"column":16},"end":{"line":85,"column":39}},"23":{"start":{"line":93,"column":16},"end":{"line":93,"column":39}},"24":{"start":{"line":103,"column":14},"end":{"line":103,"column":37}}},"fnMap":{"0":{"name":"BlogDetail","decl":{"start":{"line":6,"column":24},"end":{"line":6,"column":34}},"loc":{"start":{"line":6,"column":37},"end":{"line":110,"column":1}},"line":6},"1":{"name":"(anonymous_1)","decl":{"start":{"line":11,"column":12},"end":{"line":11,"column":13}},"loc":{"start":{"line":11,"column":18},"end":{"line":20,"column":3}},"line":11},"2":{"name":"(anonymous_2)","decl":{"start":{"line":12,"column":39},"end":{"line":12,"column":40}},"loc":{"start":{"line":12,"column":49},"end":{"line":12,"column":67}},"line":12},"3":{"name":"(anonymous_3)","decl":{"start":{"line":22,"column":22},"end":{"line":22,"column":23}},"loc":{"start":{"line":22,"column":47},"end":{"line":31,"column":3}},"line":22},"4":{"name":"(anonymous_4)","decl":{"start":{"line":33,"column":21},"end":{"line":33,"column":22}},"loc":{"start":{"line":33,"column":33},"end":{"line":36,"column":3}},"line":33},"5":{"name":"(anonymous_5)","decl":{"start":{"line":48,"column":23},"end":{"line":48,"column":24}},"loc":{"start":{"line":48,"column":29},"end":{"line":48,"column":41}},"line":48},"6":{"name":"(anonymous_6)","decl":{"start":{"line":68,"column":19},"end":{"line":68,"column":20}},"loc":{"start":{"line":68,"column":25},"end":{"line":68,"column":50}},"line":68},"7":{"name":"(anonymous_7)","decl":{"start":{"line":84,"column":36},"end":{"line":84,"column":37}},"loc":{"start":{"line":85,"column":16},"end":{"line":85,"column":39}},"line":85},"8":{"name":"(anonymous_8)","decl":{"start":{"line":92,"column":33},"end":{"line":92,"column":34}},"loc":{"start":{"line":93,"column":16},"end":{"line":93,"column":39}},"line":93},"9":{"name":"(anonymous_9)","decl":{"start":{"line":102,"column":33},"end":{"line":102,"column":34}},"loc":{"start":{"line":103,"column":14},"end":{"line":103,"column":37}},"line":103}},"branchMap":{"0":{"loc":{"start":{"line":14,"column":4},"end":{"line":19,"column":5}},"type":"if","locations":[{"start":{"line":14,"column":4},"end":{"line":19,"column":5}},{"start":{"line":16,"column":11},"end":{"line":19,"column":5}}],"line":14},"1":{"loc":{"start":{"line":38,"column":2},"end":{"line":44,"column":3}},"type":"if","locations":[{"start":{"line":38,"column":2},"end":{"line":44,"column":3}},{"start":{},"end":{}}],"line":38}},"s":{"0":5,"1":5,"2":5,"3":5,"4":3,"5":3,"6":3,"7":2,"8":1,"9":1,"10":5,"11":2,"12":2,"13":0,"14":5,"15":0,"16":0,"17":5,"18":3,"19":2,"20":0,"21":0,"22":2,"23":2,"24":2},"f":{"0":5,"1":3,"2":3,"3":2,"4":0,"5":0,"6":0,"7":2,"8":2,"9":2},"b":{"0":[2,1],"1":[3,2]},"_coverageSchema":"1a1c01bbd47fc00a2c39e90264f33305004495a9","hash":"4d3316157574edda3829e3691a8e2e3eb7dff39e"}
,"C:\\Users\\Hype G12\\Downloads\\SKRIPSI\\Assets\\ARSkripsi\\src\\Pages\\IntroDetail.jsx": {"path":"C:\\Users\\Hype G12\\Downloads\\SKRIPSI\\Assets\\ARSkripsi\\src\\Pages\\IntroDetail.jsx","statementMap":{"0":{"start":{"line":7,"column":19},"end":{"line":7,"column":30}},"1":{"start":{"line":8,"column":19},"end":{"line":8,"column":32}},"2":{"start":{"line":9,"column":30},"end":{"line":9,"column":44}},"3":{"start":{"line":11,"column":2},"end":{"line":19,"column":23}},"4":{"start":{"line":12,"column":24},"end":{"line":12,"column":67}},"5":{"start":{"line":12,"column":48},"end":{"line":12,"column":66}},"6":{"start":{"line":13,"column":4},"end":{"line":18,"column":5}},"7":{"start":{"line":14,"column":6},"end":{"line":14,"column":29}},"8":{"start":{"line":16,"column":6},"end":{"line":16,"column":38}},"9":{"start":{"line":17,"column":6},"end":{"line":17,"column":20}},"10":{"start":{"line":21,"column":21},"end":{"line":24,"column":3}},"11":{"start":{"line":22,"column":4},"end":{"line":22,"column":65}},"12":{"start":{"line":23,"column":4},"end":{"line":23,"column":54}},"13":{"start":{"line":26,"column":22},"end":{"line":35,"column":3}},"14":{"start":{"line":27,"column":4},"end":{"line":34,"column":5}},"15":{"start":{"line":28,"column":6},"end":{"line":31,"column":13}},"16":{"start":{"line":33,"column":6},"end":{"line":33,"column":72}},"17":{"start":{"line":37,"column":2},"end":{"line":37,"column":71}},"18":{"start":{"line":37,"column":15},"end":{"line":37,"column":71}},"19":{"start":{"line":39,"column":2},"end":{"line":120,"column":4}},"20":{"start":{"line":41,"column":29},"end":{"line":41,"column":41}},"21":{"start":{"line":61,"column":25},"end":{"line":61,"column":50}},"22":{"start":{"line":80,"column":14},"end":{"line":85,"column":20}},"23":{"start":{"line":96,"column":16},"end":{"line":96,"column":39}},"24":{"start":{"line":104,"column":16},"end":{"line":104,"column":39}},"25":{"start":{"line":114,"column":14},"end":{"line":114,"column":37}}},"fnMap":{"0":{"name":"IntroDetail","decl":{"start":{"line":6,"column":24},"end":{"line":6,"column":35}},"loc":{"start":{"line":6,"column":38},"end":{"line":121,"column":1}},"line":6},"1":{"name":"(anonymous_1)","decl":{"start":{"line":11,"column":12},"end":{"line":11,"column":13}},"loc":{"start":{"line":11,"column":18},"end":{"line":19,"column":3}},"line":11},"2":{"name":"(anonymous_2)","decl":{"start":{"line":12,"column":38},"end":{"line":12,"column":39}},"loc":{"start":{"line":12,"column":48},"end":{"line":12,"column":66}},"line":12},"3":{"name":"(anonymous_3)","decl":{"start":{"line":21,"column":21},"end":{"line":21,"column":22}},"loc":{"start":{"line":21,"column":33},"end":{"line":24,"column":3}},"line":21},"4":{"name":"(anonymous_4)","decl":{"start":{"line":26,"column":22},"end":{"line":26,"column":23}},"loc":{"start":{"line":26,"column":37},"end":{"line":35,"column":3}},"line":26},"5":{"name":"(anonymous_5)","decl":{"start":{"line":41,"column":23},"end":{"line":41,"column":24}},"loc":{"start":{"line":41,"column":29},"end":{"line":41,"column":41}},"line":41},"6":{"name":"(anonymous_6)","decl":{"start":{"line":61,"column":19},"end":{"line":61,"column":20}},"loc":{"start":{"line":61,"column":25},"end":{"line":61,"column":50}},"line":61},"7":{"name":"(anonymous_7)","decl":{"start":{"line":79,"column":37},"end":{"line":79,"column":38}},"loc":{"start":{"line":80,"column":14},"end":{"line":85,"column":20}},"line":80},"8":{"name":"(anonymous_8)","decl":{"start":{"line":95,"column":36},"end":{"line":95,"column":37}},"loc":{"start":{"line":96,"column":16},"end":{"line":96,"column":39}},"line":96},"9":{"name":"(anonymous_9)","decl":{"start":{"line":103,"column":33},"end":{"line":103,"column":34}},"loc":{"start":{"line":104,"column":16},"end":{"line":104,"column":39}},"line":104},"10":{"name":"(anonymous_10)","decl":{"start":{"line":113,"column":33},"end":{"line":113,"column":34}},"loc":{"start":{"line":114,"column":14},"end":{"line":114,"column":37}},"line":114}},"branchMap":{"0":{"loc":{"start":{"line":13,"column":4},"end":{"line":18,"column":5}},"type":"if","locations":[{"start":{"line":13,"column":4},"end":{"line":18,"column":5}},{"start":{"line":15,"column":11},"end":{"line":18,"column":5}}],"line":13},"1":{"loc":{"start":{"line":37,"column":2},"end":{"line":37,"column":71}},"type":"if","locations":[{"start":{"line":37,"column":2},"end":{"line":37,"column":71}},{"start":{},"end":{}}],"line":37}},"s":{"0":5,"1":5,"2":5,"3":5,"4":3,"5":3,"6":3,"7":2,"8":1,"9":1,"10":5,"11":0,"12":0,"13":5,"14":2,"15":2,"16":0,"17":5,"18":3,"19":2,"20":0,"21":0,"22":4,"23":2,"24":2,"25":2},"f":{"0":5,"1":3,"2":3,"3":0,"4":2,"5":0,"6":0,"7":4,"8":2,"9":2,"10":2},"b":{"0":[2,1],"1":[3,2]},"_coverageSchema":"1a1c01bbd47fc00a2c39e90264f33305004495a9","hash":"a4f4537204a0e20ca8c14f19905605ff984355c2"}
,"C:\\Users\\Hype G12\\Downloads\\SKRIPSI\\Assets\\ARSkripsi\\src\\Pages\\MateriPembelajaran.jsx": {"path":"C:\\Users\\Hype G12\\Downloads\\SKRIPSI\\Assets\\ARSkripsi\\src\\Pages\\MateriPembelajaran.jsx","statementMap":{"0":{"start":{"line":8,"column":42},"end":{"line":8,"column":59}},"1":{"start":{"line":10,"column":27},"end":{"line":10,"column":64}},"2":{"start":{"line":11,"column":21},"end":{"line":11,"column":53}},"3":{"start":{"line":13,"column":31},"end":{"line":15,"column":3}},"4":{"start":{"line":14,"column":4},"end":{"line":14,"column":43}},"5":{"start":{"line":18,"column":2},"end":{"line":37,"column":4}}},"fnMap":{"0":{"name":"MateriPembelajaran","decl":{"start":{"line":7,"column":9},"end":{"line":7,"column":27}},"loc":{"start":{"line":7,"column":30},"end":{"line":38,"column":1}},"line":7},"1":{"name":"(anonymous_1)","decl":{"start":{"line":13,"column":31},"end":{"line":13,"column":32}},"loc":{"start":{"line":13,"column":45},"end":{"line":15,"column":3}},"line":13}},"branchMap":{"0":{"loc":{"start":{"line":10,"column":27},"end":{"line":10,"column":64}},"type":"binary-expr","locations":[{"start":{"line":10,"column":27},"end":{"line":10,"column":55}},{"start":{"line":10,"column":59},"end":{"line":10,"column":64}}],"line":10},"1":{"loc":{"start":{"line":11,"column":21},"end":{"line":11,"column":53}},"type":"binary-expr","locations":[{"start":{"line":11,"column":21},"end":{"line":11,"column":47}},{"start":{"line":11,"column":51},"end":{"line":11,"column":53}}],"line":11},"2":{"loc":{"start":{"line":29,"column":7},"end":{"line":34,"column":7}},"type":"binary-expr","locations":[{"start":{"line":29,"column":7},"end":{"line":29,"column":33}},{"start":{"line":30,"column":8},"end":{"line":33,"column":10}}],"line":29}},"s":{"0":3,"1":3,"2":3,"3":3,"4":0,"5":3},"f":{"0":3,"1":0},"b":{"0":[3,0],"1":[3,3],"2":[3,1]},"_coverageSchema":"1a1c01bbd47fc00a2c39e90264f33305004495a9","hash":"82813c14013efbbe3c10fc7f2562f7608d92eafe"}
,"C:\\Users\\Hype G12\\Downloads\\SKRIPSI\\Assets\\ARSkripsi\\src\\quiz\\end-screen.jsx": {"path":"C:\\Users\\Hype G12\\Downloads\\SKRIPSI\\Assets\\ARSkripsi\\src\\quiz\\end-screen.jsx","statementMap":{"0":{"start":{"line":8,"column":2},"end":{"line":13,"column":4}},"1":{"start":{"line":24,"column":17},"end":{"line":50,"column":1}},"2":{"start":{"line":25,"column":2},"end":{"line":49,"column":3}},"3":{"start":{"line":26,"column":4},"end":{"line":30,"column":6}},"4":{"start":{"line":31,"column":9},"end":{"line":49,"column":3}},"5":{"start":{"line":32,"column":4},"end":{"line":36,"column":6}},"6":{"start":{"line":37,"column":9},"end":{"line":49,"column":3}},"7":{"start":{"line":38,"column":4},"end":{"line":42,"column":6}},"8":{"start":{"line":44,"column":4},"end":{"line":48,"column":6}},"9":{"start":{"line":63,"column":28},"end":{"line":63,"column":47}},"10":{"start":{"line":64,"column":16},"end":{"line":64,"column":41}},"11":{"start":{"line":65,"column":19},"end":{"line":65,"column":32}},"12":{"start":{"line":67,"column":2},"end":{"line":124,"column":4}},"13":{"start":{"line":118,"column":54},"end":{"line":118,"column":67}}},"fnMap":{"0":{"name":"EndStat","decl":{"start":{"line":7,"column":9},"end":{"line":7,"column":16}},"loc":{"start":{"line":7,"column":35},"end":{"line":14,"column":1}},"line":7},"1":{"name":"(anonymous_1)","decl":{"start":{"line":24,"column":17},"end":{"line":24,"column":18}},"loc":{"start":{"line":24,"column":28},"end":{"line":50,"column":1}},"line":24},"2":{"name":"EndScreen","decl":{"start":{"line":52,"column":9},"end":{"line":52,"column":18}},"loc":{"start":{"line":62,"column":3},"end":{"line":125,"column":1}},"line":62},"3":{"name":"(anonymous_3)","decl":{"start":{"line":118,"column":48},"end":{"line":118,"column":49}},"loc":{"start":{"line":118,"column":54},"end":{"line":118,"column":67}},"line":118}},"branchMap":{"0":{"loc":{"start":{"line":25,"column":2},"end":{"line":49,"column":3}},"type":"if","locations":[{"start":{"line":25,"column":2},"end":{"line":49,"column":3}},{"start":{"line":31,"column":9},"end":{"line":49,"column":3}}],"line":25},"1":{"loc":{"start":{"line":31,"column":9},"end":{"line":49,"column":3}},"type":"if","locations":[{"start":{"line":31,"column":9},"end":{"line":49,"column":3}},{"start":{"line":37,"column":9},"end":{"line":49,"column":3}}],"line":31},"2":{"loc":{"start":{"line":37,"column":9},"end":{"line":49,"column":3}},"type":"if","locations":[{"start":{"line":37,"column":9},"end":{"line":49,"column":3}},{"start":{"line":43,"column":9},"end":{"line":49,"column":3}}],"line":37},"3":{"loc":{"start":{"line":64,"column":25},"end":{"line":64,"column":40}},"type":"binary-expr","locations":[{"start":{"line":64,"column":25},"end":{"line":64,"column":35}},{"start":{"line":64,"column":39},"end":{"line":64,"column":40}}],"line":64},"4":{"loc":{"start":{"line":74,"column":11},"end":{"line":83,"column":11}},"type":"cond-expr","locations":[{"start":{"line":75,"column":12},"end":{"line":80,"column":18}},{"start":{"line":82,"column":12},"end":{"line":82,"column":56}}],"line":74},"5":{"loc":{"start":{"line":110,"column":9},"end":{"line":112,"column":9}},"type":"binary-expr","locations":[{"start":{"line":110,"column":9},"end":{"line":110,"column":23}},{"start":{"line":111,"column":10},"end":{"line":111,"column":65}}],"line":110}},"s":{"0":54,"1":2,"2":18,"3":1,"4":17,"5":1,"6":16,"7":1,"8":15,"9":18,"10":18,"11":18,"12":18,"13":0},"f":{"0":54,"1":18,"2":18,"3":0},"b":{"0":[1,17],"1":[1,16],"2":[1,15],"3":[18,0],"4":[2,16],"5":[18,2]},"_coverageSchema":"1a1c01bbd47fc00a2c39e90264f33305004495a9","hash":"fb8019b2487c2a1429fe76d57a304eb91f02a69d"}
,"C:\\Users\\Hype G12\\Downloads\\SKRIPSI\\Assets\\ARSkripsi\\src\\quiz\\game.jsx": {"path":"C:\\Users\\Hype G12\\Downloads\\SKRIPSI\\Assets\\ARSkripsi\\src\\quiz\\game.jsx","statementMap":{"0":{"start":{"line":17,"column":21},"end":{"line":17,"column":22}},"1":{"start":{"line":19,"column":28},"end":{"line":22,"column":20}},"2":{"start":{"line":20,"column":21},"end":{"line":20,"column":40}},"3":{"start":{"line":21,"column":4},"end":{"line":21,"column":43}},"4":{"start":{"line":24,"column":36},"end":{"line":29,"column":4}},"5":{"start":{"line":31,"column":61},"end":{"line":31,"column":70}},"6":{"start":{"line":33,"column":20},"end":{"line":33,"column":47}},"7":{"start":{"line":34,"column":21},"end":{"line":34,"column":38}},"8":{"start":{"line":36,"column":25},"end":{"line":36,"column":62}},"9":{"start":{"line":37,"column":18},"end":{"line":37,"column":63}},"10":{"start":{"line":39,"column":23},"end":{"line":39,"column":28}},"11":{"start":{"line":41,"column":2},"end":{"line":47,"column":3}},"12":{"start":{"line":42,"column":4},"end":{"line":46,"column":5}},"13":{"start":{"line":43,"column":6},"end":{"line":43,"column":29}},"14":{"start":{"line":44,"column":6},"end":{"line":44,"column":56}},"15":{"start":{"line":45,"column":6},"end":{"line":45,"column":28}},"16":{"start":{"line":49,"column":25},"end":{"line":49,"column":40}},"17":{"start":{"line":51,"column":22},"end":{"line":58,"column":3}},"18":{"start":{"line":52,"column":4},"end":{"line":57,"column":7}},"19":{"start":{"line":60,"column":27},"end":{"line":72,"column":3}},"20":{"start":{"line":61,"column":4},"end":{"line":71,"column":5}},"21":{"start":{"line":62,"column":6},"end":{"line":65,"column":10}},"22":{"start":{"line":62,"column":30},"end":{"line":65,"column":7}},"23":{"start":{"line":67,"column":6},"end":{"line":70,"column":10}},"24":{"start":{"line":67,"column":30},"end":{"line":70,"column":7}},"25":{"start":{"line":74,"column":27},"end":{"line":96,"column":3}},"26":{"start":{"line":75,"column":4},"end":{"line":95,"column":5}},"27":{"start":{"line":76,"column":6},"end":{"line":79,"column":10}},"28":{"start":{"line":76,"column":30},"end":{"line":79,"column":7}},"29":{"start":{"line":81,"column":23},"end":{"line":81,"column":41}},"30":{"start":{"line":83,"column":6},"end":{"line":94,"column":7}},"31":{"start":{"line":84,"column":8},"end":{"line":88,"column":12}},"32":{"start":{"line":84,"column":32},"end":{"line":88,"column":9}},"33":{"start":{"line":90,"column":8},"end":{"line":93,"column":12}},"34":{"start":{"line":90,"column":32},"end":{"line":93,"column":9}},"35":{"start":{"line":100,"column":2},"end":{"line":130,"column":3}},"36":{"start":{"line":101,"column":4},"end":{"line":114,"column":6}},"37":{"start":{"line":116,"column":27},"end":{"line":116,"column":57}},"38":{"start":{"line":118,"column":60},"end":{"line":118,"column":74}},"39":{"start":{"line":120,"column":4},"end":{"line":129,"column":6}},"40":{"start":{"line":132,"column":2},"end":{"line":136,"column":33}},"41":{"start":{"line":133,"column":4},"end":{"line":135,"column":5}},"42":{"start":{"line":134,"column":6},"end":{"line":134,"column":21}},"43":{"start":{"line":138,"column":2},"end":{"line":173,"column":4}}},"fnMap":{"0":{"name":"Game","decl":{"start":{"line":11,"column":9},"end":{"line":11,"column":13}},"loc":{"start":{"line":16,"column":3},"end":{"line":174,"column":1}},"line":16},"1":{"name":"(anonymous_1)","decl":{"start":{"line":19,"column":36},"end":{"line":19,"column":37}},"loc":{"start":{"line":19,"column":42},"end":{"line":22,"column":3}},"line":19},"2":{"name":"(anonymous_2)","decl":{"start":{"line":51,"column":22},"end":{"line":51,"column":23}},"loc":{"start":{"line":51,"column":28},"end":{"line":58,"column":3}},"line":51},"3":{"name":"(anonymous_3)","decl":{"start":{"line":60,"column":27},"end":{"line":60,"column":28}},"loc":{"start":{"line":60,"column":33},"end":{"line":72,"column":3}},"line":60},"4":{"name":"(anonymous_4)","decl":{"start":{"line":62,"column":19},"end":{"line":62,"column":20}},"loc":{"start":{"line":62,"column":30},"end":{"line":65,"column":7}},"line":62},"5":{"name":"(anonymous_5)","decl":{"start":{"line":67,"column":19},"end":{"line":67,"column":20}},"loc":{"start":{"line":67,"column":30},"end":{"line":70,"column":7}},"line":67},"6":{"name":"(anonymous_6)","decl":{"start":{"line":74,"column":27},"end":{"line":74,"column":28}},"loc":{"start":{"line":74,"column":49},"end":{"line":96,"column":3}},"line":74},"7":{"name":"(anonymous_7)","decl":{"start":{"line":76,"column":19},"end":{"line":76,"column":20}},"loc":{"start":{"line":76,"column":30},"end":{"line":79,"column":7}},"line":76},"8":{"name":"(anonymous_8)","decl":{"start":{"line":84,"column":21},"end":{"line":84,"column":22}},"loc":{"start":{"line":84,"column":32},"end":{"line":88,"column":9}},"line":84},"9":{"name":"(anonymous_9)","decl":{"start":{"line":90,"column":21},"end":{"line":90,"column":22}},"loc":{"start":{"line":90,"column":32},"end":{"line":93,"column":9}},"line":90},"10":{"name":"(anonymous_10)","decl":{"start":{"line":132,"column":12},"end":{"line":132,"column":13}},"loc":{"start":{"line":132,"column":18},"end":{"line":136,"column":3}},"line":132}},"branchMap":{"0":{"loc":{"start":{"line":12,"column":2},"end":{"line":12,"column":22}},"type":"default-arg","locations":[{"start":{"line":12,"column":15},"end":{"line":12,"column":22}}],"line":12},"1":{"loc":{"start":{"line":13,"column":2},"end":{"line":13,"column":34}},"type":"default-arg","locations":[{"start":{"line":13,"column":17},"end":{"line":13,"column":34}}],"line":13},"2":{"loc":{"start":{"line":14,"column":2},"end":{"line":14,"column":17}},"type":"default-arg","locations":[{"start":{"line":14,"column":15},"end":{"line":14,"column":17}}],"line":14},"3":{"loc":{"start":{"line":37,"column":18},"end":{"line":37,"column":63}},"type":"cond-expr","locations":[{"start":{"line":37,"column":35},"end":{"line":37,"column":59}},{"start":{"line":37,"column":62},"end":{"line":37,"column":63}}],"line":37},"4":{"loc":{"start":{"line":41,"column":2},"end":{"line":47,"column":3}},"type":"if","locations":[{"start":{"line":41,"column":2},"end":{"line":47,"column":3}},{"start":{},"end":{}}],"line":41},"5":{"loc":{"start":{"line":42,"column":4},"end":{"line":46,"column":5}},"type":"if","locations":[{"start":{"line":42,"column":4},"end":{"line":46,"column":5}},{"start":{},"end":{}}],"line":42},"6":{"loc":{"start":{"line":61,"column":4},"end":{"line":71,"column":5}},"type":"if","locations":[{"start":{"line":61,"column":4},"end":{"line":71,"column":5}},{"start":{"line":66,"column":11},"end":{"line":71,"column":5}}],"line":61},"7":{"loc":{"start":{"line":75,"column":4},"end":{"line":95,"column":5}},"type":"if","locations":[{"start":{"line":75,"column":4},"end":{"line":95,"column":5}},{"start":{"line":80,"column":11},"end":{"line":95,"column":5}}],"line":75},"8":{"loc":{"start":{"line":83,"column":6},"end":{"line":94,"column":7}},"type":"if","locations":[{"start":{"line":83,"column":6},"end":{"line":94,"column":7}},{"start":{"line":89,"column":13},"end":{"line":94,"column":7}}],"line":83},"9":{"loc":{"start":{"line":100,"column":2},"end":{"line":130,"column":3}},"type":"if","locations":[{"start":{"line":100,"column":2},"end":{"line":130,"column":3}},{"start":{"line":115,"column":9},"end":{"line":130,"column":3}}],"line":100},"10":{"loc":{"start":{"line":133,"column":4},"end":{"line":135,"column":5}},"type":"if","locations":[{"start":{"line":133,"column":4},"end":{"line":135,"column":5}},{"start":{},"end":{}}],"line":133},"11":{"loc":{"start":{"line":133,"column":8},"end":{"line":133,"column":34}},"type":"
[...]
"6":{"start":{"line":14,"column":6},"end":{"line":17,"column":7}},"7":{"start":{"line":15,"column":8},"end":{"line":15,"column":27}},"8":{"start":{"line":16,"column":8},"end":{"line":16,"column":70}},"9":{"start":{"line":20,"column":4},"end":{"line":20,"column":64}},"10":{"start":{"line":21,"column":4},"end":{"line":21,"column":80}},"11":{"start":{"line":21,"column":17},"end":{"line":21,"column":79}},"12":{"start":{"line":24,"column":2},"end":{"line":36,"column":19}},"13":{"start":{"line":25,"column":27},"end":{"line":30,"column":5}},"14":{"start":{"line":26,"column":6},"end":{"line":29,"column":7}},"15":{"start":{"line":27,"column":8},"end":{"line":27,"column":65}},"16":{"start":{"line":28,"column":8},"end":{"line":28,"column":31}},"17":{"start":{"line":32,"column":4},"end":{"line":32,"column":61}},"18":{"start":{"line":33,"column":4},"end":{"line":33,"column":56}},"19":{"start":{"line":35,"column":4},"end":{"line":35,"column":72}},"20":{"start":{"line":35,"column":17},"end":{"line":35,"column":71}},"21":{"start":{"line":38,"column":2},"end":{"line":61,"column":4}},"22":{"start":{"line":43,"column":28},"end":{"line":43,"column":47}},"23":{"start":{"line":53,"column":29},"end":{"line":53,"column":52}}},"fnMap":{"0":{"name":"QuizPage","decl":{"start":{"line":6,"column":9},"end":{"line":6,"column":17}},"loc":{"start":{"line":6,"column":20},"end":{"line":62,"column":1}},"line":6},"1":{"name":"(anonymous_1)","decl":{"start":{"line":12,"column":12},"end":{"line":12,"column":13}},"loc":{"start":{"line":12,"column":18},"end":{"line":22,"column":3}},"line":12},"2":{"name":"(anonymous_2)","decl":{"start":{"line":13,"column":31},"end":{"line":13,"column":32}},"loc":{"start":{"line":13,"column":38},"end":{"line":18,"column":5}},"line":13},"3":{"name":"(anonymous_3)","decl":{"start":{"line":21,"column":11},"end":{"line":21,"column":12}},"loc":{"start":{"line":21,"column":17},"end":{"line":21,"column":79}},"line":21},"4":{"name":"(anonymous_4)","decl":{"start":{"line":24,"column":12},"end":{"line":24,"column":13}},"loc":{"start":{"line":24,"column":18},"end":{"line":36,"column":3}},"line":24},"5":{"name":"(anonymous_5)","decl":{"start":{"line":25,"column":27},"end":{"line":25,"column":28}},"loc":{"start":{"line":25,"column":34},"end":{"line":30,"column":5}},"line":25},"6":{"name":"(anonymous_6)","decl":{"start":{"line":35,"column":11},"end":{"line":35,"column":12}},"loc":{"start":{"line":35,"column":17},"end":{"line":35,"column":71}},"line":35},"7":{"name":"(anonymous_7)","decl":{"start":{"line":43,"column":22},"end":{"line":43,"column":23}},"loc":{"start":{"line":43,"column":28},"end":{"line":43,"column":47}},"line":43},"8":{"name":"(anonymous_8)","decl":{"start":{"line":53,"column":23},"end":{"line":53,"column":24}},"loc":{"start":{"line":53,"column":29},"end":{"line":53,"column":52}},"line":53}},"branchMap":{"0":{"loc":{"start":{"line":8,"column":10},"end":{"line":8,"column":30}},"type":"default-arg","locations":[{"start":{"line":8,"column":23},"end":{"line":8,"column":30}}],"line":8},"1":{"loc":{"start":{"line":8,"column":32},"end":{"line":8,"column":49}},"type":"default-arg","locations":[{"start":{"line":8,"column":47},"end":{"line":8,"column":49}}],"line":8},"2":{"loc":{"start":{"line":8,"column":54},"end":{"line":8,"column":74}},"type":"binary-expr","locations":[{"start":{"line":8,"column":54},"end":{"line":8,"column":68}},{"start":{"line":8,"column":72},"end":{"line":8,"column":74}}],"line":8},"3":{"loc":{"start":{"line":14,"column":6},"end":{"line":17,"column":7}},"type":"if","locations":[{"start":{"line":14,"column":6},"end":{"line":17,"column":7}},{"start":{},"end":{}}],"line":14},"4":{"loc":{"start":{"line":26,"column":6},"end":{"line":29,"column":7}},"type":"if","locations":[{"start":{"line":26,"column":6},"end":{"line":29,"column":7}},{"start":{},"end":{}}],"line":26},"5":{"loc":{"start":{"line":46,"column":7},"end":{"line":59,"column":7}},"type":"binary-expr","locations":[{"start":{"line":46,"column":7},"end":{"line":46,"column":20}},{"start":{"line":47,"column":8},"end":{"line":58,"column":14}}],"line":46}},"s":{"0":21,"1":21,"2":21,"3":21,"4":21,"5":17,"6":1,"7":1,"8":1,"9":17,"10":17,"11":17,"12":21,"13":17,"14":4,"15":3,"16":3,"17":17,"18":17,"19":17,"20":17,"21":21,"22":2,"23":1},"f":{"0":21,"1":17,"2":1,"3":17,"4":17,"5":4,"6":17,"7":2,"8":1},"b":{"0":[19],"1":[19],"2":[21,0],"3":[1,0],"4":[3,1],"5":[21,3]},"_coverageSchema":"1a1c01bbd47fc00a2c39e90264f33305004495a9","hash":"153b3de9557ad0f2c1ccdeeb1d044f9aa5871786"}
,"C:\\Users\\Hype G12\\Downloads\\SKRIPSI\\Assets\\ARSkripsi\\src\\quiz\\stats.jsx": {"path":"C:\\Users\\Hype G12\\Downloads\\SKRIPSI\\Assets\\ARSkripsi\\src\\quiz\\stats.jsx","statementMap":{"0":{"start":{"line":14,"column":29},"end":{"line":14,"column":60}},"1":{"start":{"line":15,"column":29},"end":{"line":15,"column":68}},"2":{"start":{"line":16,"column":2},"end":{"line":21,"column":3}},"3":{"start":{"line":17,"column":19},"end":{"line":17,"column":73}},"4":{"start":{"line":17,"column":68},"end":{"line":17,"column":72}},"5":{"start":{"line":18,"column":4},"end":{"line":18,"column":36}},"6":{"start":{"line":20,"column":4},"end":{"line":20,"column":26}},"7":{"start":{"line":23,"column":2},"end":{"line":46,"column":4}},"8":{"start":{"line":29,"column":12},"end":{"line":29,"column":58}}},"fnMap":{"0":{"name":"Stats","decl":{"start":{"line":12,"column":9},"end":{"line":12,"column":14}},"loc":{"start":{"line":12,"column":73},"end":{"line":47,"column":1}},"line":12},"1":{"name":"(anonymous_1)","decl":{"start":{"line":17,"column":58},"end":{"line":17,"column":59}},"loc":{"start":{"line":17,"column":68},"end":{"line":17,"column":72}},"line":17},"2":{"name":"(anonymous_2)","decl":{"start":{"line":28,"column":50},"end":{"line":28,"column":51}},"loc":{"start":{"line":29,"column":12},"end":{"line":29,"column":58}},"line":29}},"branchMap":{"0":{"loc":{"start":{"line":16,"column":2},"end":{"line":21,"column":3}},"type":"if","locations":[{"start":{"line":16,"column":2},"end":{"line":21,"column":3}},{"start":{"line":19,"column":9},"end":{"line":21,"column":3}}],"line":16},"1":{"loc":{"start":{"line":31,"column":11},"end":{"line":31,"column":41}},"type":"binary-expr","locations":[{"start":{"line":31,"column":11},"end":{"line":31,"column":31}},{"start":{"line":31,"column":35},"end":{"line":31,"column":41}}],"line":31},"2":{"loc":{"start":{"line":41,"column":11},"end":{"line":43,"column":41}},"type":"cond-expr","locations":[{"start":{"line":42,"column":14},"end":{"line":42,"column":53}},{"start":{"line":43,"column":14},"end":{"line":43,"column":41}}],"line":41}},"s":{"0":19,"1":19,"2":19,"3":18,"4":143,"5":18,"6":1,"7":19,"8":143},"f":{"0":19,"1":143,"2":143},"b":{"0":[18,1],"1":[19,1],"2":[13,6]},"_coverageSchema":"1a1c01bbd47fc00a2c39e90264f33305004495a9","hash":"a1cb1530796d5bb5f437d56433ea60335edaeb10"}
,"C:\\Users\\Hype G12\\Downloads\\SKRIPSI\\Assets\\ARSkripsi\\src\\quiz\\trivia-data.js": {"path":"C:\\Users\\Hype G12\\Downloads\\SKRIPSI\\Assets\\ARSkripsi\\src\\quiz\\trivia-data.js","statementMap":{"0":{"start":{"line":3,"column":17},"end":{"line":164,"column":1}},"1":{"start":{"line":167,"column":0},"end":{"line":174,"column":3}},"2":{"start":{"line":168,"column":2},"end":{"line":173,"column":4}},"3":{"start":{"line":172,"column":65},"end":{"line":172,"column":85}}},"fnMap":{"0":{"name":"(anonymous_0)","decl":{"start":{"line":167,"column":28},"end":{"line":167,"column":29}},"loc":{"start":{"line":167,"column":38},"end":{"line":174,"column":1}},"line":167},"1":{"name":"(anonymous_1)","decl":{"start":{"line":172,"column":50},"end":{"line":172,"column":51}},"loc":{"start":{"line":172,"column":65},"end":{"line":172,"column":85}},"line":172}},"branchMap":{},"s":{"0":1,"1":1,"2":20,"3":60},"f":{"0":20,"1":60},"b":{},"_coverageSchema":"1a1c01bbd47fc00a2c39e90264f33305004495a9","hash":"33379456c569a67ecf3bae5c443cd3cdf0563f8e"}
,"C:\\Users\\Hype G12\\Downloads\\SKRIPSI\\Assets\\ARSkripsi\\src\\quiz\\trivia-item.jsx": {"path":"C:\\Users\\Hype G12\\Downloads\\SKRIPSI\\Assets\\ARSkripsi\\src\\quiz\\trivia-item.jsx","statementMap":{"0":{"start":{"line":23,"column":46},"end":{"line":23,"column":60}},"1":{"start":{"line":24,"column":26},"end":{"line":24,"column":49}},"2":{"start":{"line":26,"column":21},"end":{"line":26,"column":57}},"3":{"start":{"line":27,"column":28},"end":{"line":27,"column":63}},"4":{"start":{"line":27,"column":43},"end":{"line":27,"column":62}},"5":{"start":{"line":29,"column":28},"end":{"line":29,"column":74}},"6":{"start":{"line":30,"column":2},"end":{"line":31,"column":61}},"7":{"start":{"line":31,"column":4},"end":{"line":31,"column":61}},"8":{"start":{"line":33,"column":24},"end":{"line":38,"column":3}},"9":{"start":{"line":34,"column":25},"end":{"line":34,"column":47}},"10":{"start":{"line":35,"column":4},"end":{"line":35,"column":36}},"11":{"start":{"line":36,"column":29},"end":{"line":36,"column":59}},"12":{"start":{"line":37,"column":4},"end":{"line":37,"column":39}},"13":{"start":{"line":40,"column":2},"end":{"line":82,"column":4}},"14":{"start":{"line":47,"column":28},"end":{"line":47,"column":49}},"15":{"start":{"line":48,"column":12},"end":{"line":55,"column":13}},"16":{"start":{"line":49,"column":36},"end":{"line":49,"column":60}},"17":{"start":{"line":50,"column":39},"end":{"line":50,"column":64}},"18":{"start":{"line":52,"column":14},"end":{"line":54,"column":65}},"19":{"start":{"line":52,"column":53},"end":{"line":52,"column":98}},"20":{"start":{"line":53,"column":19},"end":{"line":54,"column":65}},"21":{"start":{"line":53,"column":59},"end":{"line":53,"column":106}},"22":{"start":{"line":54,"column":19},"end":{"line":54,"column":65}},"23":{"start":{"line":57,"column":12},"end":{"line":67,"column":14}}},"fnMap":{"0":{"name":"TriviaItem","decl":{"start":{"line":16,"column":9},"end":{"line":16,"column":19}},"loc":{"start":{"line":22,"column":3},"end":{"line":83,"column":1}},"line":22},"1":{"name":"(anonymous_1)","decl":{"start":{"line":27,"column":37},"end":{"line":27,"column":38}},"loc":{"start":{"line":27,"column":43},"end":{"line":27,"column":62}},"line":27},"2":{"name":"(anonymous_2)","decl":{"start":{"line":33,"column":24},"end":{"line":33,"column":25}},"loc":{"start":{"line":33,"column":35},"end":{"line":38,"column":3}},"line":33},"3":{"name":"(anonymous_3)","decl":{"start":{"line":46,"column":31},"end":{"line":46,"column":32}},"loc":{"start":{"line":46,"column":46},"end":{"line":68,"column":11}},"line":46}},"branchMap":{"0":{"loc":{"start":{"line":30,"column":2},"end":{"line":31,"column":61}},"type":"if","locations":[{"start":{"line":30,"column":2},"end":{"line":31,"column":61}},{"start":{},"end":{}}],"line":30},"1":{"loc":{"start":{"line":48,"column":12},"end":{"line":55,"column":13}},"type":"if","locations":[{"start":{"line":48,"column":12},"end":{"line":55,"column":13}},{"start":{},"end":{}}],"line":48},"2":{"loc":{"start":{"line":52,"column":14},"end":{"line":54,"column":65}},"type":"if","locations":[{"start":{"line":52,"column":14},"end":{"line":54,"column":65}},{"start":{"line":53,"column":19},"end":{"line":54,"column":65}}],"line":52},"3":{"loc":{"start":{"line":52,"column":18},"end":{"line":52,"column":51}},"type":"binary-expr","locations":[{"start":{"line":52,"column":18},"end":{"line":52,"column":34}},{"start":{"line":52,"column":38},"end":{"line":52,"column":51}}],"line":52},"4":{"loc":{"start":{"line":53,"column":19},"end":{"line":54,"column":65}},"type":"if","locations":[{"start":{"line":53,"column":19},"end":{"line":54,"column":65}},{"start":{"line":54,"column":19},"end":{"line":54,"column":65}}],"line":53},"5":{"loc":{"start":{"line":53,"column":23},"end":{"line":53,"column":57}},"type":"binary-expr","locations":[{"start":{"line":53,"column":23},"end":{"line":53,"column":39}},{"start":{"line":53,"column":43},"end":{"line":53,"column":57}}],"line":53}},"s":{"0":30,"1":30,"2":30,"3":30,"4":17,"5":30,"6":30,"7":17,"8":30,"9":13,"10":13,"11":13,"12":13,"13":30,"14":100,"15":100,"16":42,"17":42,"18":42,"19":8,"20":34,"21":5,"22":29,"23":100},"f":{"0":30,"1":17,"2":13,"3":100},"b":{"0":[17,13],"1":[42,58],"2":[8,34],"3":[42,13],"4":[5,29],"5":[34,5]},"_coverageSchema":"1a1c01bbd47fc00a2c39e90264f33305004495a9","hash":"7e2427ed42a4edd39bd702fe1c11e1b3b71fc1f8"}
,"C:\\Users\\Hype G12\\Downloads\\SKRIPSI\\Assets\\ARSkripsi\\src\\quiz\\arrays\\shuffle.jsx": {"path":"C:\\Users\\Hype G12\\Downloads\\SKRIPSI\\Assets\\ARSkripsi\\src\\quiz\\arrays\\shuffle.jsx","statementMap":{"0":{"start":{"line":4,"column":24},"end":{"line":4,"column":34}},"1":{"start":{"line":5,"column":2},"end":{"line":10,"column":3}},"2":{"start":{"line":5,"column":15},"end":{"line":5,"column":39}},"3":{"start":{"line":6,"column":22},"end":{"line":6,"column":57}},"4":{"start":{"line":7,"column":17},"end":{"line":7,"column":33}},"5":{"start":{"line":8,"column":4},"end":{"line":8,"column":48}},"6":{"start":{"line":9,"column":4},"end":{"line":9,"column":36}},"7":{"start":{"line":11,"column":2},"end":{"line":11,"column":23}}},"fnMap":{"0":{"name":"shuffle","decl":{"start":{"line":3,"column":9},"end":{"line":3,"column":16}},"loc":{"start":{"line":3,"column":24},"end":{"line":12,"column":1}},"line":3}},"branchMap":{},"s":{"0":37,"1":37,"2":37,"3":145,"4":145,"5":145,"6":145,"7":37},"f":{"0":37},"b":{},"_coverageSchema":"1a1c01bbd47fc00a2c39e90264f33305004495a9","hash":"bdd7f997a1f5f6e460fd53844e7c301263866c49"}
,"C:\\Users\\Hype G12\\Downloads\\SKRIPSI\\Assets\\ARSkripsi\\test-utils\\ar-core.setup.js": {"path":"C:\\Users\\Hype G12\\Downloads\\SKRIPSI\\Assets\\ARSkripsi\\test-utils\\ar-core.setup.js","statementMap":{"0":{"start":{"line":3,"column":2},"end":{"line":39,"column":4}},"1":{"start":{"line":41,"column":16},"end":{"line":41,"column":45}},"2":{"start":{"line":42,"column":2},"end":{"line":42,"column":21}},"3":{"start":{"line":43,"column":2},"end":{"line":51,"column":4}},"4":{"start":{"line":52,"column":2},"end":{"line":54,"column":5}},"5":{"start":{"line":53,"column":4},"end":{"line":53,"column":35}},"6":{"start":{"line":53,"column":30},"end":{"line":53,"column":35}},"7":{"start":{"line":55,"column":2},"end":{"line":55,"column":27}},"8":{"start":{"line":56,"column":2},"end":{"line":56,"column":35}},"9":{"start":{"line":58,"column":21},"end":{"line":58,"column":59}},"10":{"start":{"line":59,"column":2},"end":{"line":59,"column":38}},"11":{"start":{"line":60,"column":2},"end":{"line":60,"column":43}},"12":{"start":{"line":62,"column":18},"end":{"line":62,"column":52}},"13":{"start":{"line":63,"column":2},"end":{"line":63,"column":70}},"14":{"start":{"line":65,"column":14},"end":{"line":65,"column":43}},"15":{"start":{"line":66,"column":2},"end":{"line":66,"column":22}},"16":{"start":{"line":67,"column":2},"end":{"line":70,"column":4}},"17":{"start":{"line":71,"column":2},"end":{"line":71,"column":33}},"18":{"start":{"line":73,"column":2},"end":{"line":73,"column":40}},"19":{"start":{"line":76,"column":0},"end":{"line":101,"column":2}},"20":{"start":{"line":79,"column":20},"end":{"line":79,"column":32}},"21":{"start":{"line":83,"column":41},"end":{"line":83,"column":52}},"22":{"start":{"line":83,"column":53},"end":{"line":83,"column":64}},"23":{"start":{"line":83,"column":65},"end":{"line":83,"column":76}},"24":{"start":{"line":84,"column":16},"end":{"line":84,"column":79}},"25":{"start":{"line":85,"column":16},"end":{"line":85,"column":29}},"26":{"start":{"line":85,"column":30},"end":{"line":85,"column":43}},"27":{"start":{"line":85,"column":44},"end":{"line":85,"column":57}},"28":{"start":{"line":86,"column":15},"end":{"line":86,"column":29}},"29":{"start":{"line":86,"column":30},"end":{"line":86,"column":44}},"30":{"start":{"line":86,"column":45},"end":{"line":86,"column":59}},"31":{"start":{"line":86,"column":60},"end":{"line":86,"column":72}},"32":{"start":{"line":87,"column":26},"end":{"line":87,"column":38}},"33":{"start":{"line":90,"column":16},"end":{"line":90,"column":60}},"34":{"start":{"line":95,"column":27},"end":{"line":95,"column":37}},"35":{"start":{"line":98,"column":25},"end":{"line":98,"column":40}},"36":{"start":{"line":103,"column":0},"end":{"line":106,"column":2}},"37":{"start":{"line":108,"column":0},"end":{"line":108,"column":32}}},"fnMap":{"0":{"name":"setupARDom","decl":{"start":{"line":2,"column":16},"end":{"line":2,"column":26}},"loc":{"start":{"line":2,"column":29},"end":{"line":74,"column":1}},"line":2},"1":{"name":"(anonymous_1)","decl":{"start":{"line":52,"column":35},"end":{"line":52,"column":36}},"loc":{"start":{"line":52,"column":53},"end":{"line":54,"column":3}},"line":52},"2":{"name":"(anonymous_2)","decl":{"start":{"line":79,"column":6},"end":{"line":79,"column":7}},"loc":{"start":{"line":79,"column":18},"end":{"line":79,"column":34}},"line":79},"3":{"name":"(anonymous_3)","decl":{"start":{"line":80,"column":6},"end":{"line":80,"column":7}},"loc":{"start":{"line":80,"column":18},"end":{"line":80,"column":20}},"line":80},"4":{"name":"(anonymous_4)","decl":{"start":{"line":83,"column":6},"end":{"line":83,"column":7}},"loc":{"start":{"line":83,"column":39},"end":{"line":83,"column":78}},"line":83},"5":{"name":"(anonymous_5)","decl":{"start":{"line":84,"column":6},"end":{"line":84,"column":7}},"loc":{"start":{"line":84,"column":14},"end":{"line":84,"column":81}},"line":84},"6":{"name":"(anonymous_6)","decl":{"start":{"line":85,"column":6},"end":{"line":85,"column":7}},"loc":{"start":{"line":85,"column":14},"end":{"line":85,"column":59}},"line":85},"7":{"name":"(anonymous_7)","decl":{"start":{"line":86,"column":6},"end":{"line":86,"column":7}},"loc":{"start":{"line":86,"column":13},"end":{"line":86,"column":74}},"line":86},"8":{"name":"(anonymous_8)","decl":{"start":{"line":87,"column":6},"end":{"line":87,"column":7}},"loc":{"start":{"line":87,"column":24},"end":{"line":87,"column":40}},"line":87},"9":{"name":"(anonymous_9)","decl":{"start":{"line":90,"column":6},"end":{"line":90,"column":7}},"loc":{"start":{"line":90,"column":14},"end":{"line":90,"column":62}},"line":90},"10":{"name":"(anonymous_10)","decl":{"start":{"line":91,"column":6},"end":{"line":91,"column":7}},"loc":{"start":{"line":91,"column":13},"end":{"line":91,"column":15}},"line":91},"11":{"name":"(anonymous_11)","decl":{"start":{"line":94,"column":6},"end":{"line":94,"column":7}},"loc":{"start":{"line":94,"column":22},"end":{"line":94,"column":24}},"line":94},"12":{"name":"(anonymous_12)","decl":{"start":{"line":95,"column":6},"end":{"line":95,"column":7}},"loc":{"start":{"line":95,"column":25},"end":{"line":95,"column":39}},"line":95},"13":{"name":"(anonymous_13)","decl":{"start":{"line":98,"column":6},"end":{"line":98,"column":7}},"loc":{"start":{"line":98,"column":23},"end":{"line":98,"column":42}},"line":98}},"branchMap":{"0":{"loc":{"start":{"line":53,"column":4},"end":{"line":53,"column":35}},"type":"if","locations":[{"start":{"line":53,"column":4},"end":{"line":53,"column":35}},{"start":{},"end":{}}],"line":53},"1":{"loc":{"start":{"line":83,"column":18},"end":{"line":83,"column":23}},"type":"default-arg","locations":[{"start":{"line":83,"column":22},"end":{"line":83,"column":23}}],"line":83},"2":{"loc":{"start":{"line":83,"column":25},"end":{"line":83,"column":30}},"type":"default-arg","locations":[{"start":{"line":83,"column":29},"end":{"line":83,"column":30}}],"line":83},"3":{"loc":{"start":{"line":83,"column":32},"end":{"line":83,"column":37}},"type":"default-arg","locations":[{"start":{"line":83,"column":36},"end":{"line":83,"column":37}}],"line":83}},"s":{"0":143,"1":143,"2":143,"3":143,"4":143,"5":11,"6":2,"7":143,"8":143,"9":143,"10":143,"11":143,"12":143,"13":143,"14":143,"15":143,"16":143,"17":143,"18":143,"19":9,"20":2,"21":7,"22":7,"23":7,"24":2,"25":1,"26":1,"27":1,"28":1,"29":1,"30":1,"31":1,"32":1,"33":1,"34":1,"35":14,"36":9,"37":9},"f":{"0":143,"1":11,"2":2,"3":1,"4":7,"5":2,"6":1,"7":1,"8":1,"9":1,"10":1,"11":1,"12":1,"13":14},"b":{"0":[2,9],"1":[1],"2":[1],"3":[1]},"_coverageSchema":"1a1c01bbd47fc00a2c39e90264f33305004495a9","hash":"975fa71eb1ef61344a42ea64f0e08be96137ee41"}
}
