TN:
SF:public\AR\Pages\ar-core.js
FN:37,registerOrgan
FN:41,(anonymous_1)
FN:46,(anonymous_2)
FN:47,(anonymous_3)
FN:50,(anonymous_4)
FN:54,showModal
FN:62,(anonymous_6)
FN:70,startAR
FN:76,showModal
FN:84,(anonymous_9)
FN:93,(anonymous_10)
FN:132,initARSession
FN:137,(anonymous_12)
FN:140,(anonymous_13)
FN:143,(anonymous_14)
FN:148,(anonymous_15)
FN:151,(anonymous_16)
FN:154,(anonymous_17)
FN:157,(anonymous_18)
FN:162,(anonymous_19)
FN:163,(anonymous_20)
FN:198,showARUI
FN:204,onSessionEnd
FN:227,(anonymous_23)
FN:232,setMode
FN:240,(anonymous_25)
FN:251,(anonymous_26)
FN:256,(anonymous_27)
FN:266,(anonymous_28)
FN:281,(anonymous_29)
FN:289,(anonymous_30)
FN:298,showInfo
FN:302,(anonymous_32)
FN:307,raycastOrgan
FN:327,doCursorRaycast
FN:345,(anonymous_35)
FN:346,(anonymous_36)
FN:347,(anonymous_37)
FN:353,handleTouch
FN:366,(anonymous_39)
FN:379,highlightOrgan
FN:382,(anonymous_41)
FN:396,clearHighlight
FN:397,(anonymous_43)
FN:408,placeModel
FN:443,(anonymous_45)
FNF:46
FNH:8
FNDA:0,registerOrgan
FNDA:0,(anonymous_1)
FNDA:1,(anonymous_2)
FNDA:0,(anonymous_3)
FNDA:0,(anonymous_4)
FNDA:0,showModal
FNDA:0,(anonymous_6)
FNDA:0,startAR
FNDA:0,showModal
FNDA:0,(anonymous_9)
FNDA:0,(anonymous_10)
FNDA:0,initARSession
FNDA:0,(anonymous_12)
FNDA:0,(anonymous_13)
FNDA:0,(anonymous_14)
FNDA:0,(anonymous_15)
FNDA:0,(anonymous_16)
FNDA:0,(anonymous_17)
FNDA:0,(anonymous_18)
FNDA:0,(anonymous_19)
FNDA:0,(anonymous_20)
FNDA:0,showARUI
FNDA:0,onSessionEnd
FNDA:0,(anonymous_23)
FNDA:2,setMode
FNDA:0,(anonymous_25)
FNDA:0,(anonymous_26)
FNDA:0,(anonymous_27)
FNDA:1,(anonymous_28)
FNDA:0,(anonymous_29)
FNDA:0,(anonymous_30)
FNDA:1,showInfo
FNDA:0,(anonymous_32)
FNDA:0,raycastOrgan
FNDA:0,doCursorRaycast
FNDA:6,(anonymous_35)
FNDA:24,(anonymous_36)
FNDA:0,(anonymous_37)
FNDA:0,handleTouch
FNDA:0,(anonymous_39)
FNDA:1,highlightOrgan
FNDA:0,(anonymous_41)
FNDA:1,clearHighlight
FNDA:0,(anonymous_43)
FNDA:0,placeModel
FNDA:0,(anonymous_45)
DA:3,1
DA:5,1
DA:6,1
DA:7,1
DA:8,1
DA:9,1
DA:10,1
DA:11,1
DA:12,1
DA:13,1
DA:14,1
DA:15,1
DA:16,1
DA:18,1
DA:19,1
DA:20,1
DA:21,1
DA:22,1
DA:23,1
DA:24,1
DA:25,1
DA:26,1
DA:27,1
DA:28,1
DA:29,1
DA:30,1
DA:31,1
DA:32,1
DA:35,1
DA:38,0
DA:39,0
DA:40,0
DA:41,0
DA:42,0
DA:46,1
DA:47,1
DA:50,1
DA:51,0
DA:53,1
DA:55,0
DA:56,0
DA:57,0
DA:59,0
DA:60,0
DA:62,0
DA:63,0
DA:64,0
DA:65,0
DA:71,0
DA:72,0
DA:73,0
DA:77,0
DA:78,0
DA:79,0
DA:81,0
DA:82,0
DA:84,0
DA:85,0
DA:86,0
DA:87,0
DA:91,0
DA:93,0
DA:95,0
DA:96,0
DA:97,0
DA:100,0
DA:107,0
DA:110,0
DA:111,0
DA:113,0
DA:114,0
DA:115,0
DA:116,0
DA:117,0
DA:119,0
DA:120,0
DA:121,0
DA:122,0
DA:123,0
DA:125,0
DA:126,0
DA:127,0
DA:133,0
DA:134,0
DA:135,0
DA:137,0
DA:138,0
DA:141,0
DA:143,0
DA:146,0
DA:149,0
DA:152,0
DA:155,0
DA:157,0
DA:160,0
DA:163,0
DA:164,0
DA:166,0
DA:167,0
DA:168,0
DA:169,0
DA:170,0
DA:171,0
DA:172,0
DA:173,0
DA:174,0
DA:175,0
DA:176,0
DA:177,0
DA:178,0
DA:179,0
DA:180,0
DA:181,0
DA:185,0
DA:186,0
DA:187,0
DA:191,0
DA:199,0
DA:200,0
DA:201,0
DA:205,0
DA:206,0
DA:207,0
DA:208,0
DA:209,0
DA:210,0
DA:211,0
DA:212,0
DA:213,0
DA:214,0
DA:215,0
DA:216,0
DA:217,0
DA:218,0
DA:219,0
DA:220,0
DA:221,0
DA:222,0
DA:223,0
DA:224,0
DA:227,1
DA:228,0
DA:233,2
DA:234,2
DA:235,1
DA:236,1
DA:237,1
DA:238,1
DA:239,1
DA:240,1
DA:242,1
DA:243,1
DA:244,1
DA:245,1
DA:246,1
DA:247,1
DA:250,1
DA:251,1
DA:256,1
DA:257,0
DA:258,0
DA:260,0
DA:261,0
DA:266,1
DA:267,1
DA:268,1
DA:269,1
DA:270,1
DA:271,0
DA:275,0
DA:276,0
DA:281,1
DA:282,0
DA:283,0
DA:284,0
DA:285,0
DA:286,0
DA:289,1
DA:290,0
DA:291,0
DA:292,0
DA:293,0
DA:294,0
DA:299,1
DA:300,1
DA:301,1
DA:302,1
DA:303,1
DA:308,0
DA:309,0
DA:312,0
DA:313,0
DA:314,0
DA:315,0
DA:316,0
DA:317,0
DA:318,0
DA:320,0
DA:324,1
DA:325,1
DA:328,0
DA:329,0
DA:330,0
DA:331,0
DA:332,0
DA:333,0
DA:336,0
DA:337,0
DA:338,0
DA:339,0
DA:345,1
DA:346,6
DA:347,24
DA:351,1
DA:354,0
DA:355,0
DA:356,0
DA:357,0
DA:358,0
DA:360,0
DA:361,0
DA:363,0
DA:364,0
DA:365,0
DA:366,0
DA:367,0
DA:370,0
DA:371,0
DA:372,0
DA:373,0
DA:380,1
DA:382,1
DA:383,0
DA:384,0
DA:385,0
DA:387,0
DA:388,0
DA:389,0
DA:391,0
DA:397,1
DA:398,0
DA:399,0
DA:400,0
DA:401,0
DA:404,1
DA:411,0
DA:412,0
DA:413,0
DA:414,0
DA:416,0
DA:417,0
DA:418,0
DA:419,0
DA:420,0
DA:421,0
DA:422,0
DA:423,0
DA:424,0
DA:425,0
DA:429,0
DA:430,0
DA:431,0
DA:433,0
DA:434,0
DA:435,0
DA:436,0
DA:440,0
DA:442,0
DA:443,0
DA:446,1
DA:447,1
DA:448,1
LF:272
LH:76
BRDA:40,0,0,0
BRDA:40,0,1,0
BRDA:42,1,0,0
BRDA:42,1,1,0
BRDA:54,2,0,0
BRDA:64,3,0,0
BRDA:64,3,1,0
BRDA:71,4,0,0
BRDA:71,4,1,0
BRDA:76,5,0,0
BRDA:86,6,0,0
BRDA:86,6,1,0
BRDA:95,7,0,0
BRDA:95,7,1,0
BRDA:111,8,0,0
BRDA:111,8,1,0
BRDA:113,9,0,0
BRDA:113,9,1,0
BRDA:135,10,0,0
BRDA:135,10,1,0
BRDA:164,11,0,0
BRDA:164,11,1,0
BRDA:164,12,0,0
BRDA:164,12,1,0
BRDA:164,12,2,0
BRDA:166,13,0,0
BRDA:166,13,1,0
BRDA:166,14,0,0
BRDA:166,14,1,0
BRDA:166,14,2,0
BRDA:168,15,0,0
BRDA:168,15,1,0
BRDA:170,16,0,0
BRDA:170,16,1,0
BRDA:186,17,0,0
BRDA:186,17,1,0
BRDA:191,18,0,0
BRDA:191,18,1,0
BRDA:228,19,0,0
BRDA:228,19,1,0
BRDA:234,20,0,1
BRDA:234,20,1,1
BRDA:249,21,0,0
BRDA:249,21,1,1
BRDA:258,22,0,0
BRDA:258,22,1,0
BRDA:270,23,0,0
BRDA:270,23,1,1
BRDA:285,24,0,0
BRDA:285,24,1,0
BRDA:294,25,0,0
BRDA:294,25,1,0
BRDA:308,26,0,0
BRDA:308,26,1,0
BRDA:309,27,0,0
BRDA:309,27,1,0
BRDA:312,28,0,0
BRDA:312,28,1,0
BRDA:318,29,0,0
BRDA:318,29,1,0
BRDA:329,30,0,0
BRDA:329,30,1,0
BRDA:330,31,0,0
BRDA:330,31,1,0
BRDA:336,32,0,0
BRDA:336,32,1,0
BRDA:354,33,0,0
BRDA:354,33,1,0
BRDA:357,34,0,0
BRDA:357,34,1,0
BRDA:357,35,0,0
BRDA:357,35,1,0
BRDA:360,36,0,0
BRDA:360,36,1,0
BRDA:363,37,0,0
BRDA:363,37,1,0
BRDA:367,38,0,0
BRDA:367,38,1,0
BRDA:373,39,0,0
BRDA:373,39,1,0
BRDA:383,40,0,0
BRDA:383,40,1,0
BRDA:398,41,0,0
BRDA:398,41,1,0
BRDA:400,42,0,0
BRDA:400,42,1,0
BRDA:411,43,0,0
BRDA:411,43,1,0
BRDA:446,44,0,1
BRDA:446,44,1,0
BRF:90
BRH:5
end_of_record
TN:
SF:public\AR\Pages\ar-core.module.js
FN:29,_setState
FN:49,initDOM
FN:53,showModal
FN:61,(anonymous_3)
FN:67,showARUI
FN:75,onSessionEnd
FN:112,setMode
FN:128,(anonymous_7)
FN:138,(anonymous_8)
FN:142,showInfo
FN:150,(anonymous_10)
FN:154,highlightOrgan
FN:156,(anonymous_12)
FN:168,clearHighlight
FN:169,(anonymous_14)
FN:179,onScaleInput
FN:196,onRotInput
FN:207,onResetRot
FN:219,handleTouch
FN:235,(anonymous_19)
FN:247,doCursorRaycast
FN:266,raycastOrgan
FN:286,placeModel
FN:317,(anonymous_23)
FN:320,registerOrgan
FN:324,(anonymous_25)
FNF:26
FNH:25
FNDA:33,_setState
FNDA:51,initDOM
FNDA:14,showModal
FNDA:7,(anonymous_3)
FNDA:3,showARUI
FNDA:7,onSessionEnd
FNDA:15,setMode
FNDA:1,(anonymous_7)
FNDA:1,(anonymous_8)
FNDA:6,showInfo
FNDA:1,(anonymous_10)
FNDA:10,highlightOrgan
FNDA:4,(anonymous_12)
FNDA:13,clearHighlight
FNDA:1,(anonymous_14)
FNDA:4,onScaleInput
FNDA:3,onRotInput
FNDA:3,onResetRot
FNDA:5,handleTouch
FNDA:1,(anonymous_19)
FNDA:1,doCursorRaycast
FNDA:1,raycastOrgan
FNDA:1,placeModel
FNDA:0,(anonymous_23)
FNDA:4,registerOrgan
FNDA:2,(anonymous_25)
DA:12,2
DA:13,2
DA:14,2
DA:15,2
DA:16,2
DA:17,2
DA:18,2
DA:19,2
DA:20,2
DA:21,2
DA:22,2
DA:23,2
DA:24,2
DA:25,2
DA:26,2
DA:30,33
DA:31,33
DA:32,33
DA:33,33
DA:34,33
DA:35,33
DA:36,33
DA:37,33
DA:38,33
DA:39,33
DA:40,33
DA:41,33
DA:42,33
DA:43,33
DA:44,33
DA:45,33
DA:48,2
DA:50,51
DA:54,14
DA:55,14
DA:56,14
DA:58,14
DA:59,14
DA:61,14
DA:62,7
DA:63,7
DA:68,3
DA:69,3
DA:70,3
DA:71,3
DA:72,3
DA:76,7
DA:77,7
DA:78,7
DA:79,7
DA:80,7
DA:81,7
DA:82,7
DA:83,7
DA:84,7
DA:85,7
DA:87,7
DA:88,7
DA:89,7
DA:90,7
DA:91,7
DA:92,7
DA:93,7
DA:95,7
DA:96,7
DA:97,7
DA:98,7
DA:99,7
DA:100,7
DA:102,7
DA:104,7
DA:105,7
DA:106,7
DA:107,7
DA:108,7
DA:109,7
DA:113,15
DA:114,15
DA:115,15
DA:116,15
DA:117,15
DA:118,15
DA:120,15
DA:122,15
DA:123,11
DA:124,11
DA:125,11
DA:126,11
DA:127,11
DA:128,11
DA:130,4
DA:131,4
DA:132,4
DA:133,4
DA:134,4
DA:135,4
DA:137,4
DA:138,4
DA:143,6
DA:144,6
DA:145,6
DA:147,6
DA:148,6
DA:149,6
DA:150,6
DA:151,6
DA:155,10
DA:156,10
DA:157,4
DA:158,3
DA:159,3
DA:160,3
DA:161,3
DA:162,3
DA:163,3
DA:169,13
DA:170,1
DA:171,1
DA:172,1
DA:173,1
DA:176,13
DA:180,4
DA:181,4
DA:182,4
DA:184,4
DA:185,4
DA:186,4
DA:188,4
DA:189,1
DA:190,1
DA:191,1
DA:197,3
DA:198,3
DA:199,3
DA:201,3
DA:202,3
DA:203,3
DA:204,3
DA:208,3
DA:209,3
DA:210,3
DA:212,3
DA:213,3
DA:214,3
DA:215,3
DA:216,3
DA:220,5
DA:221,5
DA:223,5
DA:224,4
DA:225,4
DA:226,4
DA:227,3
DA:229,3
DA:230,1
DA:232,2
DA:233,2
DA:234,2
DA:235,2
DA:236,1
DA:239,0
DA:240,0
DA:241,0
DA:242,0
DA:248,1
DA:249,1
DA:251,1
DA:252,0
DA:253,0
DA:254,0
DA:255,0
DA:258,1
DA:259,0
DA:260,0
DA:261,0
DA:267,1
DA:268,0
DA:269,0
DA:270,0
DA:273,0
DA:275,0
DA:276,0
DA:277,0
DA:278,0
DA:279,0
DA:280,0
DA:282,0
DA:287,1
DA:288,1
DA:289,1
DA:293,1
DA:294,0
DA:295,0
DA:296,0
DA:298,1
DA:299,1
DA:300,1
DA:301,1
DA:302,1
DA:303,1
DA:304,1
DA:305,1
DA:308,1
DA:310,1
DA:311,1
DA:312,1
DA:313,1
DA:314,1
DA:316,1
DA:317,1
DA:321,4
DA:322,4
DA:323,4
DA:324,3
DA:325,2
LF:215
LH:190
BRDA:30,0,0,7
BRDA:30,0,1,26
BRDA:31,1,0,12
BRDA:31,1,1,21
BRDA:32,2,0,19
BRDA:32,2,1,14
BRDA:33,3,0,10
BRDA:33,3,1,23
BRDA:34,4,0,16
BRDA:34,4,1,17
BRDA:35,5,0,0
BRDA:35,5,1,33
BRDA:36,6,0,0
BRDA:36,6,1,33
BRDA:37,7,0,0
BRDA:37,7,1,33
BRDA:38,8,0,0
BRDA:38,8,1,33
BRDA:39,9,0,0
BRDA:39,9,1,33
BRDA:40,10,0,4
BRDA:40,10,1,29
BRDA:41,11,0,4
BRDA:41,11,1,29
BRDA:42,12,0,4
BRDA:42,12,1,29
BRDA:43,13,0,5
BRDA:43,13,1,28
BRDA:44,14,0,8
BRDA:44,14,1,25
BRDA:45,15,0,6
BRDA:45,15,1,27
BRDA:53,16,0,12
BRDA:54,17,0,14
BRDA:54,17,1,9
BRDA:55,18,0,14
BRDA:55,18,1,9
BRDA:56,19,0,14
BRDA:56,19,1,9
BRDA:63,20,0,2
BRDA:63,20,1,5
BRDA:68,21,0,3
BRDA:68,21,1,0
BRDA:69,22,0,3
BRDA:69,22,1,0
BRDA:76,23,0,7
BRDA:76,23,1,0
BRDA:77,24,0,7
BRDA:77,24,1,0
BRDA:78,25,0,7
BRDA:78,25,1,0
BRDA:79,26,0,7
BRDA:79,26,1,0
BRDA:80,27,0,7
BRDA:80,27,1,0
BRDA:81,28,0,7
BRDA:81,28,1,0
BRDA:82,29,0,7
BRDA:82,29,1,0
BRDA:83,30,0,7
BRDA:83,30,1,0
BRDA:84,31,0,7
BRDA:84,31,1,0
BRDA:85,32,0,7
BRDA:85,32,1,0
BRDA:113,33,0,15
BRDA:113,33,1,0
BRDA:114,34,0,15
BRDA:114,34,1,0
BRDA:115,35,0,15
BRDA:115,35,1,0
BRDA:116,36,0,15
BRDA:116,36,1,0
BRDA:117,37,0,15
BRDA:117,37,1,0
BRDA:118,38,0,15
BRDA:118,38,1,0
BRDA:122,39,0,11
BRDA:122,39,1,4
BRDA:136,40,0,0
BRDA:136,40,1,4
BRDA:143,41,0,6
BRDA:143,41,1,0
BRDA:144,42,0,6
BRDA:144,42,1,0
BRDA:145,43,0,6
BRDA:145,43,1,0
BRDA:157,44,0,3
BRDA:157,44,1,1
BRDA:160,45,0,3
BRDA:160,45,1,0
BRDA:170,46,0,1
BRDA:170,46,1,0
BRDA:172,47,0,1
BRDA:172,47,1,0
BRDA:180,48,0,4
BRDA:180,48,1,0
BRDA:181,49,0,4
BRDA:181,49,1,0
BRDA:182,50,0,4
BRDA:182,50,1,0
BRDA:188,51,0,1
BRDA:188,51,1,3
BRDA:197,52,0,3
BRDA:197,52,1,0
BRDA:198,53,0,3
BRDA:198,53,1,0
BRDA:199,54,0,3
BRDA:199,54,1,0
BRDA:204,55,0,1
BRDA:204,55,1,2
BRDA:208,56,0,3
BRDA:208,56,1,0
BRDA:209,57,0,3
BRDA:209,57,1,0
BRDA:210,58,0,3
BRDA:210,58,1,0
BRDA:216,59,0,1
BRDA:216,59,1,2
BRDA:220,60,0,5
BRDA:220,60,1,0
BRDA:221,61,0,5
BRDA:221,61,1,0
BRDA:223,62,0,1
BRDA:223,62,1,4
BRDA:226,63,0,1
BRDA:226,63,1,3
BRDA:226,64,0,4
BRDA:226,64,1,4
BRDA:229,65,0,1
BRDA:229,65,1,2
BRDA:232,66,0,2
BRDA:232,66,1,0
BRDA:236,67,0,1
BRDA:236,67,1,0
BRDA:242,68,0,0
BRDA:242,68,1,0
BRDA:248,69,0,1
BRDA:248,69,1,0
BRDA:251,70,0,0
BRDA:251,70,1,1
BRDA:252,71,0,0
BRDA:252,71,1,0
BRDA:258,72,0,0
BRDA:258,72,1,1
BRDA:267,73,0,1
BRDA:267,73,1,0
BRDA:268,74,0,0
BRDA:268,74,1,0
BRDA:269,75,0,0
BRDA:269,75,1,0
BRDA:270,76,0,0
BRDA:270,76,1,0
BRDA:273,77,0,0
BRDA:273,77,1,0
BRDA:280,78,0,0
BRDA:280,78,1,0
BRDA:287,79,0,1
BRDA:287,79,1,0
BRDA:288,80,0,1
BRDA:288,80,1,0
BRDA:289,81,0,1
BRDA:289,81,1,0
BRDA:293,82,0,0
BRDA:293,82,1,1
BRDA:323,83,0,1
BRDA:323,83,1,3
BRDA:325,84,0,1
BRDA:325,84,1,1
BRF:169
BRH:104
end_of_record
TN:
SF:src\Components\Blog.jsx
FN:6,Blog
FN:9,(anonymous_1)
FN:13,(anonymous_2)
FN:18,(anonymous_3)
FN:28,(anonymous_4)
FN:32,(anonymous_5)
FN:53,(anonymous_6)
FNF:7
FNH:7
FNDA:6,Blog
FNDA:7,(anonymous_1)
FNDA:1,(anonymous_2)
FNDA:12,(anonymous_3)
FNDA:7,(anonymous_4)
FNDA:1,(anonymous_5)
FNDA:1,(anonymous_6)
DA:7,6
DA:9,6
DA:10,7
DA:13,6
DA:14,1
DA:15,1
DA:18,6
DA:19,12
DA:20,12
DA:22,12
DA:25,6
DA:29,7
DA:32,1
DA:54,1
DA:55,1
LF:15
LH:15
BRDA:6,0,0,0
BRDA:6,1,0,0
BRDA:19,2,0,12
BRDA:19,2,1,4
BRDA:20,3,0,12
BRDA:20,3,1,3
BRDA:22,4,0,12
BRDA:22,4,1,10
BRDA:27,5,0,5
BRDA:27,5,1,1
BRF:10
BRH:8
end_of_record
TN:
SF:src\Components\IntroPost.jsx
FN:6,IntroPost
FN:9,(anonymous_1)
FN:18,(anonymous_2)
FN:25,(anonymous_3)
FN:30,(anonymous_4)
FN:34,(anonymous_5)
FN:53,(anonymous_6)
FNF:7
FNH:7
FNDA:7,IntroPost
FNDA:7,(anonymous_1)
FNDA:1,(anonymous_2)
FNDA:12,(anonymous_3)
FNDA:7,(anonymous_4)
FNDA:1,(anonymous_5)
FNDA:1,(anonymous_6)
DA:7,7
DA:9,7
DA:10,7
DA:11,7
DA:13,1
DA:14,1
DA:18,7
DA:19,1
DA:20,1
DA:23,7
DA:25,12
DA:27,7
DA:31,7
DA:34,1
DA:54,1
DA:55,1
LF:16
LH:16
BRDA:6,0,0,0
BRDA:23,1,0,1
BRDA:23,1,1,6
BRDA:29,2,0,6
BRDA:29,2,1,1
BRF:5
BRH:4
end_of_record
TN:
SF:src\Components\Search.jsx
FN:6,Search
FN:16,(anonymous_1)
FN:22,(anonymous_2)
FN:34,(anonymous_3)
FN:37,(anonymous_4)
FNF:5
FNH:4
FNDA:3,Search
FNDA:5,(anonymous_1)
FNDA:0,(anonymous_2)
FNDA:12,(anonymous_3)
FNDA:1,(anonymous_4)
DA:7,3
DA:9,3
DA:16,5
DA:18,3
DA:22,0
DA:35,12
DA:37,1
LF:7
LH:6
BRDA:39,0,0,3
BRDA:39,0,1,9
BRF:2
BRH:2
end_of_record
TN:
SF:src\Pages\BlogDetail.jsx
FN:6,BlogDetail
FN:11,(anonymous_1)
FN:12,(anonymous_2)
FN:22,(anonymous_3)
FN:33,(anonymous_4)
FN:48,(anonymous_5)
FN:68,(anonymous_6)
FN:84,(anonymous_7)
FN:92,(anonymous_8)
FN:102,(anonymous_9)
FNF:10
FNH:7
FNDA:5,BlogDetail
FNDA:3,(anonymous_1)
FNDA:3,(anonymous_2)
FNDA:2,(anonymous_3)
FNDA:0,(anonymous_4)
FNDA:0,(anonymous_5)
FNDA:0,(anonymous_6)
FNDA:2,(anonymous_7)
FNDA:2,(anonymous_8)
FNDA:2,(anonymous_9)
DA:7,5
DA:8,5
DA:9,5
DA:11,5
DA:12,3
DA:14,3
DA:15,2
DA:17,1
DA:18,1
DA:22,5
DA:23,2
DA:24,2
DA:29,0
DA:33,5
DA:34,0
DA:35,0
DA:38,5
DA:39,3
DA:46,2
DA:48,0
DA:68,0
DA:85,2
DA:93,2
DA:103,2
LF:24
LH:19
BRDA:14,0,0,2
BRDA:14,0,1,1
BRDA:38,1,0,3
BRDA:38,1,1,2
BRF:4
BRH:4
end_of_record
TN:
SF:src\Pages\IntroDetail.jsx
FN:6,IntroDetail
FN:11,(anonymous_1)
FN:12,(anonymous_2)
FN:21,(anonymous_3)
FN:26,(anonymous_4)
FN:41,(anonymous_5)
FN:61,(anonymous_6)
FN:79,(anonymous_7)
FN:95,(anonymous_8)
FN:103,(anonymous_9)
FN:113,(anonymous_10)
FNF:11
FNH:8
FNDA:5,IntroDetail
FNDA:3,(anonymous_1)
FNDA:3,(anonymous_2)
FNDA:0,(anonymous_3)
FNDA:2,(anonymous_4)
FNDA:0,(anonymous_5)
FNDA:0,(anonymous_6)
FNDA:4,(anonymous_7)
FNDA:2,(anonymous_8)
FNDA:2,(anonymous_9)
FNDA:2,(anonymous_10)
DA:7,5
DA:8,5
DA:9,5
DA:11,5
DA:12,3
DA:13,3
DA:14,2
DA:16,1
DA:17,1
DA:21,5
DA:22,0
DA:23,0
DA:26,5
DA:27,2
DA:28,2
DA:33,0
DA:37,5
DA:39,2
DA:41,0
DA:61,0
DA:80,4
DA:96,2
DA:104,2
DA:114,2
LF:24
LH:19
BRDA:13,0,0,2
BRDA:13,0,1,1
BRDA:37,1,0,3
BRDA:37,1,1,2
BRF:4
BRH:4
end_of_record
TN:
SF:src\Pages\MateriPembelajaran.jsx
FN:7,MateriPembelajaran
FN:13,(anonymous_1)
FNF:2
FNH:1
FNDA:3,MateriPembelajaran
FNDA:0,(anonymous_1)
DA:8,3
DA:10,3
DA:11,3
DA:13,3
DA:14,0
DA:18,3
LF:6
LH:5
BRDA:10,0,0,3
BRDA:10,0,1,0
BRDA:11,1,0,3
BRDA:11,1,1,3
BRDA:29,2,0,3
BRDA:29,2,1,1
BRF:6
BRH:5
end_of_record
TN:
SF:src\quiz\end-screen.jsx
FN:7,EndStat
FN:24,(anonymous_1)
FN:52,EndScreen
FN:118,(anonymous_3)
FNF:4
FNH:3
FNDA:54,EndStat
FNDA:18,(anonymous_1)
FNDA:18,EndScreen
FNDA:0,(anonymous_3)
DA:8,54
DA:24,2
DA:25,18
DA:26,1
DA:31,17
DA:32,1
DA:37,16
DA:38,1
DA:44,15
DA:63,18
DA:64,18
DA:65,18
DA:67,18
DA:118,0
LF:14
LH:13
BRDA:25,0,0,1
BRDA:25,0,1,17
BRDA:31,1,0,1
BRDA:31,1,1,16
BRDA:37,2,0,1
BRDA:37,2,1,15
BRDA:64,3,0,18
BRDA:64,3,1,0
BRDA:74,4,0,2
BRDA:74,4,1,16
BRDA:110,5,0,18
BRDA:110,5,1,2
BRF:12
BRH:11
end_of_record
TN:
SF:src\quiz\game.jsx
FN:11,Game
FN:19,(anonymous_1)
FN:51,(anonymous_2)
FN:60,(anonymous_3)
FN:62,(anonymous_4)
FN:67,(anonymous_5)
FN:74,(anonymous_6)
FN:76,(anonymous_7)
FN:84,(anonymous_8)
FN:90,(anonymous_9)
FN:132,(anonymous_10)
FNF:11
FNH:9
FNDA:14,Game
FNDA:4,(anonymous_1)
FNDA:0,(anonymous_2)
FNDA:4,(anonymous_3)
FNDA:2,(anonymous_4)
FNDA:2,(anonymous_5)
FNDA:6,(anonymous_6)
FNDA:3,(anonymous_7)
FNDA:0,(anonymous_8)
FNDA:3,(anonymous_9)
FNDA:6,(anonymous_10)
DA:17,14
DA:19,14
DA:20,4
DA:21,4
DA:24,14
DA:31,14
DA:33,14
DA:34,14
DA:36,14
DA:37,14
DA:39,14
DA:41,14
DA:42,2
DA:43,1
DA:44,1
DA:45,1
DA:49,14
DA:51,14
DA:52,0
DA:60,14
DA:61,4
DA:62,2
DA:67,2
DA:74,14
DA:75,6
DA:76,3
DA:81,3
DA:83,3
DA:84,0
DA:90,3
DA:100,14
DA:101,2
DA:116,12
DA:118,12
DA:120,12
DA:132,14
DA:133,6
DA:134,0
DA:138,14
LF:39
LH:36
BRDA:12,0,0,14
BRDA:13,1,0,14
BRDA:14,2,0,14
BRDA:37,3,0,5
BRDA:37,3,1,9
BRDA:41,4,0,2
BRDA:41,4,1,12
BRDA:42,5,0,1
BRDA:42,5,1,1
BRDA:61,6,0,2
BRDA:61,6,1,2
BRDA:75,7,0,3
BRDA:75,7,1,3
BRDA:83,8,0,0
BRDA:83,8,1,3
BRDA:100,9,0,2
BRDA:100,9,1,12
BRDA:133,10,0,0
BRDA:133,10,1,6
BRDA:133,11,0,6
BRDA:133,11,1,2
BRDA:140,12,0,12
BRDA:140,12,1,2
BRF:23
BRH:21
end_of_record
TN:
SF:src\quiz\home-quiz.jsx
FN:7,(anonymous_0)
FN:19,HomeQuiz
FN:29,(anonymous_2)
FN:30,(anonymous_3)
FN:37,(anonymous_4)
FN:42,(anonymous_5)
FN:52,(anonymous_6)
FN:56,(anonymous_7)
FN:62,(anonymous_8)
FN:66,(anonymous_9)
FN:82,(anonymous_10)
FN:91,(anonymous_11)
FN:126,(anonymous_12)
FN:170,(anonymous_13)
FNF:14
FNH:12
FNDA:31,(anonymous_0)
FNDA:31,HomeQuiz
FNDA:15,(anonymous_2)
FNDA:0,(anonymous_3)
FNDA:15,(anonymous_4)
FNDA:15,(anonymous_5)
FNDA:3,(anonymous_6)
FNDA:1,(anonymous_7)
FNDA:1,(anonymous_8)
FNDA:5,(anonymous_9)
FNDA:0,(anonymous_10)
FNDA:1,(anonymous_11)
FNDA:3,(anonymous_12)
FNDA:1,(anonymous_13)
DA:7,1
DA:8,31
DA:9,1
DA:10,30
DA:11,1
DA:12,29
DA:13,0
DA:15,29
DA:20,31
DA:21,31
DA:22,31
DA:23,31
DA:24,31
DA:25,31
DA:26,31
DA:27,31
DA:29,31
DA:30,15
DA:31,0
DA:32,0
DA:36,15
DA:37,15
DA:38,15
DA:42,31
DA:43,15
DA:45,15
DA:46,4
DA:50,31
DA:52,31
DA:53,3
DA:56,31
DA:57,1
DA:58,1
DA:59,1
DA:62,31
DA:63,1
DA:66,31
DA:67,5
DA:68,2
DA:69,2
DA:71,3
DA:79,31
DA:82,0
DA:91,1
DA:126,3
DA:170,1
LF:46
LH:42
BRDA:8,0,0,1
BRDA:8,0,1,30
BRDA:10,1,0,1
BRDA:10,1,1,29
BRDA:12,2,0,0
BRDA:12,2,1,29
BRDA:31,3,0,0
BRDA:31,3,1,0
BRDA:31,4,0,0
BRDA:31,4,1,0
BRDA:45,5,0,4
BRDA:45,5,1,11
BRDA:67,6,0,2
BRDA:67,6,1,3
BRDA:95,7,0,31
BRDA:95,7,1,1
BRDA:112,8,0,31
BRDA:112,8,1,7
BRDA:147,9,0,31
BRDA:147,9,1,3
BRDA:165,10,0,31
BRDA:165,10,1,2
BRF:22
BRH:17
end_of_record
TN:
SF:src\quiz\quiz-page.jsx
FN:6,QuizPage
FN:12,(anonymous_1)
FN:13,(anonymous_2)
FN:21,(anonymous_3)
FN:24,(anonymous_4)
FN:25,(anonymous_5)
FN:35,(anonymous_6)
FN:43,(anonymous_7)
FN:53,(anonymous_8)
FNF:9
FNH:9
FNDA:21,QuizPage
FNDA:17,(anonymous_1)
FNDA:1,(anonymous_2)
FNDA:17,(anonymous_3)
FNDA:17,(anonymous_4)
FNDA:4,(anonymous_5)
FNDA:17,(anonymous_6)
FNDA:2,(anonymous_7)
FNDA:1,(anonymous_8)
DA:7,21
DA:8,21
DA:9,21
DA:10,21
DA:12,21
DA:13,17
DA:14,1
DA:15,1
DA:16,1
DA:20,17
DA:21,17
DA:24,21
DA:25,17
DA:26,4
DA:27,3
DA:28,3
DA:32,17
DA:33,17
DA:35,17
DA:38,21
DA:43,2
DA:53,1
LF:22
LH:22
BRDA:8,0,0,19
BRDA:8,1,0,19
BRDA:8,2,0,21
BRDA:8,2,1,0
BRDA:14,3,0,1
BRDA:14,3,1,0
BRDA:26,4,0,3
BRDA:26,4,1,1
BRDA:46,5,0,21
BRDA:46,5,1,3
BRF:10
BRH:8
end_of_record
TN:
SF:src\quiz\stats.jsx
FN:12,Stats
FN:17,(anonymous_1)
FN:28,(anonymous_2)
FNF:3
FNH:3
FNDA:19,Stats
FNDA:143,(anonymous_1)
FNDA:143,(anonymous_2)
DA:14,19
DA:15,19
DA:16,19
DA:17,143
DA:18,18
DA:20,1
DA:23,19
DA:29,143
LF:8
LH:8
BRDA:16,0,0,18
BRDA:16,0,1,1
BRDA:31,1,0,19
BRDA:31,1,1,1
BRDA:41,2,0,13
BRDA:41,2,1,6
BRF:6
BRH:6
end_of_record
TN:
SF:src\quiz\trivia-data.js
FN:167,(anonymous_0)
FN:172,(anonymous_1)
FNF:2
FNH:2
FNDA:20,(anonymous_0)
FNDA:60,(anonymous_1)
DA:3,1
DA:167,1
DA:168,20
DA:172,60
LF:4
LH:4
BRF:0
BRH:0
end_of_record
TN:
SF:src\quiz\trivia-item.jsx
FN:16,TriviaItem
FN:27,(anonymous_1)
FN:33,(anonymous_2)
FN:46,(anonymous_3)
FNF:4
FNH:4
FNDA:30,TriviaItem
FNDA:17,(anonymous_1)
FNDA:13,(anonymous_2)
FNDA:100,(anonymous_3)
DA:23,30
DA:24,30
DA:26,30
DA:27,30
DA:29,30
DA:30,30
DA:31,17
DA:33,30
DA:34,13
DA:35,13
DA:36,13
DA:37,13
DA:40,30
DA:47,100
DA:48,100
DA:49,42
DA:50,42
DA:52,42
DA:53,34
DA:54,29
DA:57,100
LF:21
LH:21
BRDA:30,0,0,17
BRDA:30,0,1,13
BRDA:48,1,0,42
BRDA:48,1,1,58
BRDA:52,2,0,8
BRDA:52,2,1,34
BRDA:52,3,0,42
BRDA:52,3,1,13
BRDA:53,4,0,5
BRDA:53,4,1,29
BRDA:53,5,0,34
BRDA:53,5,1,5
BRF:12
BRH:12
end_of_record
TN:
SF:src\quiz\arrays\shuffle.jsx
FN:3,shuffle
FNF:1
FNH:1
FNDA:37,shuffle
DA:4,37
DA:5,37
DA:6,145
DA:7,145
DA:8,145
DA:9,145
DA:11,37
LF:7
LH:7
BRF:0
BRH:0
end_of_record
