TN:
SF:public\AR\Pages\ar-core.js
FN:37,registerOrgan
FN:41,(anonymous_1)
FN:46,(anonymous_2)
FN:47,(anonymous_3)
FN:50,(anonymous_4)
FN:54,showModal
FN:62,(anonymous_6)
FN:70,startAR
FN:76,showModal
FN:84,(anonymous_9)
FN:93,(anonymous_10)
FN:132,initARSession
FN:137,(anonymous_12)
FN:140,(anonymous_13)
FN:143,(anonymous_14)
FN:148,(anonymous_15)
FN:151,(anonymous_16)
FN:154,(anonymous_17)
FN:157,(anonymous_18)
FN:162,(anonymous_19)
FN:163,(anonymous_20)
FN:198,showARUI
FN:204,onSessionEnd
FN:227,(anonymous_23)
FN:232,setMode
FN:240,(anonymous_25)
FN:251,(anonymous_26)
FN:256,(anonymous_27)
FN:266,(anonymous_28)
FN:281,(anonymous_29)
FN:289,(anonymous_30)
FN:298,showInfo
FN:302,(anonymous_32)
FN:307,raycastOrgan
FN:327,doCursorRaycast
FN:345,(anonymous_35)
FN:346,(anonymous_36)
FN:347,(anonymous_37)
FN:353,handleTouch
FN:366,(anonymous_39)
FN:379,highlightOrgan
FN:382,(anonymous_41)
FN:396,clearHighlight
FN:397,(anonymous_43)
FN:408,placeModel
FN:443,(anonymous_45)
FNF:46
FNH:8
FNDA:0,registerOrgan
FNDA:0,(anonymous_1)
FNDA:1,(anonymous_2)
FNDA:0,(anonymous_3)
FNDA:0,(anonymous_4)
FNDA:0,showModal
FNDA:0,(anonymous_6)
FNDA:0,startAR
FNDA:0,showModal
FNDA:0,(anonymous_9)
FNDA:0,(anonymous_10)
FNDA:0,initARSession
FNDA:0,(anonymous_12)
FNDA:0,(anonymous_13)
FNDA:0,(anonymous_14)
FNDA:0,(anonymous_15)
FNDA:0,(anonymous_16)
FNDA:0,(anonymous_17)
FNDA:0,(anonymous_18)
FNDA:0,(anonymous_19)
FNDA:0,(anonymous_20)
FNDA:0,showARUI
FNDA:0,onSessionEnd
FNDA:0,(anonymous_23)
FNDA:2,setMode
FNDA:0,(anonymous_25)
FNDA:0,(anonymous_26)
FNDA:0,(anonymous_27)
FNDA:1,(anonymous_28)
FNDA:0,(anonymous_29)
FNDA:0,(anonymous_30)
FNDA:1,showInfo
FNDA:0,(anonymous_32)
FNDA:0,raycastOrgan
FNDA:0,doCursorRaycast
FNDA:6,(anonymous_35)
FNDA:24,(anonymous_36)
FNDA:0,(anonymous_37)
FNDA:0,handleTouch
FNDA:0,(anonymous_39)
FNDA:1,highlightOrgan
FNDA:0,(anonymous_41)
FNDA:1,clearHighlight
FNDA:0,(anonymous_43)
FNDA:0,placeModel
FNDA:0,(anonymous_45)
DA:3,1
DA:5,1
DA:6,1
DA:7,1
DA:8,1
DA:9,1
DA:10,1
DA:11,1
DA:12,1
DA:13,1
DA:14,1
DA:15,1
DA:16,1
DA:18,1
DA:19,1
DA:20,1
DA:21,1
DA:22,1
DA:23,1
DA:24,1
DA:25,1
DA:26,1
DA:27,1
DA:28,1
DA:29,1
DA:30,1
DA:31,1
DA:32,1
DA:35,1
DA:38,0
DA:39,0
DA:40,0
DA:41,0
DA:42,0
DA:46,1
DA:47,1
DA:50,1
DA:51,0
DA:53,1
DA:55,0
DA:56,0
DA:57,0
DA:59,0
DA:60,0
DA:62,0
DA:63,0
DA:64,0
DA:65,0
DA:71,0
DA:72,0
DA:73,0
DA:77,0
DA:78,0
DA:79,0
DA:81,0
DA:82,0
DA:84,0
DA:85,0
DA:86,0
DA:87,0
DA:91,0
DA:93,0
DA:95,0
DA:96,0
DA:97,0
DA:100,0
DA:107,0
DA:110,0
DA:111,0
DA:113,0
DA:114,0
DA:115,0
DA:116,0
DA:117,0
DA:119,0
DA:120,0
DA:121,0
DA:122,0
DA:123,0
DA:125,0
DA:126,0
DA:127,0
DA:133,0
DA:134,0
DA:135,0
DA:137,0
DA:138,0
DA:141,0
DA:143,0
DA:146,0
DA:149,0
DA:152,0
DA:155,0
DA:157,0
DA:160,0
DA:163,0
DA:164,0
DA:166,0
DA:167,0
DA:168,0
DA:169,0
DA:170,0
DA:171,0
DA:172,0
DA:173,0
DA:174,0
DA:175,0
DA:176,0
DA:177,0
DA:178,0
DA:179,0
DA:180,0
DA:181,0
DA:185,0
DA:186,0
DA:187,0
DA:191,0
DA:199,0
DA:200,0
DA:201,0
DA:205,0
DA:206,0
DA:207,0
DA:208,0
DA:209,0
DA:210,0
DA:211,0
DA:212,0
DA:213,0
DA:214,0
DA:215,0
DA:216,0
DA:217,0
DA:218,0
DA:219,0
DA:220,0
DA:221,0
DA:222,0
DA:223,0
DA:224,0
DA:227,1
DA:228,0
DA:233,2
DA:234,2
DA:235,1
DA:236,1
DA:237,1
DA:238,1
DA:239,1
DA:240,1
DA:242,1
DA:243,1
DA:244,1
DA:245,1
DA:246,1
DA:247,1
DA:250,1
DA:251,1
DA:256,1
DA:257,0
DA:258,0
DA:260,0
DA:261,0
DA:266,1
DA:267,1
DA:268,1
DA:269,1
DA:270,1
DA:271,0
DA:275,0
DA:276,0
DA:281,1
DA:282,0
DA:283,0
DA:284,0
DA:285,0
DA:286,0
DA:289,1
DA:290,0
DA:291,0
DA:292,0
DA:293,0
DA:294,0
DA:299,1
DA:300,1
DA:301,1
DA:302,1
DA:303,1
DA:308,0
DA:309,0
DA:312,0
DA:313,0
DA:314,0
DA:315,0
DA:316,0
DA:317,0
DA:318,0
DA:320,0
DA:324,1
DA:325,1
DA:328,0
DA:329,0
DA:330,0
DA:331,0
DA:332,0
DA:333,0
DA:336,0
DA:337,0
DA:338,0
DA:339,0
DA:345,1
DA:346,6
DA:347,24
DA:351,1
DA:354,0
DA:355,0
DA:356,0
DA:357,0
DA:358,0
DA:360,0
DA:361,0
DA:363,0
DA:364,0
DA:365,0
DA:366,0
DA:367,0
DA:370,0
DA:371,0
DA:372,0
DA:373,0
DA:380,1
DA:382,1
DA:383,0
DA:384,0
DA:385,0
DA:387,0
DA:388,0
DA:389,0
DA:391,0
DA:397,1
DA:398,0
DA:399,0
DA:400,0
DA:401,0
DA:404,1
DA:411,0
DA:412,0
DA:413,0
DA:414,0
DA:416,0
DA:417,0
DA:418,0
DA:419,0
DA:420,0
DA:421,0
DA:422,0
DA:423,0
DA:424,0
DA:425,0
DA:429,0
DA:430,0
DA:431,0
DA:433,0
DA:434,0
DA:435,0
DA:436,0
DA:440,0
DA:442,0
DA:443,0
DA:446,1
DA:447,1
DA:448,1
LF:272
LH:76
BRDA:40,0,0,0
BRDA:40,0,1,0
BRDA:42,1,0,0
BRDA:42,1,1,0
BRDA:54,2,0,0
BRDA:64,3,0,0
BRDA:64,3,1,0
BRDA:71,4,0,0
BRDA:71,4,1,0
BRDA:76,5,0,0
BRDA:86,6,0,0
BRDA:86,6,1,0
BRDA:95,7,0,0
BRDA:95,7,1,0
BRDA:111,8,0,0
BRDA:111,8,1,0
BRDA:113,9,0,0
BRDA:113,9,1,0
BRDA:135,10,0,0
BRDA:135,10,1,0
BRDA:164,11,0,0
BRDA:164,11,1,0
BRDA:164,12,0,0
BRDA:164,12,1,0
BRDA:164,12,2,0
BRDA:166,13,0,0
BRDA:166,13,1,0
BRDA:166,14,0,0
BRDA:166,14,1,0
BRDA:166,14,2,0
BRDA:168,15,0,0
BRDA:168,15,1,0
BRDA:170,16,0,0
BRDA:170,16,1,0
BRDA:186,17,0,0
BRDA:186,17,1,0
BRDA:191,18,0,0
BRDA:191,18,1,0
BRDA:228,19,0,0
BRDA:228,19,1,0
BRDA:234,20,0,1
BRDA:234,20,1,1
BRDA:249,21,0,0
BRDA:249,21,1,1
BRDA:258,22,0,0
BRDA:258,22,1,0
BRDA:270,23,0,0
BRDA:270,23,1,1
BRDA:285,24,0,0
BRDA:285,24,1,0
BRDA:294,25,0,0
BRDA:294,25,1,0
BRDA:308,26,0,0
BRDA:308,26,1,0
BRDA:309,27,0,0
BRDA:309,27,1,0
BRDA:312,28,0,0
BRDA:312,28,1,0
BRDA:318,29,0,0
BRDA:318,29,1,0
BRDA:329,30,0,0
BRDA:329,30,1,0
BRDA:330,31,0,0
BRDA:330,31,1,0
BRDA:336,32,0,0
BRDA:336,32,1,0
BRDA:354,33,0,0
BRDA:354,33,1,0
BRDA:357,34,0,0
BRDA:357,34,1,0
BRDA:357,35,0,0
BRDA:357,35,1,0
BRDA:360,36,0,0
BRDA:360,36,1,0
BRDA:363,37,0,0
BRDA:363,37,1,0
BRDA:367,38,0,0
BRDA:367,38,1,0
BRDA:373,39,0,0
BRDA:373,39,1,0
BRDA:383,40,0,0
BRDA:383,40,1,0
BRDA:398,41,0,0
BRDA:398,41,1,0
BRDA:400,42,0,0
BRDA:400,42,1,0
BRDA:411,43,0,0
BRDA:411,43,1,0
BRDA:446,44,0,1
BRDA:446,44,1,0
BRF:90
BRH:5
end_of_record
TN:
SF:public\AR\Pages\ar-core.module.js
FN:30,_setState
FN:51,initDOM
FN:56,showModal
FN:64,(anonymous_3)
FN:71,showARUI
FN:79,onSessionEnd
FN:117,setMode
FN:133,(anonymous_7)
FN:143,(anonymous_8)
FN:148,showInfo
FN:156,(anonymous_10)
FN:161,highlightOrgan
FN:163,(anonymous_12)
FN:175,clearHighlight
FN:176,(anonymous_14)
FN:187,onScaleInput
FN:204,onRotInput
FN:215,onResetRot
FN:228,handleTouch
FN:244,(anonymous_19)
FN:257,doCursorRaycast
FN:277,raycastOrgan
FN:297,placeModel
FN:328,(anonymous_23)
FN:332,registerOrgan
FN:336,(anonymous_25)
FNF:26
FNH:25
FNDA:33,_setState
FNDA:51,initDOM
FNDA:14,showModal
FNDA:7,(anonymous_3)
FNDA:3,showARUI
FNDA:7,onSessionEnd
FNDA:15,setMode
FNDA:1,(anonymous_7)
FNDA:1,(anonymous_8)
FNDA:6,showInfo
FNDA:1,(anonymous_10)
FNDA:10,highlightOrgan
FNDA:4,(anonymous_12)
FNDA:13,clearHighlight
FNDA:1,(anonymous_14)
FNDA:4,onScaleInput
FNDA:3,onRotInput
FNDA:3,onResetRot
FNDA:5,handleTouch
FNDA:1,(anonymous_19)
FNDA:1,doCursorRaycast
FNDA:1,raycastOrgan
FNDA:1,placeModel
FNDA:0,(anonymous_23)
FNDA:4,registerOrgan
FNDA:2,(anonymous_25)
DA:13,2
DA:14,2
DA:15,2
DA:16,2
DA:17,2
DA:18,2
DA:19,2
DA:20,2
DA:21,2
DA:22,2
DA:23,2
DA:24,2
DA:25,2
DA:26,2
DA:27,2
DA:31,33
DA:32,33
DA:33,33
DA:34,33
DA:35,33
DA:36,33
DA:37,33
DA:38,33
DA:39,33
DA:40,33
DA:41,33
DA:42,33
DA:43,33
DA:44,33
DA:45,33
DA:46,33
DA:50,2
DA:52,51
DA:57,14
DA:58,14
DA:59,14
DA:61,14
DA:62,14
DA:64,14
DA:65,7
DA:66,7
DA:72,3
DA:73,3
DA:74,3
DA:75,3
DA:76,3
DA:80,7
DA:81,7
DA:82,7
DA:83,7
DA:84,7
DA:85,7
DA:86,7
DA:87,7
DA:88,7
DA:89,7
DA:91,7
DA:92,7
DA:93,7
DA:94,7
DA:95,7
DA:96,7
DA:97,7
DA:99,7
DA:100,7
DA:101,7
DA:102,7
DA:103,7
DA:104,7
DA:106,7
DA:108,7
DA:109,7
DA:110,7
DA:111,7
DA:112,7
DA:113,7
DA:118,15
DA:119,15
DA:120,15
DA:121,15
DA:122,15
DA:123,15
DA:125,15
DA:127,15
DA:128,11
DA:129,11
DA:130,11
DA:131,11
DA:132,11
DA:133,11
DA:135,4
DA:136,4
DA:137,4
DA:138,4
DA:139,4
DA:140,4
DA:142,4
DA:143,4
DA:149,6
DA:150,6
DA:151,6
DA:153,6
DA:154,6
DA:155,6
DA:156,6
DA:157,6
DA:162,10
DA:163,10
DA:164,4
DA:165,3
DA:166,3
DA:167,3
DA:168,3
DA:169,3
DA:170,3
DA:176,13
DA:177,1
DA:178,1
DA:179,1
DA:180,1
DA:183,13
DA:188,4
DA:189,4
DA:190,4
DA:192,4
DA:193,4
DA:194,4
DA:196,4
DA:197,1
DA:198,1
DA:199,1
DA:205,3
DA:206,3
DA:207,3
DA:209,3
DA:210,3
DA:211,3
DA:212,3
DA:216,3
DA:217,3
DA:218,3
DA:220,3
DA:221,3
DA:222,3
DA:223,3
DA:224,3
DA:229,5
DA:230,5
DA:232,5
DA:233,4
DA:234,4
DA:235,4
DA:236,3
DA:238,3
DA:239,1
DA:241,2
DA:242,2
DA:243,2
DA:244,2
DA:245,1
DA:248,0
DA:249,0
DA:250,0
DA:251,0
DA:258,1
DA:259,1
DA:261,1
DA:262,0
DA:263,0
DA:264,0
DA:265,0
DA:268,1
DA:269,0
DA:270,0
DA:271,0
DA:278,1
DA:279,0
DA:280,0
DA:281,0
DA:284,0
DA:286,0
DA:287,0
DA:288,0
DA:289,0
DA:290,0
DA:291,0
DA:293,0
DA:298,1
DA:299,1
DA:300,1
DA:304,1
DA:305,0
DA:306,0
DA:307,0
DA:309,1
DA:310,1
DA:311,1
DA:312,1
DA:313,1
DA:314,1
DA:315,1
DA:316,1
DA:319,1
DA:321,1
DA:322,1
DA:323,1
DA:324,1
DA:325,1
DA:327,1
DA:328,1
DA:333,4
DA:334,4
DA:335,4
DA:336,3
DA:337,2
LF:215
LH:190
BRDA:31,0,0,7
BRDA:31,0,1,26
BRDA:32,1,0,12
BRDA:32,1,1,21
BRDA:33,2,0,19
BRDA:33,2,1,14
BRDA:34,3,0,10
BRDA:34,3,1,23
BRDA:35,4,0,16
BRDA:35,4,1,17
BRDA:36,5,0,0
BRDA:36,5,1,33
BRDA:37,6,0,0
BRDA:37,6,1,33
BRDA:38,7,0,0
BRDA:38,7,1,33
BRDA:39,8,0,0
BRDA:39,8,1,33
BRDA:40,9,0,0
BRDA:40,9,1,33
BRDA:41,10,0,4
BRDA:41,10,1,29
BRDA:42,11,0,4
BRDA:42,11,1,29
BRDA:43,12,0,4
BRDA:43,12,1,29
BRDA:44,13,0,5
BRDA:44,13,1,28
BRDA:45,14,0,8
BRDA:45,14,1,25
BRDA:46,15,0,6
BRDA:46,15,1,27
BRDA:56,16,0,12
BRDA:57,17,0,14
BRDA:57,17,1,9
BRDA:58,18,0,14
BRDA:58,18,1,9
BRDA:59,19,0,14
BRDA:59,19,1,9
BRDA:66,20,0,2
BRDA:66,20,1,5
BRDA:72,21,0,3
BRDA:72,21,1,0
BRDA:73,22,0,3
BRDA:73,22,1,0
BRDA:80,23,0,7
BRDA:80,23,1,0
BRDA:81,24,0,7
BRDA:81,24,1,0
BRDA:82,25,0,7
BRDA:82,25,1,0
BRDA:83,26,0,7
BRDA:83,26,1,0
BRDA:84,27,0,7
BRDA:84,27,1,0
BRDA:85,28,0,7
BRDA:85,28,1,0
BRDA:86,29,0,7
BRDA:86,29,1,0
BRDA:87,30,0,7
BRDA:87,30,1,0
BRDA:88,31,0,7
BRDA:88,31,1,0
BRDA:89,32,0,7
BRDA:89,32,1,0
BRDA:118,33,0,15
BRDA:118,33,1,0
BRDA:119,34,0,15
BRDA:119,34,1,0
BRDA:120,35,0,15
BRDA:120,35,1,0
BRDA:121,36,0,15
BRDA:121,36,1,0
BRDA:122,37,0,15
BRDA:122,37,1,0
BRDA:123,38,0,15
BRDA:123,38,1,0
BRDA:127,39,0,11
BRDA:127,39,1,4
BRDA:141,40,0,0
BRDA:141,40,1,4
BRDA:149,41,0,6
BRDA:149,41,1,0
BRDA:150,42,0,6
BRDA:150,42,1,0
BRDA:151,43,0,6
BRDA:151,43,1,0
BRDA:164,44,0,3
BRDA:164,44,1,1
BRDA:167,45,0,3
BRDA:167,45,1,0
BRDA:177,46,0,1
BRDA:177,46,1,0
BRDA:179,47,0,1
BRDA:179,47,1,0
BRDA:188,48,0,4
BRDA:188,48,1,0
BRDA:189,49,0,4
BRDA:189,49,1,0
BRDA:190,50,0,4
BRDA:190,50,1,0
BRDA:196,51,0,1
BRDA:196,51,1,3
BRDA:205,52,0,3
BRDA:205,52,1,0
BRDA:206,53,0,3
BRDA:206,53,1,0
BRDA:207,54,0,3
BRDA:207,54,1,0
BRDA:212,55,0,1
BRDA:212,55,1,2
BRDA:216,56,0,3
BRDA:216,56,1,0
BRDA:217,57,0,3
BRDA:217,57,1,0
BRDA:218,58,0,3
BRDA:218,58,1,0
BRDA:224,59,0,1
BRDA:224,59,1,2
BRDA:229,60,0,5
BRDA:229,60,1,0
BRDA:230,61,0,5
BRDA:230,61,1,0
BRDA:232,62,0,1
BRDA:232,62,1,4
BRDA:235,63,0,1
BRDA:235,63,1,3
BRDA:235,64,0,4
BRDA:235,64,1,4
BRDA:238,65,0,1
BRDA:238,65,1,2
BRDA:241,66,0,2
BRDA:241,66,1,0
BRDA:245,67,0,1
BRDA:245,67,1,0
BRDA:251,68,0,0
BRDA:251,68,1,0
BRDA:258,69,0,1
BRDA:258,69,1,0
BRDA:261,70,0,0
BRDA:261,70,1,1
BRDA:262,71,0,0
BRDA:262,71,1,0
BRDA:268,72,0,0
BRDA:268,72,1,1
BRDA:278,73,0,1
BRDA:278,73,1,0
BRDA:279,74,0,0
BRDA:279,74,1,0
BRDA:280,75,0,0
BRDA:280,75,1,0
BRDA:281,76,0,0
BRDA:281,76,1,0
BRDA:284,77,0,0
BRDA:284,77,1,0
BRDA:291,78,0,0
BRDA:291,78,1,0
BRDA:298,79,0,1
BRDA:298,79,1,0
BRDA:299,80,0,1
BRDA:299,80,1,0
BRDA:300,81,0,1
BRDA:300,81,1,0
BRDA:304,82,0,0
BRDA:304,82,1,1
BRDA:335,83,0,1
BRDA:335,83,1,3
BRDA:337,84,0,1
BRDA:337,84,1,1
BRF:169
BRH:104
end_of_record
TN:
SF:src\Components\Blog.jsx
FN:6,Blog
FN:9,(anonymous_1)
FN:13,(anonymous_2)
FN:17,(anonymous_3)
FN:27,(anonymous_4)
FN:31,(anonymous_5)
FN:52,(anonymous_6)
FNF:7
FNH:4
FNDA:3,Blog
FNDA:3,(anonymous_1)
FNDA:0,(anonymous_2)
FNDA:6,(anonymous_3)
FNDA:3,(anonymous_4)
FNDA:0,(anonymous_5)
FNDA:0,(anonymous_6)
DA:7,3
DA:9,3
DA:10,3
DA:13,3
DA:14,0
DA:17,3
DA:18,6
DA:19,6
DA:21,6
DA:24,3
DA:28,3
DA:31,0
DA:53,0
DA:54,0
LF:14
LH:10
BRDA:6,0,0,0
BRDA:6,1,0,0
BRDA:18,2,0,6
BRDA:18,2,1,2
BRDA:19,3,0,6
BRDA:19,3,1,2
BRDA:21,4,0,6
BRDA:21,4,1,5
BRDA:26,5,0,2
BRDA:26,5,1,1
BRF:10
BRH:8
end_of_record
TN:
SF:src\Components\IntroPost.jsx
FN:6,IntroPost
FN:9,(anonymous_1)
FN:18,(anonymous_2)
FN:24,(anonymous_3)
FN:29,(anonymous_4)
FN:33,(anonymous_5)
FN:52,(anonymous_6)
FNF:7
FNH:5
FNDA:3,IntroPost
FNDA:3,(anonymous_1)
FNDA:0,(anonymous_2)
FNDA:6,(anonymous_3)
FNDA:3,(anonymous_4)
FNDA:1,(anonymous_5)
FNDA:0,(anonymous_6)
DA:7,3
DA:9,3
DA:10,3
DA:11,3
DA:13,0
DA:14,0
DA:18,3
DA:19,0
DA:22,3
DA:24,6
DA:26,3
DA:30,3
DA:33,1
DA:53,0
DA:54,0
LF:15
LH:10
BRDA:6,0,0,0
BRDA:22,1,0,0
BRDA:22,1,1,3
BRDA:28,2,0,3
BRDA:28,2,1,0
BRF:5
BRH:2
end_of_record
TN:
SF:src\Components\Search.jsx
FN:6,Search
FN:16,(anonymous_1)
FN:22,(anonymous_2)
FN:34,(anonymous_3)
FN:37,(anonymous_4)
FNF:5
FNH:4
FNDA:3,Search
FNDA:5,(anonymous_1)
FNDA:0,(anonymous_2)
FNDA:12,(anonymous_3)
FNDA:1,(anonymous_4)
DA:7,3
DA:9,3
DA:16,5
DA:18,3
DA:22,0
DA:35,12
DA:37,1
LF:7
LH:6
BRDA:39,0,0,3
BRDA:39,0,1,9
BRF:2
BRH:2
end_of_record
TN:
SF:src\Pages\BlogDetail.jsx
FN:6,BlogDetail
FN:11,(anonymous_1)
FN:12,(anonymous_2)
FN:22,(anonymous_3)
FN:33,(anonymous_4)
FN:47,(anonymous_5)
FN:67,(anonymous_6)
FN:85,(anonymous_7)
FN:93,(anonymous_8)
FN:103,(anonymous_9)
FNF:10
FNH:7
FNDA:5,BlogDetail
FNDA:3,(anonymous_1)
FNDA:3,(anonymous_2)
FNDA:2,(anonymous_3)
FNDA:0,(anonymous_4)
FNDA:0,(anonymous_5)
FNDA:0,(anonymous_6)
FNDA:2,(anonymous_7)
FNDA:2,(anonymous_8)
FNDA:2,(anonymous_9)
DA:7,5
DA:8,5
DA:9,5
DA:11,5
DA:12,3
DA:14,3
DA:15,2
DA:17,1
DA:18,1
DA:22,5
DA:23,2
DA:24,2
DA:29,0
DA:33,5
DA:34,0
DA:37,5
DA:38,3
DA:45,2
DA:47,0
DA:68,0
DA:86,2
DA:94,2
DA:104,2
LF:23
LH:19
BRDA:14,0,0,2
BRDA:14,0,1,1
BRDA:37,1,0,3
BRDA:37,1,1,2
BRF:4
BRH:4
end_of_record
TN:
SF:src\Pages\IntroDetail.jsx
FN:6,IntroDetail
FN:11,(anonymous_1)
FN:12,(anonymous_2)
FN:21,(anonymous_3)
FN:36,(anonymous_4)
FN:56,(anonymous_5)
FN:76,(anonymous_6)
FN:92,(anonymous_7)
FN:100,(anonymous_8)
FN:110,(anonymous_9)
FNF:10
FNH:8
FNDA:5,IntroDetail
FNDA:3,(anonymous_1)
FNDA:3,(anonymous_2)
FNDA:2,(anonymous_3)
FNDA:0,(anonymous_4)
FNDA:0,(anonymous_5)
FNDA:4,(anonymous_6)
FNDA:2,(anonymous_7)
FNDA:2,(anonymous_8)
FNDA:2,(anonymous_9)
DA:7,5
DA:8,5
DA:9,5
DA:11,5
DA:12,3
DA:13,3
DA:14,2
DA:16,1
DA:17,1
DA:21,5
DA:22,2
DA:23,2
DA:28,0
DA:32,5
DA:34,2
DA:36,0
DA:57,0
DA:77,4
DA:93,2
DA:101,2
DA:111,2
LF:21
LH:18
BRDA:13,0,0,2
BRDA:13,0,1,1
BRDA:32,1,0,3
BRDA:32,1,1,2
BRF:4
BRH:4
end_of_record
TN:
SF:src\Pages\MateriPembelajaran.jsx
FN:7,MateriPembelajaran
FN:13,(anonymous_1)
FNF:2
FNH:1
FNDA:3,MateriPembelajaran
FNDA:0,(anonymous_1)
DA:8,3
DA:10,3
DA:11,3
DA:13,3
DA:14,0
DA:18,3
LF:6
LH:5
BRDA:10,0,0,3
BRDA:10,0,1,0
BRDA:11,1,0,3
BRDA:11,1,1,3
BRDA:29,2,0,3
BRDA:29,2,1,1
BRF:6
BRH:5
end_of_record
TN:
SF:src\quiz\end-screen.jsx
FN:7,EndStat
FN:24,(anonymous_1)
FN:52,EndScreen
FN:118,(anonymous_3)
FNF:4
FNH:3
FNDA:54,EndStat
FNDA:18,(anonymous_1)
FNDA:18,EndScreen
FNDA:0,(anonymous_3)
DA:8,54
DA:24,2
DA:25,18
DA:26,1
DA:31,17
DA:32,1
DA:37,16
DA:38,1
DA:44,15
DA:63,18
DA:64,18
DA:65,18
DA:67,18
DA:118,0
LF:14
LH:13
BRDA:25,0,0,1
BRDA:25,0,1,17
BRDA:31,1,0,1
BRDA:31,1,1,16
BRDA:37,2,0,1
BRDA:37,2,1,15
BRDA:64,3,0,18
BRDA:64,3,1,0
BRDA:74,4,0,2
BRDA:74,4,1,16
BRDA:110,5,0,18
BRDA:110,5,1,2
BRF:12
BRH:11
end_of_record
TN:
SF:src\quiz\game.jsx
FN:11,Game
FN:19,(anonymous_1)
FN:51,(anonymous_2)
FN:60,(anonymous_3)
FN:62,(anonymous_4)
FN:67,(anonymous_5)
FN:74,(anonymous_6)
FN:76,(anonymous_7)
FN:84,(anonymous_8)
FN:90,(anonymous_9)
FN:132,(anonymous_10)
FNF:11
FNH:9
FNDA:14,Game
FNDA:4,(anonymous_1)
FNDA:0,(anonymous_2)
FNDA:4,(anonymous_3)
FNDA:2,(anonymous_4)
FNDA:2,(anonymous_5)
FNDA:6,(anonymous_6)
FNDA:3,(anonymous_7)
FNDA:0,(anonymous_8)
FNDA:3,(anonymous_9)
FNDA:6,(anonymous_10)
DA:17,14
DA:19,14
DA:20,4
DA:21,4
DA:24,14
DA:31,14
DA:33,14
DA:34,14
DA:36,14
DA:37,14
DA:39,14
DA:41,14
DA:42,2
DA:43,1
DA:44,1
DA:45,1
DA:49,14
DA:51,14
DA:52,0
DA:60,14
DA:61,4
DA:62,2
DA:67,2
DA:74,14
DA:75,6
DA:76,3
DA:81,3
DA:83,3
DA:84,0
DA:90,3
DA:100,14
DA:101,2
DA:116,12
DA:118,12
DA:120,12
DA:132,14
DA:133,6
DA:134,0
DA:138,14
LF:39
LH:36
BRDA:12,0,0,14
BRDA:13,1,0,14
BRDA:14,2,0,14
BRDA:37,3,0,5
BRDA:37,3,1,9
BRDA:41,4,0,2
BRDA:41,4,1,12
BRDA:42,5,0,1
BRDA:42,5,1,1
BRDA:61,6,0,2
BRDA:61,6,1,2
BRDA:75,7,0,3
BRDA:75,7,1,3
BRDA:83,8,0,0
BRDA:83,8,1,3
BRDA:100,9,0,2
BRDA:100,9,1,12
BRDA:133,10,0,0
BRDA:133,10,1,6
BRDA:133,11,0,6
BRDA:133,11,1,2
BRDA:140,12,0,12
BRDA:140,12,1,2
BRF:23
BRH:21
end_of_record
TN:
SF:src\quiz\home-quiz.jsx
FN:7,(anonymous_0)
FN:19,HomeQuiz
FN:29,(anonymous_2)
FN:30,(anonymous_3)
FN:37,(anonymous_4)
FN:42,(anonymous_5)
FN:52,(anonymous_6)
FN:56,(anonymous_7)
FN:62,(anonymous_8)
FN:66,(anonymous_9)
FN:82,(anonymous_10)
FN:91,(anonymous_11)
FN:126,(anonymous_12)
FN:170,(anonymous_13)
FNF:14
FNH:12
FNDA:31,(anonymous_0)
FNDA:31,HomeQuiz
FNDA:15,(anonymous_2)
FNDA:0,(anonymous_3)
FNDA:15,(anonymous_4)
FNDA:15,(anonymous_5)
FNDA:3,(anonymous_6)
FNDA:1,(anonymous_7)
FNDA:1,(anonymous_8)
FNDA:5,(anonymous_9)
FNDA:0,(anonymous_10)
FNDA:1,(anonymous_11)
FNDA:3,(anonymous_12)
FNDA:1,(anonymous_13)
DA:7,1
DA:8,31
DA:9,1
DA:10,30
DA:11,1
DA:12,29
DA:13,0
DA:15,29
DA:20,31
DA:21,31
DA:22,31
DA:23,31
DA:24,31
DA:25,31
DA:26,31
DA:27,31
DA:29,31
DA:30,15
DA:31,0
DA:32,0
DA:36,15
DA:37,15
DA:38,15
DA:42,31
DA:43,15
DA:45,15
DA:46,4
DA:50,31
DA:52,31
DA:53,3
DA:56,31
DA:57,1
DA:58,1
DA:59,1
DA:62,31
DA:63,1
DA:66,31
DA:67,5
DA:68,2
DA:69,2
DA:71,3
DA:79,31
DA:82,0
DA:91,1
DA:126,3
DA:170,1
LF:46
LH:42
BRDA:8,0,0,1
BRDA:8,0,1,30
BRDA:10,1,0,1
BRDA:10,1,1,29
BRDA:12,2,0,0
BRDA:12,2,1,29
BRDA:31,3,0,0
BRDA:31,3,1,0
BRDA:31,4,0,0
BRDA:31,4,1,0
BRDA:45,5,0,4
BRDA:45,5,1,11
BRDA:67,6,0,2
BRDA:67,6,1,3
BRDA:95,7,0,31
BRDA:95,7,1,1
BRDA:112,8,0,31
BRDA:112,8,1,7
BRDA:147,9,0,31
BRDA:147,9,1,3
BRDA:165,10,0,31
BRDA:165,10,1,2
BRF:22
BRH:17
end_of_record
TN:
SF:src\quiz\quiz-page.jsx
FN:6,QuizPage
FN:12,(anonymous_1)
FN:13,(anonymous_2)
FN:21,(anonymous_3)
FN:24,(anonymous_4)
FN:25,(anonymous_5)
FN:35,(anonymous_6)
FN:43,(anonymous_7)
FN:53,(anonymous_8)
FNF:9
FNH:6
FNDA:9,QuizPage
FNDA:9,(anonymous_1)
FNDA:0,(anonymous_2)
FNDA:9,(anonymous_3)
FNDA:9,(anonymous_4)
FNDA:0,(anonymous_5)
FNDA:9,(anonymous_6)
FNDA:1,(anonymous_7)
FNDA:0,(anonymous_8)
DA:7,9
DA:8,9
DA:9,9
DA:10,9
DA:12,9
DA:13,9
DA:14,0
DA:15,0
DA:16,0
DA:20,9
DA:21,9
DA:24,9
DA:25,9
DA:26,0
DA:27,0
DA:28,0
DA:32,9
DA:33,9
DA:35,9
DA:38,9
DA:43,1
DA:53,0
LF:22
LH:15
BRDA:8,0,0,2
BRDA:8,1,0,2
BRDA:8,2,0,9
BRDA:8,2,1,0
BRDA:14,3,0,0
BRDA:14,3,1,0
BRDA:26,4,0,0
BRDA:26,4,1,0
BRDA:46,5,0,9
BRDA:46,5,1,0
BRF:10
BRH:4
end_of_record
TN:
SF:src\quiz\stats.jsx
FN:12,Stats
FN:17,(anonymous_1)
FN:28,(anonymous_2)
FNF:3
FNH:3
FNDA:19,Stats
FNDA:143,(anonymous_1)
FNDA:143,(anonymous_2)
DA:14,19
DA:15,19
DA:16,19
DA:17,143
DA:18,18
DA:20,1
DA:23,19
DA:29,143
LF:8
LH:8
BRDA:16,0,0,18
BRDA:16,0,1,1
BRDA:31,1,0,19
BRDA:31,1,1,1
BRDA:41,2,0,13
BRDA:41,2,1,6
BRF:6
BRH:6
end_of_record
TN:
SF:src\quiz\trivia-data.js
FN:167,(anonymous_0)
FN:172,(anonymous_1)
FNF:2
FNH:2
FNDA:20,(anonymous_0)
FNDA:60,(anonymous_1)
DA:3,1
DA:167,1
DA:168,20
DA:172,60
LF:4
LH:4
BRF:0
BRH:0
end_of_record
TN:
SF:src\quiz\trivia-item.jsx
FN:16,TriviaItem
FN:27,(anonymous_1)
FN:33,(anonymous_2)
FN:46,(anonymous_3)
FNF:4
FNH:4
FNDA:30,TriviaItem
FNDA:17,(anonymous_1)
FNDA:13,(anonymous_2)
FNDA:100,(anonymous_3)
DA:23,30
DA:24,30
DA:26,30
DA:27,30
DA:29,30
DA:30,30
DA:31,17
DA:33,30
DA:34,13
DA:35,13
DA:36,13
DA:37,13
DA:40,30
DA:47,100
DA:48,100
DA:49,42
DA:50,42
DA:52,42
DA:53,34
DA:54,29
DA:57,100
LF:21
LH:21
BRDA:30,0,0,17
BRDA:30,0,1,13
BRDA:48,1,0,42
BRDA:48,1,1,58
BRDA:52,2,0,8
BRDA:52,2,1,34
BRDA:52,3,0,42
BRDA:52,3,1,13
BRDA:53,4,0,5
BRDA:53,4,1,29
BRDA:53,5,0,34
BRDA:53,5,1,5
BRF:12
BRH:12
end_of_record
TN:
SF:src\quiz\arrays\shuffle.jsx
FN:3,shuffle
FNF:1
FNH:1
FNDA:37,shuffle
DA:4,37
DA:5,37
DA:6,145
DA:7,145
DA:8,145
DA:9,145
DA:11,37
LF:7
LH:7
BRF:0
BRH:0
end_of_record
